#
# A fatal error has been detected by the Java Runtime Environment:
#
#  EXCEPTION_ACCESS_VIOLATION (0xc0000005) at pc=0x000000006a214c27, pid=8980, tid=0x0000000000002b40
#
# JRE version: Java(TM) SE Runtime Environment (8.0_151-b12) (build 1.8.0_151-b12)
# Java VM: Java HotSpot(TM) 64-Bit Server VM (25.151-b12 mixed mode windows-amd64 compressed oops)
# Problematic frame:
# C  [nvoglv64.DLL+0xe34c27]
#
# Failed to write core dump. Minidumps are not enabled by default on client versions of Windows
#
# If you would like to submit a bug report, please visit:
#   http://bugreport.java.com/bugreport/crash.jsp
# The crash happened outside the Java Virtual Machine in native code.
# See problematic frame for where to report the bug.
#

---------------  T H R E A D  ---------------

Current thread (0x000000001d9d1000):  JavaThread "Thread-0" [_thread_in_native, id=11072, stack(0x000000001fae0000,0x000000001fbe0000)]

siginfo: ExceptionCode=0xc0000005, reading address 0x0000000000000000

Registers:
RAX=0x00000000231f299c, RBX=0x0000000022261868, RCX=0x0000000000000120, RDX=0xffffffffdce0d664
RSP=0x000000001fbdf078, RBP=0x0000000000000004, RSI=0x0000000000000000, RDI=0x00000000231f299c
R8 =0x0000000000000012, R9 =0x0000000000000012, R10=0x0000000000000000, R11=0x00000000231f299c
R12=0x0000000000000000, R13=0x00000000693e0000, R14=0x0000000000000002, R15=0x00000000222615a8
RIP=0x000000006a214c27, EFLAGS=0x0000000000010207

Top of Stack: (sp=0x000000001fbdf078)
0x000000001fbdf078:   0000000069d42c8a fffffffe00000000
0x000000001fbdf088:   0000000000000000 0000000000000000
0x000000001fbdf098:   0000000069bd451b 000000001d9d1000
0x000000001fbdf0a8:   0000000000000012 0000000000000000
0x000000001fbdf0b8:   000000000009810b 00000000222615a8
0x000000001fbdf0c8:   0000000069d43a72 0000000022260080
0x000000001fbdf0d8:   0000000000000004 0000000000000000
0x000000001fbdf0e8:   0000000070bdc984 000000001d9d1000
0x000000001fbdf0f8:   000000001fbdf1c8 000000001c578c70
0x000000001fbdf108:   0000000000000000 0000000002a9835d
0x000000001fbdf118:   0000000002aa7f74 000000001c578c78
0x000000001fbdf128:   000000001fbdf198 0000000000000010
0x000000001fbdf138:   0000000002aa84a0 0000000000000012
0x000000001fbdf148:   000000001d9d1000 000000001fbdf288
0x000000001fbdf158:   000000001fbdf158 0000000000000000
0x000000001fbdf168:   000000001fbdf1c8 000000001c59f2c8 

Instructions: (pc=0x000000006a214c27)
0x000000006a214c07:   0f ba 25 55 56 61 01 01 0f 83 ab 01 00 00 49 8b
0x000000006a214c17:   c3 4c 8b df 48 8b f9 49 8b c8 4c 8b c6 49 8b f2
0x000000006a214c27:   f3 a4 49 8b f0 49 8b fb c3 0f 10 02 41 0f 10 4c
0x000000006a214c37:   10 f0 0f 11 01 41 0f 11 4c 08 f0 48 8b c1 c3 66 


Register to memory mapping:

RAX=0x00000000231f299c is an unknown value
RBX=0x0000000022261868 is an unknown value
RCX=0x0000000000000120 is an unknown value
RDX=0xffffffffdce0d664 is an unknown value
RSP=0x000000001fbdf078 is pointing into the stack for thread: 0x000000001d9d1000
RBP=0x0000000000000004 is an unknown value
RSI=0x0000000000000000 is an unknown value
RDI=0x00000000231f299c is an unknown value
R8 =0x0000000000000012 is an unknown value
R9 =0x0000000000000012 is an unknown value
R10=0x0000000000000000 is an unknown value
R11=0x00000000231f299c is an unknown value
R12=0x0000000000000000 is an unknown value
R13=0x00000000693e0000 is an unknown value
R14=0x0000000000000002 is an unknown value
R15=0x00000000222615a8 is an unknown value


Stack: [0x000000001fae0000,0x000000001fbe0000],  sp=0x000000001fbdf078,  free space=1020k
Native frames: (J=compiled Java code, j=interpreted, Vv=VM code, C=native code)
C  [nvoglv64.DLL+0xe34c27]
C  [nvoglv64.DLL+0x962c8a]
C  [nvoglv64.DLL+0x963a72]
C  0x0000000002aa7f74

Java frames: (J=compiled Java code, j=interpreted, Vv=VM code)
j  org.lwjgl.opengl.GL11.glDrawArrays(III)V+0
j  engine.renderer.TextureRendererV2.render(Lengine/graphic/Texture;Lengine/graphic/Texture;Lglm/vec/_2/Vec2;Lglm/vec/_2/Vec2;FLglm/vec/_4/Vec4;Lglm/vec/_4/Vec4;Lglm/vec/_2/Vec2;Lglm/vec/_2/Vec2;)V+374
j  engine.entity.RenderSystem.renderv2()V+125
j  engine.entity.RenderSystem.render()V+1
j  engine.entity.SystemManager.render()V+22
j  gameStates.Game.render()V+249
j  gameStates.GSM.render()V+4
j  engine.engine.Engine.render()V+7
j  engine.engine.Engine.run()V+32
j  java.lang.Thread.run()V+11
v  ~StubRoutines::call_stub

---------------  P R O C E S S  ---------------

Java Threads: ( => current thread )
  0x00000000203c7000 JavaThread "AWT-Windows" daemon [_thread_in_native, id=9552, stack(0x000000002f270000,0x000000002f370000)]
  0x00000000201e2800 JavaThread "AWT-Shutdown" [_thread_blocked, id=11156, stack(0x000000002f0a0000,0x000000002f1a0000)]
  0x00000000201c0800 JavaThread "Java2D Disposer" daemon [_thread_blocked, id=10344, stack(0x0000000029420000,0x0000000029520000)]
  0x000000000239f000 JavaThread "DestroyJavaVM" [_thread_blocked, id=10872, stack(0x00000000026c0000,0x00000000027c0000)]
=>0x000000001d9d1000 JavaThread "Thread-0" [_thread_in_native, id=11072, stack(0x000000001fae0000,0x000000001fbe0000)]
  0x000000001d8c5000 JavaThread "Service Thread" daemon [_thread_blocked, id=2972, stack(0x000000001f760000,0x000000001f860000)]
  0x000000001d843800 JavaThread "C1 CompilerThread3" daemon [_thread_blocked, id=10072, stack(0x000000001f5e0000,0x000000001f6e0000)]
  0x000000001d841800 JavaThread "C2 CompilerThread2" daemon [_thread_blocked, id=11024, stack(0x000000001f450000,0x000000001f550000)]
  0x000000001d83a800 JavaThread "C2 CompilerThread1" daemon [_thread_blocked, id=9424, stack(0x000000001f230000,0x000000001f330000)]
  0x000000001d833000 JavaThread "C2 CompilerThread0" daemon [_thread_blocked, id=10956, stack(0x000000001efe0000,0x000000001f0e0000)]
  0x000000001d832000 JavaThread "Attach Listener" daemon [_thread_blocked, id=1996, stack(0x000000001ee30000,0x000000001ef30000)]
  0x000000001d831000 JavaThread "Signal Dispatcher" daemon [_thread_blocked, id=6104, stack(0x000000001ed30000,0x000000001ee30000)]
  0x000000001c9a2800 JavaThread "Finalizer" daemon [_thread_blocked, id=10856, stack(0x000000001eb10000,0x000000001ec10000)]
  0x000000001c99b800 JavaThread "Reference Handler" daemon [_thread_blocked, id=11148, stack(0x000000001e900000,0x000000001ea00000)]

Other Threads:
  0x000000001d7e3000 VMThread [stack: 0x000000001e7f0000,0x000000001e8f0000] [id=11088]
  0x000000001d880800 WatcherThread [stack: 0x000000001f920000,0x000000001fa20000] [id=5544]

VM state:not at safepoint (normal execution)

VM Mutex/Monitor currently owned by a thread: None

Heap:
 PSYoungGen      total 76288K, used 49709K [0x000000076b200000, 0x0000000770700000, 0x00000007c0000000)
  eden space 65536K, 59% used [0x000000076b200000,0x000000076d8104a0,0x000000076f200000)
  from space 10752K, 99% used [0x000000076f200000,0x000000076fc7b0a0,0x000000076fc80000)
  to   space 10752K, 0% used [0x000000076fc80000,0x000000076fc80000,0x0000000770700000)
 ParOldGen       total 175104K, used 21707K [0x00000006c1600000, 0x00000006cc100000, 0x000000076b200000)
  object space 175104K, 12% used [0x00000006c1600000,0x00000006c2b32f00,0x00000006cc100000)
 Metaspace       used 16154K, capacity 16435K, committed 16640K, reserved 1064960K
  class space    used 1376K, capacity 1462K, committed 1536K, reserved 1048576K

Card table byte_map: [0x0000000011e50000,0x0000000012650000] byte_map_base: 0x000000000e845000

Marking Bits: (ParMarkBitMap*) 0x00000000712cd850
 Begin Bits: [0x0000000013860000, 0x0000000017808000)
 End Bits:   [0x0000000017808000, 0x000000001b7b0000)

Polling page: 0x0000000000120000

CodeCache: size=245760Kb used=4619Kb max_used=4631Kb free=241140Kb
 bounds [0x0000000002a90000, 0x0000000002f20000, 0x0000000011a90000]
 total_blobs=2325 nmethods=1274 adapters=964
 compilation: enabled

Compilation events (10 events):
Event: 2.162 Thread 0x000000001d841800 nmethod 1268 0x0000000002f0a010 code [0x0000000002f0a280, 0x0000000002f0adb0]
Event: 2.188 Thread 0x000000001d843800 1270 %     3       engine.logic.Chunk::generateTerrain @ 72 (813 bytes)
Event: 2.190 Thread 0x000000001d843800 nmethod 1270% 0x0000000002f0ba50 code [0x0000000002f0bf20, 0x0000000002f0e8c8]
Event: 2.190 Thread 0x000000001d843800 1271       3       engine.logic.Chunk::generateTerrain (813 bytes)
Event: 2.190 Thread 0x000000001d833000 1272       4       engine.noise.FastNoise::ValCoord2D (33 bytes)
Event: 2.190 Thread 0x000000001d833000 nmethod 1272 0x0000000002f06310 code [0x0000000002f06460, 0x0000000002f064d8]
Event: 2.191 Thread 0x000000001d843800 nmethod 1271 0x0000000002f114d0 code [0x0000000002f11980, 0x0000000002f13f08]
Event: 2.197 Thread 0x000000001d83a800 1273 %     4       engine.logic.Chunk::generateTerrain @ 72 (813 bytes)
Event: 2.208 Thread 0x000000001d841800 1274       4       sun.nio.cs.SingleByte$Encoder::encode (32 bytes)
Event: 2.209 Thread 0x000000001d841800 nmethod 1274 0x0000000002f03210 code [0x0000000002f03360, 0x0000000002f03478]

GC Heap History (2 events):
Event: 1.845 GC heap before
{Heap before GC invocations=1 (full 0):
 PSYoungGen      total 76288K, used 65536K [0x000000076b200000, 0x0000000770700000, 0x00000007c0000000)
  eden space 65536K, 100% used [0x000000076b200000,0x000000076f200000,0x000000076f200000)
  from space 10752K, 0% used [0x000000076fc80000,0x000000076fc80000,0x0000000770700000)
  to   space 10752K, 0% used [0x000000076f200000,0x000000076f200000,0x000000076fc80000)
 ParOldGen       total 175104K, used 0K [0x00000006c1600000, 0x00000006cc100000, 0x000000076b200000)
  object space 175104K, 0% used [0x00000006c1600000,0x00000006c1600000,0x00000006cc100000)
 Metaspace       used 13401K, capacity 13683K, committed 13952K, reserved 1062912K
  class space    used 1232K, capacity 1334K, committed 1408K, reserved 1048576K
Event: 1.855 GC heap after
Heap after GC invocations=1 (full 0):
 PSYoungGen      total 76288K, used 10732K [0x000000076b200000, 0x0000000770700000, 0x00000007c0000000)
  eden space 65536K, 0% used [0x000000076b200000,0x000000076b200000,0x000000076f200000)
  from space 10752K, 99% used [0x000000076f200000,0x000000076fc7b0a0,0x000000076fc80000)
  to   space 10752K, 0% used [0x000000076fc80000,0x000000076fc80000,0x0000000770700000)
 ParOldGen       total 175104K, used 21707K [0x00000006c1600000, 0x00000006cc100000, 0x000000076b200000)
  object space 175104K, 12% used [0x00000006c1600000,0x00000006c2b32f00,0x00000006cc100000)
 Metaspace       used 13401K, capacity 13683K, committed 13952K, reserved 1062912K
  class space    used 1232K, capacity 1334K, committed 1408K, reserved 1048576K
}

Deoptimization events (6 events):
Event: 0.866 Thread 0x000000001d9d1000 Uncommon trap: reason=unstable_if action=reinterpret pc=0x0000000002c2d3dc method=java.lang.String.indexOf([CII[CIII)I @ 3
Event: 1.882 Thread 0x000000001d9d1000 Uncommon trap: reason=class_check action=maybe_recompile pc=0x0000000002db3a98 method=java.awt.image.BufferedImage.getRGB(IIII[III)[I @ 202
Event: 1.882 Thread 0x000000001d9d1000 Uncommon trap: reason=class_check action=maybe_recompile pc=0x0000000002db3a98 method=java.awt.image.BufferedImage.getRGB(IIII[III)[I @ 202
Event: 1.883 Thread 0x000000001d9d1000 Uncommon trap: reason=class_check action=maybe_recompile pc=0x0000000002db3a98 method=java.awt.image.BufferedImage.getRGB(IIII[III)[I @ 202
Event: 1.883 Thread 0x000000001d9d1000 Uncommon trap: reason=class_check action=maybe_recompile pc=0x0000000002db3a98 method=java.awt.image.BufferedImage.getRGB(IIII[III)[I @ 202
Event: 1.997 Thread 0x000000001d9d1000 Uncommon trap: reason=unloaded action=reinterpret pc=0x0000000002ea363c method=engine.ui.Font.createFontTexture(Ljava/awt/Font;Z)Lengine/graphic/Texture; @ 441

Internal exceptions (10 events):
Event: 0.101 Thread 0x000000001d9d1000 Exception <a 'java/lang/NoSuchFieldError': method resolution failed> (0x000000076b6fa838) thrown at [C:\re\workspace\8-2-build-windows-amd64-cygwin\jdk8u151\9699\hotspot\src\share\vm\prims\methodHandles.cpp, line 1146]
Event: 0.103 Thread 0x000000001d9d1000 Exception <a 'java/lang/NoSuchFieldError': method resolution failed> (0x000000076b707cc8) thrown at [C:\re\workspace\8-2-build-windows-amd64-cygwin\jdk8u151\9699\hotspot\src\share\vm\prims\methodHandles.cpp, line 1146]
Event: 0.133 Thread 0x000000001d9d1000 Exception <a 'java/security/PrivilegedActionException'> (0x000000076b84eb78) thrown at [C:\re\workspace\8-2-build-windows-amd64-cygwin\jdk8u151\9699\hotspot\src\share\vm\prims\jvm.cpp, line 1390]
Event: 0.133 Thread 0x000000001d9d1000 Exception <a 'java/security/PrivilegedActionException'> (0x000000076b84ed88) thrown at [C:\re\workspace\8-2-build-windows-amd64-cygwin\jdk8u151\9699\hotspot\src\share\vm\prims\jvm.cpp, line 1390]
Event: 0.133 Thread 0x000000001d9d1000 Exception <a 'java/security/PrivilegedActionException'> (0x000000076b852c98) thrown at [C:\re\workspace\8-2-build-windows-amd64-cygwin\jdk8u151\9699\hotspot\src\share\vm\prims\jvm.cpp, line 1390]
Event: 0.133 Thread 0x000000001d9d1000 Exception <a 'java/security/PrivilegedActionException'> (0x000000076b852ea8) thrown at [C:\re\workspace\8-2-build-windows-amd64-cygwin\jdk8u151\9699\hotspot\src\share\vm\prims\jvm.cpp, line 1390]
Event: 0.591 Thread 0x000000001d9d1000 Exception <a 'sun/nio/fs/WindowsException'> (0x000000076b9f6e90) thrown at [C:\re\workspace\8-2-build-windows-amd64-cygwin\jdk8u151\9699\hotspot\src\share\vm\prims\jni.cpp, line 709]
Event: 0.591 Thread 0x000000001d9d1000 Exception <a 'sun/nio/fs/WindowsException'> (0x000000076b9f7660) thrown at [C:\re\workspace\8-2-build-windows-amd64-cygwin\jdk8u151\9699\hotspot\src\share\vm\prims\jni.cpp, line 709]
Event: 0.858 Thread 0x000000001d9d1000 Exception <a 'java/io/FileNotFoundException'> (0x000000076c3508c8) thrown at [C:\re\workspace\8-2-build-windows-amd64-cygwin\jdk8u151\9699\hotspot\src\share\vm\prims\jni.cpp, line 709]
Event: 1.659 Thread 0x000000001d9d1000 Exception <a 'java/io/FileNotFoundException'> (0x000000076d4a51f0) thrown at [C:\re\workspace\8-2-build-windows-amd64-cygwin\jdk8u151\9699\hotspot\src\share\vm\prims\jni.cpp, line 709]

Events (10 events):
Event: 2.146 loading class engine/noise/FastNoise$NoiseType
Event: 2.146 loading class engine/noise/FastNoise$NoiseType done
Event: 2.146 loading class engine/noise/FastNoise$FractalType
Event: 2.146 loading class engine/noise/FastNoise$FractalType done
Event: 2.146 loading class engine/noise/FastNoise$CellularDistanceFunction
Event: 2.146 loading class engine/noise/FastNoise$CellularDistanceFunction done
Event: 2.146 loading class engine/noise/FastNoise$CellularReturnType
Event: 2.146 loading class engine/noise/FastNoise$CellularReturnType done
Event: 2.146 loading class engine/utilities/Color
Event: 2.146 loading class engine/utilities/Color done


Dynamic libraries:
0x000000013f620000 - 0x000000013f657000 	C:\Program Files\Java\jdk1.8.0_151\bin\javaw.exe
0x0000000077c40000 - 0x0000000077dea000 	C:\Windows\SYSTEM32\ntdll.dll
0x0000000077a20000 - 0x0000000077b3f000 	C:\Windows\system32\kernel32.dll
0x000007fefdd10000 - 0x000007fefdd7a000 	C:\Windows\system32\KERNELBASE.dll
0x000007fefe8e0000 - 0x000007fefe9bb000 	C:\Windows\system32\ADVAPI32.dll
0x000007feffa90000 - 0x000007feffb2f000 	C:\Windows\system32\msvcrt.dll
0x000007feffa70000 - 0x000007feffa8f000 	C:\Windows\SYSTEM32\sechost.dll
0x000007feffe20000 - 0x000007fefff4d000 	C:\Windows\system32\RPCRT4.dll
0x0000000077b40000 - 0x0000000077c3a000 	C:\Windows\system32\USER32.dll
0x000007fefe740000 - 0x000007fefe7a7000 	C:\Windows\system32\GDI32.dll
0x000007fefdf50000 - 0x000007fefdf5e000 	C:\Windows\system32\LPK.dll
0x000007fefdf60000 - 0x000007fefe02a000 	C:\Windows\system32\USP10.dll
0x000007fefbef0000 - 0x000007fefc0e4000 	C:\Windows\WinSxS\amd64_microsoft.windows.common-controls_6595b64144ccf1df_6.0.7601.18837_none_fa3b1e3d17594757\COMCTL32.dll
0x000007fefea60000 - 0x000007fefead1000 	C:\Windows\system32\SHLWAPI.dll
0x000007feffd10000 - 0x000007feffd3e000 	C:\Windows\system32\IMM32.DLL
0x000007fefe420000 - 0x000007fefe529000 	C:\Windows\system32\MSCTF.dll
0x000000005fe60000 - 0x000000005ff32000 	C:\Program Files\Java\jdk1.8.0_151\jre\bin\msvcr100.dll
0x0000000070ab0000 - 0x000000007134d000 	C:\Program Files\Java\jdk1.8.0_151\jre\bin\server\jvm.dll
0x000007fedcdb0000 - 0x000007fedcdb9000 	C:\Windows\system32\WSOCK32.dll
0x000007feff890000 - 0x000007feff8dd000 	C:\Windows\system32\WS2_32.dll
0x000007fefe110000 - 0x000007fefe118000 	C:\Windows\system32\NSI.dll
0x000007fef9fc0000 - 0x000007fef9ffb000 	C:\Windows\system32\WINMM.dll
0x000007fefd530000 - 0x000007fefd53c000 	C:\Windows\system32\VERSION.dll
0x0000000077e00000 - 0x0000000077e07000 	C:\Windows\system32\PSAPI.DLL
0x0000000063170000 - 0x000000006317f000 	C:\Program Files\Java\jdk1.8.0_151\jre\bin\verify.dll
0x000000005fe30000 - 0x000000005fe59000 	C:\Program Files\Java\jdk1.8.0_151\jre\bin\java.dll
0x000000005fe10000 - 0x000000005fe26000 	C:\Program Files\Java\jdk1.8.0_151\jre\bin\zip.dll
0x000007fefeae0000 - 0x000007feff869000 	C:\Windows\system32\SHELL32.dll
0x000007fefe530000 - 0x000007fefe733000 	C:\Windows\system32\ole32.dll
0x000007fefdb40000 - 0x000007fefdb4f000 	C:\Windows\system32\profapi.dll
0x000000005fdf0000 - 0x000000005fe0a000 	C:\Program Files\Java\jdk1.8.0_151\jre\bin\net.dll
0x000007fefd0b0000 - 0x000007fefd105000 	C:\Windows\system32\mswsock.dll
0x000007fefd0a0000 - 0x000007fefd0a7000 	C:\Windows\System32\wship6.dll
0x000000005fdd0000 - 0x000000005fde1000 	C:\Program Files\Java\jdk1.8.0_151\jre\bin\nio.dll
0x000007fee8d20000 - 0x000007fee8d7b000 	C:\Users\User\AppData\Local\Temp\lwjglUser\3.1.6-build-14\lwjgl.dll
0x000007fefd520000 - 0x000007fefd523000 	C:\Windows\system32\api-ms-win-core-synch-l1-2-0.DLL
0x000007fee3cf0000 - 0x000007fee3d41000 	C:\Users\User\AppData\Local\Temp\lwjglUser\3.1.6-build-14\glfw.dll
0x000007fefbaa0000 - 0x000007fefbaf6000 	C:\Windows\system32\uxtheme.dll
0x000007fed58c0000 - 0x000007fed58fc000 	C:\Windows\system32\dinput8.dll
0x0000000000470000 - 0x000000000048e000 	C:\Windows\system32\xinput1_3.dll
0x000007feffb30000 - 0x000007feffd07000 	C:\Windows\system32\SETUPAPI.dll
0x000007fefdcd0000 - 0x000007fefdd06000 	C:\Windows\system32\CFGMGR32.dll
0x000007feffd40000 - 0x000007feffe1a000 	C:\Windows\system32\OLEAUT32.dll
0x000007fefdef0000 - 0x000007fefdf0a000 	C:\Windows\system32\DEVOBJ.dll
0x000007fefc660000 - 0x000007fefc678000 	C:\Windows\system32\dwmapi.dll
0x000007fefcd20000 - 0x000007fefcd2b000 	C:\Windows\system32\HID.DLL
0x000007fefdf10000 - 0x000007fefdf4b000 	C:\Windows\system32\WINTRUST.dll
0x000007fefdd80000 - 0x000007fefdeed000 	C:\Windows\system32\CRYPT32.dll
0x000007fefdbe0000 - 0x000007fefdbef000 	C:\Windows\system32\MSASN1.dll
0x000007fec48a0000 - 0x000007fec49bd000 	C:\Windows\system32\opengl32.dll
0x000007fed57c0000 - 0x000007fed57ed000 	C:\Windows\system32\GLU32.dll
0x000007fec47a0000 - 0x000007fec4891000 	C:\Windows\system32\DDRAW.dll
0x000007fee8d10000 - 0x000007fee8d18000 	C:\Windows\system32\DCIMAN32.dll
0x00000000693e0000 - 0x000000006b9b0000 	C:\Windows\system32\nvoglv64.DLL
0x000007fefd4d0000 - 0x000007fefd4e1000 	C:\Windows\system32\WTSAPI32.dll
0x000007fefd4f0000 - 0x000007fefd51d000 	C:\Windows\system32\ntmarta.dll
0x000007fefe0b0000 - 0x000007fefe102000 	C:\Windows\system32\WLDAP32.dll
0x000007feeac50000 - 0x000007feeaed8000 	C:\Windows\system32\nvspcap64.dll
0x000007fefd740000 - 0x000007fefd77d000 	C:\Windows\system32\WINSTA.dll
0x000007fefda70000 - 0x000007fefda7f000 	C:\Windows\system32\CRYPTBASE.dll
0x000007fed5860000 - 0x000007fed58bf000 	C:\Users\User\AppData\Local\Temp\lwjglUser\3.1.6-build-14\lwjgl_opengl.dll
0x000007fecdf20000 - 0x000007fece010000 	C:\Users\User\AppData\Local\Temp\lwjglUser\3.1.6-build-14\OpenAL.dll
0x000007fefe9c0000 - 0x000007fefea59000 	C:\Windows\system32\CLBCatQ.DLL
0x000007fefbc30000 - 0x000007fefbc7b000 	C:\Windows\System32\MMDevApi.dll
0x000007fefbb00000 - 0x000007fefbc2c000 	C:\Windows\System32\PROPSYS.dll
0x000007fef70a0000 - 0x000007fef70ef000 	C:\Windows\system32\AUDIOSES.DLL
0x000000005f200000 - 0x000000005f398000 	C:\Program Files\Java\jdk1.8.0_151\jre\bin\awt.dll
0x000007fefd110000 - 0x000007fefd128000 	C:\Windows\system32\CRYPTSP.dll
0x000007fefce10000 - 0x000007fefce57000 	C:\Windows\system32\rsaenh.dll
0x000007fefd5a0000 - 0x000007fefd5be000 	C:\Windows\system32\USERENV.dll
0x000007fefb110000 - 0x000007fefb137000 	C:\Windows\system32\IPHLPAPI.DLL
0x000007fefb0d0000 - 0x000007fefb0db000 	C:\Windows\system32\WINNSI.DLL
0x000007fefae40000 - 0x000007fefae51000 	C:\Windows\system32\dhcpcsvc6.DLL
0x000007fefadc0000 - 0x000007fefadd8000 	C:\Windows\system32\dhcpcsvc.DLL
0x000007fecdea0000 - 0x000007fecdf1e000 	C:\Users\User\AppData\Local\Temp\lwjglUser\3.1.6-build-14\lwjgl_stb.dll
0x000000005f1b0000 - 0x000000005f1f7000 	C:\Program Files\Java\jdk1.8.0_151\jre\bin\fontmanager.dll
0x000007fefa600000 - 0x000007fefa7ff000 	C:\Windows\system32\d3d9.dll
0x000007fefa5f0000 - 0x000007fefa5f7000 	C:\Windows\system32\d3d8thk.dll
0x000007fec6860000 - 0x000007fec7c11000 	C:\Windows\system32\nvd3dumx.dll
0x000007fefbc80000 - 0x000007fefbcac000 	C:\Windows\system32\powrprof.dll
0x000007fee43f0000 - 0x000007fee44b3000 	C:\Program Files (x86)\NVIDIA Corporation\3D Vision\nvSCPAPI64.dll
0x000007feff870000 - 0x000007feff889000 	C:\Windows\system32\imagehlp.dll
0x000007fefd290000 - 0x000007fefd2e0000 	C:\Windows\system32\ncrypt.dll
0x000007fefd260000 - 0x000007fefd282000 	C:\Windows\system32\bcrypt.dll
0x000007fefcd50000 - 0x000007fefcd9c000 	C:\Windows\system32\bcryptprimitives.dll
0x000007fefd580000 - 0x000007fefd59b000 	C:\Windows\system32\GPAPI.dll
0x000007fef9750000 - 0x000007fef9777000 	C:\Windows\system32\cryptnet.dll
0x000000005f160000 - 0x000000005f1a2000 	C:\Program Files\Java\jdk1.8.0_151\jre\bin\t2k.dll
0x000000005a810000 - 0x000000005a8b2000 	C:\Program Files\Java\jdk1.8.0_151\jre\bin\mlib_image.dll
0x000007fef44b0000 - 0x000007fef45d5000 	C:\Windows\system32\dbghelp.dll

VM Arguments:
jvm_args: -Dfile.encoding=Cp1252 
java_command: game.Main
java_class_path (initial): C:\Program Files\Java\jdk1.8.0_151\jre\lib\resources.jar;C:\Program Files\Java\jdk1.8.0_151\jre\lib\rt.jar;C:\Program Files\Java\jdk1.8.0_151\jre\lib\jsse.jar;C:\Program Files\Java\jdk1.8.0_151\jre\lib\jce.jar;C:\Program Files\Java\jdk1.8.0_151\jre\lib\charsets.jar;C:\Program Files\Java\jdk1.8.0_151\jre\lib\jfr.jar;C:\Program Files\Java\jdk1.8.0_151\jre\lib\ext\access-bridge-64.jar;C:\Program Files\Java\jdk1.8.0_151\jre\lib\ext\cldrdata.jar;C:\Program Files\Java\jdk1.8.0_151\jre\lib\ext\dnsns.jar;C:\Program Files\Java\jdk1.8.0_151\jre\lib\ext\jaccess.jar;C:\Program Files\Java\jdk1.8.0_151\jre\lib\ext\jfxrt.jar;C:\Program Files\Java\jdk1.8.0_151\jre\lib\ext\localedata.jar;C:\Program Files\Java\jdk1.8.0_151\jre\lib\ext\nashorn.jar;C:\Program Files\Java\jdk1.8.0_151\jre\lib\ext\sunec.jar;C:\Program Files\Java\jdk1.8.0_151\jre\lib\ext\sunjce_provider.jar;C:\Program Files\Java\jdk1.8.0_151\jre\lib\ext\sunmscapi.jar;C:\Program Files\Java\jdk1.8.0_151\jre\lib\ext\sunpkcs11.jar;C:\Program Files\Java\jdk1.8.0_151\jre\lib\ext\zipfs.jar;C:\Users\User\Dropbox\Engine\bin;C:\Users\User\Dropbox\Engine\lib\glm_modified to serialaze\glm-1.0.1.jar;C:\Users\User\Dropbox\Engine\lib\jafama\jafama.jar;C:\Users\User\Dropbox\Engine\lib\jbox2d-library\target\jbox2d-library-2.3.1-SNAPSHOT.jar;C:\Users\User\Dropbox\Engine\lib\lwjgl\lwjgl.jar;C:\Users\User\Dropbox\Engine\lib\lwjgl\lwjgl-glfw.jar;C:\Users\User\Dropbox\Engine\lib\lwjgl\lwjgl-openal.jar;C:\Users\User\Dropbox\Engine\lib\lwjgl\lwjgl-opengl.jar;C:\Users\User\Dropbox\Engine\lib\lwjgl\lwjgl-glfw-natives-windows.jar;C:\Users\User\Dropbox\Engine\lib\lwjgl\lwjgl-openal-natives-windows.jar;C:\Users\User\Dropbox\Engine\lib\lwjgl\lwjgl-opengl-natives-windows.jar;C:\Users\User\Dropbox\Engine\lib\lwjgl\lwjgl-natives-windows.jar;C:\Users\User\Dropbox\Engine\lib\lwjgl\lwjgl-stb-natives-windows.jar;C:\Users\User\Dropbox\Engine\lib\lwjgl\lwjgl-stb.jar
Launcher Type: SUN_STANDARD

Environment Variables:
JAVA_HOME=C:\Program Files\Java\jdk1.8.0_151
PATH=C:/Program Files/Java/jre1.8.0_151/bin/server;C:/Program Files/Java/jre1.8.0_151/bin;C:/Program Files/Java/jre1.8.0_151/lib/amd64;;C:\ProgramData\Oracle\Java\javapath;C:\Windows\system32;C:\Windows;C:\Windows\System32\Wbem;C:\Windows\System32\WindowsPowerShell\v1.0\;C:\Program Files (x86)\NVIDIA Corporation\PhysX\Common;C:\Program Files\PuTTY\;C:\Program Files\Git\cmd;C:\Program Files\MiKTeX 2.9\miktex\bin\x64\;C:\Program Files\apache-maven-3.5.2\bin;C:\Program Files\nodejs\;C:\Program Files\CMake\bin;C:\Program Files\dotnet\;C:\Program Files\Microsoft SQL Server\130\Tools\Binn\;F:\VS2017\VC\Tools\MSVC\14.14.26428\bin\Hostx64\x64;C:\Program Files\Microsoft VS Code\bin;C:\Bitnami\wampstack-7.1.23-0\php;C:\ProgramData\ComposerSetup\bin;C:\Program Files\Java\jdk1.8.0_151\bin;C:\Users\User\AppData\Roaming\npm;C:\Program Files (x86)\Microsoft Visual Studio 14.0\VC\bin\cl.exe;C:\Program Files\Microsoft VS Code\bin;C:\Users\User\AppData\Roaming\Composer\vendor\bin;C:\Users\User\eclipse\java-oxygen\eclipse;
USERNAME=User
OS=Windows_NT
PROCESSOR_IDENTIFIER=Intel64 Family 6 Model 60 Stepping 3, GenuineIntel



---------------  S Y S T E M  ---------------

OS: Windows 7 , 64 bit Build 7601 (6.1.7601.23572)

CPU:total 8 (initial active 8) (4 cores per cpu, 2 threads per core) family 6 model 60 stepping 3, cmov, cx8, fxsr, mmx, sse, sse2, sse3, ssse3, sse4.1, sse4.2, popcnt, avx, avx2, aes, clmul, erms, rtm, lzcnt, ht, tsc, tscinvbit, bmi1, bmi2

Memory: 4k page, physical 16680660k(8961556k free), swap 33359460k(22371704k free)

vm_info: Java HotSpot(TM) 64-Bit Server VM (25.151-b12) for windows-amd64 JRE (1.8.0_151-b12), built on Sep  5 2017 19:33:46 by "java_re" with MS VC++ 10.0 (VS2010)

time: Fri Oct 26 20:46:12 2018
elapsed time: 2 seconds (0d 0h 0m 2s)

