#
# A fatal error has been detected by the Java Runtime Environment:
#
#  EXCEPTION_ACCESS_VIOLATION (0xc0000005) at pc=0x000007feea643b6d, pid=7552, tid=0x0000000000001774
#
# JRE version: Java(TM) SE Runtime Environment (8.0_151-b12) (build 1.8.0_151-b12)
# Java VM: Java HotSpot(TM) 64-Bit Server VM (25.151-b12 mixed mode windows-amd64 compressed oops)
# Problematic frame:
# C  [lwjgl.dll+0x13b6d]
#
# Failed to write core dump. Minidumps are not enabled by default on client versions of Windows
#
# If you would like to submit a bug report, please visit:
#   http://bugreport.java.com/bugreport/crash.jsp
# The crash happened outside the Java Virtual Machine in native code.
# See problematic frame for where to report the bug.
#

---------------  T H R E A D  ---------------

Current thread (0x0000000058bf3000):  JavaThread "Thread-0" [_thread_in_native, id=6004, stack(0x000000005b0a0000,0x000000005b1a0000)]

siginfo: ExceptionCode=0xc0000005, reading address 0x0000000000000000

Registers:
RAX=0x00000000000000a5, RBX=0x0000000057504cf0, RCX=0x000007feea6851e0, RDX=0x000007feea6851b0
RSP=0x000000005b19ef80, RBP=0x000000005b19f020, RSI=0x0000000000000108, RDI=0x0000000000000bd2
R8 =0x000000000000000a, R9 =0x0000000000000002, R10=0x000000005b19ef90, R11=0x000000005b19ee70
R12=0x0000000000000000, R13=0x0000000057504ce8, R14=0x000000005b19f040, R15=0x0000000058bf3000
RIP=0x000007feea643b6d, EFLAGS=0x0000000000010206

Top of Stack: (sp=0x000000005b19ef80)
0x000000005b19ef80:   000000005b19f500 000007feea66b450
0x000000005b19ef90:   0000000000000007 0000000058bf2480
0x000000005b19efa0:   0000000000000bd2 0000000002627f54
0x000000005b19efb0:   0000000058bf3000 0000000057504cf0
0x000000005b19efc0:   0000000000000108 0000000058bf3000
0x000000005b19efd0:   000000005b19f150 0000000002627c82
0x000000005b19efe0:   000000005b19efe0 0000000057504ce8
0x000000005b19eff0:   000000005b19f040 000000005752f6b8
0x000000005b19f000:   0000000000000000 0000000057504cf0
0x000000005b19f010:   0000000000000000 000000005b19f040
0x000000005b19f020:   000000005b19f088 0000000002618331
0x000000005b19f030:   00000000d7dc9bb8 00000000026219b8
0x000000005b19f040:   0000000000000007 000000005b19f048
0x000000005b19f050:   00000000625a1080 000000005b19f150
0x000000005b19f060:   00000000625a1e80 0000000000000000
0x000000005b19f070:   00000000625a13c8 000000005b19f040 

Instructions: (pc=0x000007feea643b6d)
0x000007feea643b4d:   cc cc cc 48 83 ec 28 b9 02 00 00 00 e8 f2 56 00
0x000007feea643b5d:   00 48 8b c8 48 8d 15 e8 78 02 00 e8 a3 d4 fe ff
0x000007feea643b6d:   8b 04 25 00 00 00 00 48 83 c4 28 c3 cc cc cc cc
0x000007feea643b7d:   cc cc cc 48 8b 01 c3 cc cc cc cc cc cc cc cc cc 


Register to memory mapping:

RAX=0x00000000000000a5 is an unknown value
RBX={method} {0x0000000057504cf8} 'glBegin' '(I)V' in 'org/lwjgl/opengl/GL11'
RCX=0x000007feea6851e0 is an unknown value
RDX=0x000007feea6851b0 is an unknown value
RSP=0x000000005b19ef80 is pointing into the stack for thread: 0x0000000058bf3000
RBP=0x000000005b19f020 is pointing into the stack for thread: 0x0000000058bf3000
RSI=0x0000000000000108 is an unknown value
RDI=0x0000000000000bd2 is an unknown value
R8 =0x000000000000000a is an unknown value
R9 =0x0000000000000002 is an unknown value
R10=0x000000005b19ef90 is pointing into the stack for thread: 0x0000000058bf3000
R11=0x000000005b19ee70 is pointing into the stack for thread: 0x0000000058bf3000
R12=0x0000000000000000 is an unknown value
R13=0x0000000057504ce8 is pointing into metadata
R14=0x000000005b19f040 is pointing into the stack for thread: 0x0000000058bf3000
R15=0x0000000058bf3000 is a thread


Stack: [0x000000005b0a0000,0x000000005b1a0000],  sp=0x000000005b19ef80,  free space=1019k
Native frames: (J=compiled Java code, j=interpreted, Vv=VM code, C=native code)
C  [lwjgl.dll+0x13b6d]
C  0x0000000002627f54

Java frames: (J=compiled Java code, j=interpreted, Vv=VM code)
j  org.lwjgl.opengl.GL11.glBegin(I)V+0
j  engine.ui.TruetypeFont_Test.renderText(Lorg/lwjgl/stb/STBTTBakedChar$Buffer;II)V+80
j  engine.ui.TruetypeFont_Test.render()V+48
j  gameStates.Game.render()V+506
j  gameStates.GSM.render()V+4
j  engine.engine.Engine.render()V+3
j  engine.engine.Engine.run()V+29
j  java.lang.Thread.run()V+11
v  ~StubRoutines::call_stub

---------------  P R O C E S S  ---------------

Java Threads: ( => current thread )
  0x000000005adeb000 JavaThread "Java2D Disposer" daemon [_thread_blocked, id=3752, stack(0x00000000622b0000,0x00000000623b0000)]
  0x000000000218f800 JavaThread "DestroyJavaVM" [_thread_blocked, id=8116, stack(0x00000000021b0000,0x00000000022b0000)]
=>0x0000000058bf3000 JavaThread "Thread-0" [_thread_in_native, id=6004, stack(0x000000005b0a0000,0x000000005b1a0000)]
  0x0000000058a7b000 JavaThread "Service Thread" daemon [_thread_blocked, id=6108, stack(0x000000005a510000,0x000000005a610000)]
  0x00000000589ff000 JavaThread "C1 CompilerThread3" daemon [_thread_blocked, id=7160, stack(0x000000005a1a0000,0x000000005a2a0000)]
  0x00000000589f5800 JavaThread "C2 CompilerThread2" daemon [_thread_blocked, id=6752, stack(0x000000005a410000,0x000000005a510000)]
  0x00000000589ea000 JavaThread "C2 CompilerThread1" daemon [_thread_blocked, id=5708, stack(0x000000005a300000,0x000000005a400000)]
  0x00000000589e4000 JavaThread "C2 CompilerThread0" daemon [_thread_blocked, id=6224, stack(0x0000000059e20000,0x0000000059f20000)]
  0x00000000589df000 JavaThread "Attach Listener" daemon [_thread_blocked, id=3612, stack(0x000000005a0a0000,0x000000005a1a0000)]
  0x00000000589de000 JavaThread "Signal Dispatcher" daemon [_thread_blocked, id=6676, stack(0x0000000059f60000,0x000000005a060000)]
  0x000000005792f000 JavaThread "Finalizer" daemon [_thread_blocked, id=5436, stack(0x0000000059cf0000,0x0000000059df0000)]
  0x0000000058993800 JavaThread "Reference Handler" daemon [_thread_blocked, id=8176, stack(0x0000000059b00000,0x0000000059c00000)]

Other Threads:
  0x0000000058992000 VMThread [stack: 0x0000000059960000,0x0000000059a60000] [id=1432]
  0x0000000058a43800 WatcherThread [stack: 0x000000005a6e0000,0x000000005a7e0000] [id=2088]

VM state:not at safepoint (normal execution)

VM Mutex/Monitor currently owned by a thread: None

Heap:
 PSYoungGen      total 38400K, used 16333K [0x00000000d5d00000, 0x00000000d8780000, 0x0000000100000000)
  eden space 33280K, 35% used [0x00000000d5d00000,0x00000000d687a2f8,0x00000000d7d80000)
  from space 5120K, 89% used [0x00000000d7d80000,0x00000000d81f92d8,0x00000000d8280000)
  to   space 5120K, 0% used [0x00000000d8280000,0x00000000d8280000,0x00000000d8780000)
 ParOldGen       total 87552K, used 8K [0x0000000081600000, 0x0000000086b80000, 0x00000000d5d00000)
  object space 87552K, 0% used [0x0000000081600000,0x0000000081602000,0x0000000086b80000)
 Metaspace       used 13275K, capacity 13571K, committed 13824K, reserved 1062912K
  class space    used 1080K, capacity 1170K, committed 1280K, reserved 1048576K

Card table byte_map: [0x00000000119d0000,0x0000000011dd0000] byte_map_base: 0x00000000115c5000

Marking Bits: (ParMarkBitMap*) 0x000000006698d850
 Begin Bits: [0x0000000012bf0000, 0x0000000014b98000)
 End Bits:   [0x0000000014b98000, 0x0000000016b40000)

Polling page: 0x0000000000220000

CodeCache: size=245760Kb used=3800Kb max_used=3800Kb free=241960Kb
 bounds [0x0000000002610000, 0x00000000029d0000, 0x0000000011610000]
 total_blobs=1974 nmethods=991 adapters=896
 compilation: enabled

Compilation events (10 events):
Event: 2.578 Thread 0x00000000589ff000 nmethod 983 0x00000000029c6b50 code [0x00000000029c6cc0, 0x00000000029c7010]
Event: 2.578 Thread 0x00000000589f5800 nmethod 982 0x00000000029c7590 code [0x00000000029c76e0, 0x00000000029c7bd8]
Event: 2.578 Thread 0x00000000589ff000  989       3       sun.reflect.UnsafeStaticFieldAccessorImpl::<init> (17 bytes)
Event: 2.578 Thread 0x00000000589ff000 nmethod 989 0x00000000029c5f10 code [0x00000000029c6080, 0x00000000029c62f8]
Event: 2.578 Thread 0x00000000589ff000  988       3       sun.reflect.UnsafeQualifiedStaticFieldAccessorImpl::<init> (11 bytes)
Event: 2.578 Thread 0x00000000589ff000 nmethod 988 0x00000000029c5990 code [0x00000000029c5b00, 0x00000000029c5df8]
Event: 2.578 Thread 0x00000000589ff000  990       3       org.lwjgl.glfw.GLFWErrorCallback$1$$Lambda$19/499099980::test (12 bytes)
Event: 2.580 Thread 0x00000000589ff000 nmethod 990 0x00000000029c51d0 code [0x00000000029c5340, 0x00000000029c5870]
Event: 2.580 Thread 0x00000000589ff000  991   !   3       java.util.zip.ZipFile::getInflater (56 bytes)
Event: 2.580 Thread 0x00000000589ff000 nmethod 991 0x00000000029c3e10 code [0x00000000029c4000, 0x00000000029c4b98]

GC Heap History (2 events):
Event: 1.589 GC heap before
{Heap before GC invocations=1 (full 0):
 PSYoungGen      total 38400K, used 32076K [0x00000000d5d00000, 0x00000000d8780000, 0x0000000100000000)
  eden space 33280K, 96% used [0x00000000d5d00000,0x00000000d7c530e0,0x00000000d7d80000)
  from space 5120K, 0% used [0x00000000d8280000,0x00000000d8280000,0x00000000d8780000)
  to   space 5120K, 0% used [0x00000000d7d80000,0x00000000d7d80000,0x00000000d8280000)
 ParOldGen       total 87552K, used 0K [0x0000000081600000, 0x0000000086b80000, 0x00000000d5d00000)
  object space 87552K, 0% used [0x0000000081600000,0x0000000081600000,0x0000000086b80000)
 Metaspace       used 11148K, capacity 11347K, committed 11648K, reserved 1060864K
  class space    used 1006K, capacity 1070K, committed 1152K, reserved 1048576K
Event: 1.597 GC heap after
Heap after GC invocations=1 (full 0):
 PSYoungGen      total 38400K, used 4580K [0x00000000d5d00000, 0x00000000d8780000, 0x0000000100000000)
  eden space 33280K, 0% used [0x00000000d5d00000,0x00000000d5d00000,0x00000000d7d80000)
  from space 5120K, 89% used [0x00000000d7d80000,0x00000000d81f92d8,0x00000000d8280000)
  to   space 5120K, 0% used [0x00000000d8280000,0x00000000d8280000,0x00000000d8780000)
 ParOldGen       total 87552K, used 8K [0x0000000081600000, 0x0000000086b80000, 0x00000000d5d00000)
  object space 87552K, 0% used [0x0000000081600000,0x0000000081602000,0x0000000086b80000)
 Metaspace       used 11148K, capacity 11347K, committed 11648K, reserved 1060864K
  class space    used 1006K, capacity 1070K, committed 1152K, reserved 1048576K
}

Deoptimization events (8 events):
Event: 1.315 Thread 0x0000000058bf3000 Uncommon trap: reason=unstable_if action=reinterpret pc=0x00000000027dd828 method=java.lang.String.indexOf([CII[CIII)I @ 3
Event: 1.485 Thread 0x0000000058bf3000 Uncommon trap: reason=unstable_if action=reinterpret pc=0x000000000294dd38 method=java.awt.image.BufferedImage.getRGB(IIII[III)[I @ 163
Event: 2.560 Thread 0x0000000058bf3000 Uncommon trap: reason=class_check action=maybe_recompile pc=0x00000000029a6484 method=java.util.regex.Pattern$Start.match(Ljava/util/regex/Matcher;ILjava/lang/CharSequence;)Z @ 44
Event: 2.560 Thread 0x0000000058bf3000 Uncommon trap: reason=class_check action=maybe_recompile pc=0x00000000029a6484 method=java.util.regex.Pattern$Start.match(Ljava/util/regex/Matcher;ILjava/lang/CharSequence;)Z @ 44
Event: 2.560 Thread 0x0000000058bf3000 Uncommon trap: reason=class_check action=maybe_recompile pc=0x00000000029a6484 method=java.util.regex.Pattern$Start.match(Ljava/util/regex/Matcher;ILjava/lang/CharSequence;)Z @ 44
Event: 2.560 Thread 0x0000000058bf3000 Uncommon trap: reason=class_check action=maybe_recompile pc=0x00000000029a6484 method=java.util.regex.Pattern$Start.match(Ljava/util/regex/Matcher;ILjava/lang/CharSequence;)Z @ 44
Event: 2.562 Thread 0x0000000058bf3000 Uncommon trap: reason=class_check action=maybe_recompile pc=0x00000000029a2070 method=java.util.regex.Pattern$Start.match(Ljava/util/regex/Matcher;ILjava/lang/CharSequence;)Z @ 44
Event: 2.565 Thread 0x0000000058bf3000 Uncommon trap: reason=class_check action=maybe_recompile pc=0x00000000029a5ba8 method=java.util.regex.Pattern$Start.match(Ljava/util/regex/Matcher;ILjava/lang/CharSequence;)Z @ 44

Internal exceptions (10 events):
Event: 0.387 Thread 0x0000000058bf3000 Exception <a 'java/security/PrivilegedActionException'> (0x00000000d62f62b8) thrown at [C:\re\workspace\8-2-build-windows-amd64-cygwin\jdk8u151\9699\hotspot\src\share\vm\prims\jvm.cpp, line 1390]
Event: 0.388 Thread 0x0000000058bf3000 Exception <a 'java/security/PrivilegedActionException'> (0x00000000d62fa1c8) thrown at [C:\re\workspace\8-2-build-windows-amd64-cygwin\jdk8u151\9699\hotspot\src\share\vm\prims\jvm.cpp, line 1390]
Event: 0.388 Thread 0x0000000058bf3000 Exception <a 'java/security/PrivilegedActionException'> (0x00000000d62fa3d8) thrown at [C:\re\workspace\8-2-build-windows-amd64-cygwin\jdk8u151\9699\hotspot\src\share\vm\prims\jvm.cpp, line 1390]
Event: 0.969 Thread 0x0000000058bf3000 Exception <a 'sun/nio/fs/WindowsException'> (0x00000000d64c9fb0) thrown at [C:\re\workspace\8-2-build-windows-amd64-cygwin\jdk8u151\9699\hotspot\src\share\vm\prims\jni.cpp, line 709]
Event: 0.969 Thread 0x0000000058bf3000 Exception <a 'sun/nio/fs/WindowsException'> (0x00000000d64ca780) thrown at [C:\re\workspace\8-2-build-windows-amd64-cygwin\jdk8u151\9699\hotspot\src\share\vm\prims\jni.cpp, line 709]
Event: 1.293 Thread 0x0000000058bf3000 Exception <a 'java/io/FileNotFoundException'> (0x00000000d6fce158) thrown at [C:\re\workspace\8-2-build-windows-amd64-cygwin\jdk8u151\9699\hotspot\src\share\vm\prims\jni.cpp, line 709]
Event: 2.542 Thread 0x0000000058bf3000 Exception <a 'sun/nio/fs/WindowsException'> (0x00000000d65246d0) thrown at [C:\re\workspace\8-2-build-windows-amd64-cygwin\jdk8u151\9699\hotspot\src\share\vm\prims\jni.cpp, line 709]
Event: 2.542 Thread 0x0000000058bf3000 Exception <a 'sun/nio/fs/WindowsException'> (0x00000000d6524a78) thrown at [C:\re\workspace\8-2-build-windows-amd64-cygwin\jdk8u151\9699\hotspot\src\share\vm\prims\jni.cpp, line 709]
Event: 2.568 Thread 0x0000000058bf3000 Exception <a 'sun/nio/fs/WindowsException'> (0x00000000d67b3e58) thrown at [C:\re\workspace\8-2-build-windows-amd64-cygwin\jdk8u151\9699\hotspot\src\share\vm\prims\jni.cpp, line 709]
Event: 2.568 Thread 0x0000000058bf3000 Exception <a 'sun/nio/fs/WindowsException'> (0x00000000d67b4200) thrown at [C:\re\workspace\8-2-build-windows-amd64-cygwin\jdk8u151\9699\hotspot\src\share\vm\prims\jni.cpp, line 709]

Events (10 events):
Event: 2.576 loading class org/lwjgl/glfw/GLFWErrorCallback$1
Event: 2.576 loading class org/lwjgl/glfw/GLFWErrorCallback$1 done
Event: 2.576 loading class org/lwjgl/glfw/GLFWErrorCallback$2
Event: 2.576 loading class org/lwjgl/glfw/GLFWErrorCallback$2 done
Event: 2.576 loading class java/util/function/BiPredicate
Event: 2.576 loading class java/util/function/BiPredicate done
Event: 2.577 loading class sun/reflect/UnsafeQualifiedStaticIntegerFieldAccessorImpl
Event: 2.577 loading class sun/reflect/UnsafeQualifiedStaticIntegerFieldAccessorImpl done
Event: 2.579 loading class org/lwjgl/stb/STBTTAlignedQuad
Event: 2.579 loading class org/lwjgl/stb/STBTTAlignedQuad done


Dynamic libraries:
0x000000013f5d0000 - 0x000000013f607000 	C:\Program Files\Java\jdk1.8.0_151\bin\javaw.exe
0x0000000077bf0000 - 0x0000000077d9a000 	C:\Windows\SYSTEM32\ntdll.dll
0x0000000077ad0000 - 0x0000000077bef000 	C:\Windows\system32\kernel32.dll
0x000007fefdba0000 - 0x000007fefdc0a000 	C:\Windows\system32\KERNELBASE.dll
0x000007fefe2b0000 - 0x000007fefe38b000 	C:\Windows\system32\ADVAPI32.dll
0x000007fefe6c0000 - 0x000007fefe75f000 	C:\Windows\system32\msvcrt.dll
0x000007fefe880000 - 0x000007fefe89f000 	C:\Windows\SYSTEM32\sechost.dll
0x000007feffab0000 - 0x000007feffbdd000 	C:\Windows\system32\RPCRT4.dll
0x00000000779d0000 - 0x0000000077aca000 	C:\Windows\system32\USER32.dll
0x000007fefe230000 - 0x000007fefe297000 	C:\Windows\system32\GDI32.dll
0x000007fefe390000 - 0x000007fefe39e000 	C:\Windows\system32\LPK.dll
0x000007fefe3a0000 - 0x000007fefe46a000 	C:\Windows\system32\USP10.dll
0x000007fefbd30000 - 0x000007fefbf24000 	C:\Windows\WinSxS\amd64_microsoft.windows.common-controls_6595b64144ccf1df_6.0.7601.18837_none_fa3b1e3d17594757\COMCTL32.dll
0x000007fefe640000 - 0x000007fefe6b1000 	C:\Windows\system32\SHLWAPI.dll
0x000007feffbe0000 - 0x000007feffc0e000 	C:\Windows\system32\IMM32.DLL
0x000007feff7c0000 - 0x000007feff8c9000 	C:\Windows\system32\MSCTF.dll
0x0000000074040000 - 0x0000000074112000 	C:\Program Files\Java\jdk1.8.0_151\jre\bin\msvcr100.dll
0x0000000066170000 - 0x0000000066a0d000 	C:\Program Files\Java\jdk1.8.0_151\jre\bin\server\jvm.dll
0x000007feec870000 - 0x000007feec879000 	C:\Windows\system32\WSOCK32.dll
0x000007fefe160000 - 0x000007fefe1ad000 	C:\Windows\system32\WS2_32.dll
0x000007fefe2a0000 - 0x000007fefe2a8000 	C:\Windows\system32\NSI.dll
0x000007fefb420000 - 0x000007fefb45b000 	C:\Windows\system32\WINMM.dll
0x000007fefd4e0000 - 0x000007fefd4ec000 	C:\Windows\system32\VERSION.dll
0x0000000077dc0000 - 0x0000000077dc7000 	C:\Windows\system32\PSAPI.DLL
0x0000000074790000 - 0x000000007479f000 	C:\Program Files\Java\jdk1.8.0_151\jre\bin\verify.dll
0x0000000074630000 - 0x0000000074659000 	C:\Program Files\Java\jdk1.8.0_151\jre\bin\java.dll
0x0000000074610000 - 0x0000000074626000 	C:\Program Files\Java\jdk1.8.0_151\jre\bin\zip.dll
0x000007fefe8a0000 - 0x000007feff629000 	C:\Windows\system32\SHELL32.dll
0x000007feffcf0000 - 0x000007feffef3000 	C:\Windows\system32\ole32.dll
0x000007fefdaf0000 - 0x000007fefdaff000 	C:\Windows\system32\profapi.dll
0x0000000074020000 - 0x000000007403a000 	C:\Program Files\Java\jdk1.8.0_151\jre\bin\net.dll
0x000007fefd060000 - 0x000007fefd0b5000 	C:\Windows\system32\mswsock.dll
0x000007fefd050000 - 0x000007fefd057000 	C:\Windows\System32\wship6.dll
0x0000000073d80000 - 0x0000000073d91000 	C:\Program Files\Java\jdk1.8.0_151\jre\bin\nio.dll
0x000007feea630000 - 0x000007feea68b000 	C:\Users\User\AppData\Local\Temp\lwjglUser\3.1.6-build-14\lwjgl.dll
0x000007fefd4d0000 - 0x000007fefd4d3000 	C:\Windows\system32\api-ms-win-core-synch-l1-2-0.DLL
0x000007fee94e0000 - 0x000007fee9531000 	C:\Users\User\AppData\Local\Temp\lwjglUser\3.1.6-build-14\glfw.dll
0x000007fefb7d0000 - 0x000007fefb826000 	C:\Windows\system32\uxtheme.dll
0x000007feed4e0000 - 0x000007feed51c000 	C:\Windows\system32\dinput8.dll
0x00000000004a0000 - 0x00000000004be000 	C:\Windows\system32\xinput1_3.dll
0x000007feff8d0000 - 0x000007feffaa7000 	C:\Windows\system32\SETUPAPI.dll
0x000007fefdc70000 - 0x000007fefdca6000 	C:\Windows\system32\CFGMGR32.dll
0x000007feffc10000 - 0x000007feffcea000 	C:\Windows\system32\OLEAUT32.dll
0x000007fefdc50000 - 0x000007fefdc6a000 	C:\Windows\system32\DEVOBJ.dll
0x000007fefb120000 - 0x000007fefb138000 	C:\Windows\system32\dwmapi.dll
0x000007fefb150000 - 0x000007fefb15b000 	C:\Windows\system32\HID.DLL
0x000007fefdec0000 - 0x000007fefdefb000 	C:\Windows\system32\WINTRUST.dll
0x000007fefdd50000 - 0x000007fefdebd000 	C:\Windows\system32\CRYPT32.dll
0x000007fefdb90000 - 0x000007fefdb9f000 	C:\Windows\system32\MSASN1.dll
0x000007fee7f00000 - 0x000007fee801d000 	C:\Windows\system32\opengl32.dll
0x000007feeb420000 - 0x000007feeb44d000 	C:\Windows\system32\GLU32.dll
0x000007fee5550000 - 0x000007fee5641000 	C:\Windows\system32\DDRAW.dll
0x000007fef6540000 - 0x000007fef6548000 	C:\Windows\system32\DCIMAN32.dll
0x0000000063af0000 - 0x000000006616d000 	C:\Windows\system32\nvoglv64.DLL
0x000007fefd450000 - 0x000007fefd461000 	C:\Windows\system32\WTSAPI32.dll
0x000007fefd4a0000 - 0x000007fefd4cd000 	C:\Windows\system32\ntmarta.dll
0x000007fefe1b0000 - 0x000007fefe202000 	C:\Windows\system32\WLDAP32.dll
0x000007fee57f0000 - 0x000007fee5a5a000 	C:\Windows\system32\nvspcap64.dll
0x000007fefd6f0000 - 0x000007fefd72d000 	C:\Windows\system32\WINSTA.dll
0x000007fefda20000 - 0x000007fefda2f000 	C:\Windows\system32\CRYPTBASE.dll
0x000007fee9420000 - 0x000007fee947f000 	C:\Users\User\AppData\Local\Temp\lwjglUser\3.1.6-build-14\lwjgl_opengl.dll
0x000007fee4340000 - 0x000007fee4430000 	C:\Users\User\AppData\Local\Temp\lwjglUser\3.1.6-build-14\OpenAL.dll
0x000007fefe760000 - 0x000007fefe7f9000 	C:\Windows\system32\CLBCatQ.DLL
0x000007fefc620000 - 0x000007fefc66b000 	C:\Windows\System32\MMDevApi.dll
0x000007fefc360000 - 0x000007fefc48c000 	C:\Windows\System32\PROPSYS.dll
0x000007fefb270000 - 0x000007fefb2bf000 	C:\Windows\system32\AUDIOSES.DLL
0x0000000063950000 - 0x0000000063ae8000 	C:\Program Files\Java\jdk1.8.0_151\jre\bin\awt.dll
0x000007fefd0c0000 - 0x000007fefd0d8000 	C:\Windows\system32\CRYPTSP.dll
0x000007fefcdc0000 - 0x000007fefce07000 	C:\Windows\system32\rsaenh.dll
0x000007fefd550000 - 0x000007fefd56e000 	C:\Windows\system32\USERENV.dll
0x000007fefb340000 - 0x000007fefb367000 	C:\Windows\system32\IPHLPAPI.DLL
0x000007fefb330000 - 0x000007fefb33b000 	C:\Windows\system32\WINNSI.DLL
0x000007fefb100000 - 0x000007fefb111000 	C:\Windows\system32\dhcpcsvc6.DLL
0x000007fefb080000 - 0x000007fefb098000 	C:\Windows\system32\dhcpcsvc.DLL
0x000007fee7e80000 - 0x000007fee7efe000 	C:\Users\User\AppData\Local\Temp\lwjglUser\3.1.6-build-14\lwjgl_stb.dll
0x000007fef8750000 - 0x000007fef8875000 	C:\Windows\system32\dbghelp.dll

VM Arguments:
jvm_args: -Dfile.encoding=Cp1252 
java_command: game.Main
java_class_path (initial): C:\Program Files\Java\jdk1.8.0_151\jre\lib\resources.jar;C:\Program Files\Java\jdk1.8.0_151\jre\lib\rt.jar;C:\Program Files\Java\jdk1.8.0_151\jre\lib\jsse.jar;C:\Program Files\Java\jdk1.8.0_151\jre\lib\jce.jar;C:\Program Files\Java\jdk1.8.0_151\jre\lib\charsets.jar;C:\Program Files\Java\jdk1.8.0_151\jre\lib\jfr.jar;C:\Program Files\Java\jdk1.8.0_151\jre\lib\ext\access-bridge-64.jar;C:\Program Files\Java\jdk1.8.0_151\jre\lib\ext\cldrdata.jar;C:\Program Files\Java\jdk1.8.0_151\jre\lib\ext\dnsns.jar;C:\Program Files\Java\jdk1.8.0_151\jre\lib\ext\jaccess.jar;C:\Program Files\Java\jdk1.8.0_151\jre\lib\ext\jfxrt.jar;C:\Program Files\Java\jdk1.8.0_151\jre\lib\ext\localedata.jar;C:\Program Files\Java\jdk1.8.0_151\jre\lib\ext\nashorn.jar;C:\Program Files\Java\jdk1.8.0_151\jre\lib\ext\sunec.jar;C:\Program Files\Java\jdk1.8.0_151\jre\lib\ext\sunjce_provider.jar;C:\Program Files\Java\jdk1.8.0_151\jre\lib\ext\sunmscapi.jar;C:\Program Files\Java\jdk1.8.0_151\jre\lib\ext\sunpkcs11.jar;C:\Program Files\Java\jdk1.8.0_151\jre\lib\ext\zipfs.jar;C:\Users\User\Dropbox\Engine\bin;C:\Users\User\Dropbox\Engine\lib\glm-1.0.1.jar;C:\Users\User\Dropbox\Engine\lib\jafama.jar;C:\Users\User\Dropbox\Engine\lib\lwjgl-assimp-javadoc.jar;C:\Users\User\Dropbox\Engine\lib\lwjgl-assimp-natives-windows.jar;C:\Users\User\Dropbox\Engine\lib\lwjgl-assimp-sources.jar;C:\Users\User\Dropbox\Engine\lib\lwjgl-assimp.jar;C:\Users\User\Dropbox\Engine\lib\lwjgl-glfw-javadoc.jar;C:\Users\User\Dropbox\Engine\lib\lwjgl-glfw-natives-windows.jar;C:\Users\User\Dropbox\Engine\lib\lwjgl-glfw-sources.jar;C:\Users\User\Dropbox\Engine\lib\lwjgl-glfw.jar;C:\Users\User\Dropbox\Engine\lib\lwjgl-javadoc.jar;C:\Users\User\Dropbox\Engine\lib\lwjgl-jawt-javadoc.jar;C:\Users\User\Dropbox\Engine\lib\lwjgl-jawt-sources.jar;C:\Users\User\Dropbox\Engine\lib\lwjgl-jawt.jar;C:\Users\User\Dropbox\Engine\lib\lwjgl-natives-windows.jar;C:\Users\User\Dropbox\Engine\lib\lwjgl-openal-javadoc.jar;C:\Users\User\Dropbox
Launcher Type: SUN_STANDARD

Environment Variables:
JAVA_HOME=C:\Program Files\Java\jdk1.8.0_151
PATH=C:/Program Files/Java/jre1.8.0_151/bin/server;C:/Program Files/Java/jre1.8.0_151/bin;C:/Program Files/Java/jre1.8.0_151/lib/amd64;C:\Program Files\NVIDIA GPU Computing Toolkit\CUDA\v9.2\bin;C:\Program Files\NVIDIA GPU Computing Toolkit\CUDA\v9.2\libnvvp;C:\ProgramData\Oracle\Java\javapath;C:\Windows\system32;C:\Windows;C:\Windows\System32\Wbem;C:\Windows\System32\WindowsPowerShell\v1.0\;C:\Program Files (x86)\NVIDIA Corporation\PhysX\Common;C:\Program Files\PuTTY\;C:\Program Files\Git\cmd;C:\Program Files\MiKTeX 2.9\miktex\bin\x64\;C:\Program Files\apache-maven-3.5.2\bin;C:\Program Files\nodejs\;C:\Program Files\CMake\bin;C:\Program Files\dotnet\;C:\Program Files\Microsoft SQL Server\130\Tools\Binn\;F:\VS2017\VC\Tools\MSVC\14.14.26428\bin\Hostx64\x64;C:\Program Files\Java\jdk1.8.0_151\bin;C:\Users\User\AppData\Local\atom\bin;C:\Users\User\AppData\Roaming\npm;F:\Nmap;C:\Program Files (x86)\Microsoft Visual Studio 14.0\VC\bin\cl.exe;C:\Program Files\Microsoft VS Code\bin;C:\Users\User\Desktop;
USERNAME=User
OS=Windows_NT
PROCESSOR_IDENTIFIER=Intel64 Family 6 Model 60 Stepping 3, GenuineIntel



---------------  S Y S T E M  ---------------

OS: Windows 7 , 64 bit Build 7601 (6.1.7601.23572)

CPU:total 8 (initial active 8) (4 cores per cpu, 2 threads per core) family 6 model 60 stepping 3, cmov, cx8, fxsr, mmx, sse, sse2, sse3, ssse3, sse4.1, sse4.2, popcnt, avx, avx2, aes, clmul, erms, rtm, lzcnt, ht, tsc, tscinvbit, bmi1, bmi2

Memory: 4k page, physical 8292052k(507404k free), swap 16582244k(4137152k free)

vm_info: Java HotSpot(TM) 64-Bit Server VM (25.151-b12) for windows-amd64 JRE (1.8.0_151-b12), built on Sep  5 2017 19:33:46 by "java_re" with MS VC++ 10.0 (VS2010)

time: Sat Jun 16 12:24:06 2018
elapsed time: 2 seconds (0d 0h 0m 2s)

