#
# A fatal error has been detected by the Java Runtime Environment:
#
#  EXCEPTION_ACCESS_VIOLATION (0xc0000005) at pc=0x0000000069a04cb8, pid=12236, tid=0x0000000000001a1c
#
# JRE version: Java(TM) SE Runtime Environment (8.0_151-b12) (build 1.8.0_151-b12)
# Java VM: Java HotSpot(TM) 64-Bit Server VM (25.151-b12 mixed mode windows-amd64 compressed oops)
# Problematic frame:
# C  [nvoglv64.DLL+0xe34cb8]
#
# Failed to write core dump. Minidumps are not enabled by default on client versions of Windows
#
# If you would like to submit a bug report, please visit:
#   http://bugreport.java.com/bugreport/crash.jsp
# The crash happened outside the Java Virtual Machine in native code.
# See problematic frame for where to report the bug.
#

---------------  T H R E A D  ---------------

Current thread (0x000000001d79e000):  JavaThread "Thread-0" [_thread_in_native, id=6684, stack(0x000000001f490000,0x000000001f590000)]

siginfo: ExceptionCode=0xc0000005, reading address 0x0000000000000000

Registers:
RAX=0x0000000022e975fc, RBX=0x0000000021de0080, RCX=0x0000000069a04cb8, RDX=0x0000000000000000
RSP=0x000000001f58ed58, RBP=0x0000000000001405, RSI=0x0000000000000008, RDI=0x0000000000000002
R8 =0x0000000000000008, R9 =0x0000000068bd0000, R10=0x0000000000000000, R11=0x0000000022e975fc
R12=0x0000000000000000, R13=0x000000001c2a7670, R14=0x0000000000000004, R15=0x0000000000000028
RIP=0x0000000069a04cb8, EFLAGS=0x0000000000010206

Top of Stack: (sp=0x000000001f58ed58)
0x000000001f58ed58:   00000000691e5a37 000000000287835d
0x000000001f58ed68:   0000000002887e06 000000001d744400
0x000000001f58ed78:   000000001d79e000 000000001f58ee80
0x000000001f58ed88:   0000000000000000 000000000287835d
0x000000001f58ed98:   0000000002887f74 000000001bf221c8
0x000000001f58eda8:   000000001d79e000 000000001c2a7670
0x000000001f58edb8:   000000001f58ee38 0000000000000002
0x000000001f58edc8:   0000000000000000 0000000000000002
0x000000001f58edd8:   000000001c2a7670 000000001bf221c8
0x000000001f58ede8:   000000001d79e000 0000000002887ca2
0x000000001f58edf8:   000000001f58edf8 000000001c2a7670
0x000000001f58ee08:   000000001f58ee80 000000001c2a9f10
0x000000001f58ee18:   0000000000000000 000000001c2a7670
0x000000001f58ee28:   0000000000000000 000000001f58ee58
0x000000001f58ee38:   000000001f58eec8 000000000287835d
0x000000001f58ee48:   000000076fb7de70 00000000028819d8 

Instructions: (pc=0x0000000069a04cb8)
0x0000000069a04c98:   4d e3 00 38 4d e3 00 80 4d e3 00 a0 4d e3 00 d5
0x0000000069a04ca8:   4c e3 00 0f 1f 44 00 00 c3 0f b7 0a 66 89 08 c3
0x0000000069a04cb8:   48 8b 0a 48 89 08 c3 0f b7 0a 44 0f b6 42 02 66
0x0000000069a04cc8:   89 08 44 88 40 02 c3 0f b6 0a 88 08 c3 f3 0f 6f 


Register to memory mapping:

RAX=0x0000000022e975fc is an unknown value
RBX=0x0000000021de0080 is an unknown value
RCX=0x0000000069a04cb8 is an unknown value
RDX=0x0000000000000000 is an unknown value
RSP=0x000000001f58ed58 is pointing into the stack for thread: 0x000000001d79e000
RBP=0x0000000000001405 is an unknown value
RSI=0x0000000000000008 is an unknown value
RDI=0x0000000000000002 is an unknown value
R8 =0x0000000000000008 is an unknown value
R9 =0x0000000068bd0000 is an unknown value
R10=0x0000000000000000 is an unknown value
R11=0x0000000022e975fc is an unknown value
R12=0x0000000000000000 is an unknown value
R13={method} {0x000000001c2a7678} 'nglDrawElementsInstanced' '(IIIJI)V' in 'org/lwjgl/opengl/GL31'
R14=0x0000000000000004 is an unknown value
R15=0x0000000000000028 is an unknown value


Stack: [0x000000001f490000,0x000000001f590000],  sp=0x000000001f58ed58,  free space=1019k
Native frames: (J=compiled Java code, j=interpreted, Vv=VM code, C=native code)
C  [nvoglv64.DLL+0xe34cb8]
C  [nvoglv64.DLL+0x615a37]
C  0x0000000002887f74

Java frames: (J=compiled Java code, j=interpreted, Vv=VM code)
j  org.lwjgl.opengl.GL31.nglDrawElementsInstanced(IIIJI)V+0
j  org.lwjgl.opengl.GL31.glDrawElementsInstanced(IIIJI)V+6
j  engine.renderer.TextureRendererV2.end()V+87
j  engine.entity.RenderSystem.renderv2()V+59
j  engine.entity.RenderSystem.render()V+1
j  engine.entity.SystemManager.render()V+22
j  gameStates.Game.render()V+249
j  gameStates.GSM.render()V+4
j  engine.engine.Engine.render()V+7
j  engine.engine.Engine.run()V+32
j  java.lang.Thread.run()V+11
v  ~StubRoutines::call_stub

---------------  P R O C E S S  ---------------

Java Threads: ( => current thread )
  0x000000001fbc1000 JavaThread "AWT-Windows" daemon [_thread_in_native, id=11468, stack(0x000000002a650000,0x000000002a750000)]
  0x000000001fbbe000 JavaThread "AWT-Shutdown" [_thread_blocked, id=10756, stack(0x0000000024b50000,0x0000000024c50000)]
  0x000000001f8eb800 JavaThread "Java2D Disposer" daemon [_thread_blocked, id=10376, stack(0x0000000025a50000,0x0000000025b50000)]
  0x000000000219f000 JavaThread "DestroyJavaVM" [_thread_blocked, id=11804, stack(0x00000000024a0000,0x00000000025a0000)]
=>0x000000001d79e000 JavaThread "Thread-0" [_thread_in_native, id=6684, stack(0x000000001f490000,0x000000001f590000)]
  0x000000001d6a2000 JavaThread "Service Thread" daemon [_thread_blocked, id=10900, stack(0x000000001ee20000,0x000000001ef20000)]
  0x000000001d623800 JavaThread "C1 CompilerThread3" daemon [_thread_blocked, id=10708, stack(0x000000001f0b0000,0x000000001f1b0000)]
  0x000000001c66f000 JavaThread "C2 CompilerThread2" daemon [_thread_blocked, id=3644, stack(0x000000001ef60000,0x000000001f060000)]
  0x000000001d61e800 JavaThread "C2 CompilerThread1" daemon [_thread_blocked, id=11156, stack(0x000000001ecb0000,0x000000001edb0000)]
  0x000000001d608800 JavaThread "C2 CompilerThread0" daemon [_thread_blocked, id=7004, stack(0x000000001ea00000,0x000000001eb00000)]
  0x000000001d607000 JavaThread "Attach Listener" daemon [_thread_blocked, id=11784, stack(0x000000001eb50000,0x000000001ec50000)]
  0x000000001d606000 JavaThread "Signal Dispatcher" daemon [_thread_blocked, id=11304, stack(0x000000001e7a0000,0x000000001e8a0000)]
  0x000000001c65e800 JavaThread "Finalizer" daemon [_thread_blocked, id=5604, stack(0x000000001e8c0000,0x000000001e9c0000)]
  0x000000001c657000 JavaThread "Reference Handler" daemon [_thread_blocked, id=12200, stack(0x0000000012f50000,0x0000000013050000)]

Other Threads:
  0x000000001d5b1800 VMThread [stack: 0x000000001e670000,0x000000001e770000] [id=11168]
  0x000000001d6cf000 WatcherThread [stack: 0x000000001f300000,0x000000001f400000] [id=12260]

VM state:not at safepoint (normal execution)

VM Mutex/Monitor currently owned by a thread: None

Heap:
 PSYoungGen      total 76288K, used 49708K [0x000000076b200000, 0x0000000770700000, 0x00000007c0000000)
  eden space 65536K, 59% used [0x000000076b200000,0x000000076d810100,0x000000076f200000)
  from space 10752K, 99% used [0x000000076f200000,0x000000076fc7b0a0,0x000000076fc80000)
  to   space 10752K, 0% used [0x000000076fc80000,0x000000076fc80000,0x0000000770700000)
 ParOldGen       total 175104K, used 21756K [0x00000006c1600000, 0x00000006cc100000, 0x000000076b200000)
  object space 175104K, 12% used [0x00000006c1600000,0x00000006c2b3f348,0x00000006cc100000)
 Metaspace       used 16148K, capacity 16435K, committed 16640K, reserved 1064960K
  class space    used 1376K, capacity 1462K, committed 1536K, reserved 1048576K

Card table byte_map: [0x0000000011c30000,0x0000000012430000] byte_map_base: 0x000000000e625000

Marking Bits: (ParMarkBitMap*) 0x0000000070eed850
 Begin Bits: [0x0000000013520000, 0x00000000174c8000)
 End Bits:   [0x00000000174c8000, 0x000000001b470000)

Polling page: 0x0000000000420000

CodeCache: size=245760Kb used=4593Kb max_used=4603Kb free=241166Kb
 bounds [0x0000000002870000, 0x0000000002d00000, 0x0000000011870000]
 total_blobs=2308 nmethods=1257 adapters=964
 compilation: enabled

Compilation events (10 events):
Event: 2.116 Thread 0x000000001d623800 nmethod 1252% 0x0000000002ce3b10 code [0x0000000002ce3fe0, 0x0000000002ce6988]
Event: 2.116 Thread 0x000000001d61e800 1253       4       engine.noise.FastNoise::ValCoord2D (33 bytes)
Event: 2.116 Thread 0x000000001d61e800 nmethod 1253 0x0000000002cdc550 code [0x0000000002cdc6a0, 0x0000000002cdc718]
Event: 2.117 Thread 0x000000001d623800 1254       3       engine.logic.Chunk::generateTerrain (813 bytes)
Event: 2.118 Thread 0x000000001d623800 nmethod 1254 0x0000000002ce9590 code [0x0000000002ce9a40, 0x0000000002cebfc8]
Event: 2.122 Thread 0x000000001c66f000 1255 %     4       engine.logic.Chunk::generateTerrain @ 72 (813 bytes)
Event: 2.133 Thread 0x000000001d61e800 1257       4       java.lang.ref.Reference::<init> (25 bytes)
Event: 2.133 Thread 0x000000001d623800 1256       3       java.nio.ByteBuffer::<init> (45 bytes)
Event: 2.134 Thread 0x000000001d623800 nmethod 1256 0x0000000002cddf10 code [0x0000000002cde080, 0x0000000002cde2c8]
Event: 2.134 Thread 0x000000001d61e800 nmethod 1257 0x0000000002cdc310 code [0x0000000002cdc440, 0x0000000002cdc4f8]

GC Heap History (2 events):
Event: 1.802 GC heap before
{Heap before GC invocations=1 (full 0):
 PSYoungGen      total 76288K, used 65536K [0x000000076b200000, 0x0000000770700000, 0x00000007c0000000)
  eden space 65536K, 100% used [0x000000076b200000,0x000000076f200000,0x000000076f200000)
  from space 10752K, 0% used [0x000000076fc80000,0x000000076fc80000,0x0000000770700000)
  to   space 10752K, 0% used [0x000000076f200000,0x000000076f200000,0x000000076fc80000)
 ParOldGen       total 175104K, used 0K [0x00000006c1600000, 0x00000006cc100000, 0x000000076b200000)
  object space 175104K, 0% used [0x00000006c1600000,0x00000006c1600000,0x00000006cc100000)
 Metaspace       used 13402K, capacity 13683K, committed 13952K, reserved 1062912K
  class space    used 1232K, capacity 1334K, committed 1408K, reserved 1048576K
Event: 1.814 GC heap after
Heap after GC invocations=1 (full 0):
 PSYoungGen      total 76288K, used 10732K [0x000000076b200000, 0x0000000770700000, 0x00000007c0000000)
  eden space 65536K, 0% used [0x000000076b200000,0x000000076b200000,0x000000076f200000)
  from space 10752K, 99% used [0x000000076f200000,0x000000076fc7b0a0,0x000000076fc80000)
  to   space 10752K, 0% used [0x000000076fc80000,0x000000076fc80000,0x0000000770700000)
 ParOldGen       total 175104K, used 21756K [0x00000006c1600000, 0x00000006cc100000, 0x000000076b200000)
  object space 175104K, 12% used [0x00000006c1600000,0x00000006c2b3f348,0x00000006cc100000)
 Metaspace       used 13402K, capacity 13683K, committed 13952K, reserved 1062912K
  class space    used 1232K, capacity 1334K, committed 1408K, reserved 1048576K
}

Deoptimization events (6 events):
Event: 0.840 Thread 0x000000001d79e000 Uncommon trap: reason=unstable_if action=reinterpret pc=0x00000000029fad1c method=java.lang.String.indexOf([CII[CIII)I @ 3
Event: 1.839 Thread 0x000000001d79e000 Uncommon trap: reason=class_check action=maybe_recompile pc=0x0000000002b89998 method=java.awt.image.BufferedImage.getRGB(IIII[III)[I @ 202
Event: 1.839 Thread 0x000000001d79e000 Uncommon trap: reason=class_check action=maybe_recompile pc=0x0000000002b89998 method=java.awt.image.BufferedImage.getRGB(IIII[III)[I @ 202
Event: 1.840 Thread 0x000000001d79e000 Uncommon trap: reason=class_check action=maybe_recompile pc=0x0000000002b89998 method=java.awt.image.BufferedImage.getRGB(IIII[III)[I @ 202
Event: 1.840 Thread 0x000000001d79e000 Uncommon trap: reason=class_check action=maybe_recompile pc=0x0000000002b89998 method=java.awt.image.BufferedImage.getRGB(IIII[III)[I @ 202
Event: 1.940 Thread 0x000000001d79e000 Uncommon trap: reason=unloaded action=reinterpret pc=0x0000000002c8d6bc method=engine.ui.Font.createFontTexture(Ljava/awt/Font;Z)Lengine/graphic/Texture; @ 441

Internal exceptions (10 events):
Event: 0.100 Thread 0x000000001d79e000 Exception <a 'java/lang/NoSuchFieldError': method resolution failed> (0x000000076b6fa560) thrown at [C:\re\workspace\8-2-build-windows-amd64-cygwin\jdk8u151\9699\hotspot\src\share\vm\prims\methodHandles.cpp, line 1146]
Event: 0.101 Thread 0x000000001d79e000 Exception <a 'java/lang/NoSuchFieldError': method resolution failed> (0x000000076b707960) thrown at [C:\re\workspace\8-2-build-windows-amd64-cygwin\jdk8u151\9699\hotspot\src\share\vm\prims\methodHandles.cpp, line 1146]
Event: 0.130 Thread 0x000000001d79e000 Exception <a 'java/security/PrivilegedActionException'> (0x000000076b84ead8) thrown at [C:\re\workspace\8-2-build-windows-amd64-cygwin\jdk8u151\9699\hotspot\src\share\vm\prims\jvm.cpp, line 1390]
Event: 0.130 Thread 0x000000001d79e000 Exception <a 'java/security/PrivilegedActionException'> (0x000000076b84ece8) thrown at [C:\re\workspace\8-2-build-windows-amd64-cygwin\jdk8u151\9699\hotspot\src\share\vm\prims\jvm.cpp, line 1390]
Event: 0.131 Thread 0x000000001d79e000 Exception <a 'java/security/PrivilegedActionException'> (0x000000076b852bf8) thrown at [C:\re\workspace\8-2-build-windows-amd64-cygwin\jdk8u151\9699\hotspot\src\share\vm\prims\jvm.cpp, line 1390]
Event: 0.131 Thread 0x000000001d79e000 Exception <a 'java/security/PrivilegedActionException'> (0x000000076b852e08) thrown at [C:\re\workspace\8-2-build-windows-amd64-cygwin\jdk8u151\9699\hotspot\src\share\vm\prims\jvm.cpp, line 1390]
Event: 0.624 Thread 0x000000001d79e000 Exception <a 'sun/nio/fs/WindowsException'> (0x000000076b9f6e78) thrown at [C:\re\workspace\8-2-build-windows-amd64-cygwin\jdk8u151\9699\hotspot\src\share\vm\prims\jni.cpp, line 709]
Event: 0.624 Thread 0x000000001d79e000 Exception <a 'sun/nio/fs/WindowsException'> (0x000000076b9f7648) thrown at [C:\re\workspace\8-2-build-windows-amd64-cygwin\jdk8u151\9699\hotspot\src\share\vm\prims\jni.cpp, line 709]
Event: 0.832 Thread 0x000000001d79e000 Exception <a 'java/io/FileNotFoundException'> (0x000000076c350700) thrown at [C:\re\workspace\8-2-build-windows-amd64-cygwin\jdk8u151\9699\hotspot\src\share\vm\prims\jni.cpp, line 709]
Event: 1.616 Thread 0x000000001d79e000 Exception <a 'java/io/FileNotFoundException'> (0x000000076d4a57b0) thrown at [C:\re\workspace\8-2-build-windows-amd64-cygwin\jdk8u151\9699\hotspot\src\share\vm\prims\jni.cpp, line 709]

Events (10 events):
Event: 2.078 loading class engine/noise/FastNoise$NoiseType
Event: 2.078 loading class engine/noise/FastNoise$NoiseType done
Event: 2.078 loading class engine/noise/FastNoise$FractalType
Event: 2.078 loading class engine/noise/FastNoise$FractalType done
Event: 2.079 loading class engine/noise/FastNoise$CellularDistanceFunction
Event: 2.079 loading class engine/noise/FastNoise$CellularDistanceFunction done
Event: 2.079 loading class engine/noise/FastNoise$CellularReturnType
Event: 2.079 loading class engine/noise/FastNoise$CellularReturnType done
Event: 2.079 loading class engine/utilities/Color
Event: 2.079 loading class engine/utilities/Color done


Dynamic libraries:
0x000000013f470000 - 0x000000013f4a7000 	C:\Program Files\Java\jdk1.8.0_151\bin\javaw.exe
0x00000000778d0000 - 0x0000000077a7a000 	C:\Windows\SYSTEM32\ntdll.dll
0x00000000776b0000 - 0x00000000777cf000 	C:\Windows\system32\kernel32.dll
0x000007fefd8a0000 - 0x000007fefd90a000 	C:\Windows\system32\KERNELBASE.dll
0x000007feffb00000 - 0x000007feffbdb000 	C:\Windows\system32\ADVAPI32.dll
0x000007fefdfb0000 - 0x000007fefe04f000 	C:\Windows\system32\msvcrt.dll
0x000007fefe050000 - 0x000007fefe06f000 	C:\Windows\SYSTEM32\sechost.dll
0x000007feff0d0000 - 0x000007feff1fd000 	C:\Windows\system32\RPCRT4.dll
0x00000000777d0000 - 0x00000000778ca000 	C:\Windows\system32\USER32.dll
0x000007fefe100000 - 0x000007fefe167000 	C:\Windows\system32\GDI32.dll
0x000007fefdf00000 - 0x000007fefdf0e000 	C:\Windows\system32\LPK.dll
0x000007fefe250000 - 0x000007fefe31a000 	C:\Windows\system32\USP10.dll
0x000007fefba30000 - 0x000007fefbc24000 	C:\Windows\WinSxS\amd64_microsoft.windows.common-controls_6595b64144ccf1df_6.0.7601.18837_none_fa3b1e3d17594757\COMCTL32.dll
0x000007feff7b0000 - 0x000007feff821000 	C:\Windows\system32\SHLWAPI.dll
0x000007fefe070000 - 0x000007fefe09e000 	C:\Windows\system32\IMM32.DLL
0x000007fefdbe0000 - 0x000007fefdce9000 	C:\Windows\system32\MSCTF.dll
0x0000000051f90000 - 0x0000000052062000 	C:\Program Files\Java\jdk1.8.0_151\jre\bin\msvcr100.dll
0x00000000706d0000 - 0x0000000070f6d000 	C:\Program Files\Java\jdk1.8.0_151\jre\bin\server\jvm.dll
0x000007fedc790000 - 0x000007fedc799000 	C:\Windows\system32\WSOCK32.dll
0x000007feff460000 - 0x000007feff4ad000 	C:\Windows\system32\WS2_32.dll
0x000007feff960000 - 0x000007feff968000 	C:\Windows\system32\NSI.dll
0x000007fefa800000 - 0x000007fefa83b000 	C:\Windows\system32\WINMM.dll
0x000007fefd1c0000 - 0x000007fefd1cc000 	C:\Windows\system32\VERSION.dll
0x0000000077a90000 - 0x0000000077a97000 	C:\Windows\system32\PSAPI.DLL
0x00000000720c0000 - 0x00000000720cf000 	C:\Program Files\Java\jdk1.8.0_151\jre\bin\verify.dll
0x000000005c610000 - 0x000000005c639000 	C:\Program Files\Java\jdk1.8.0_151\jre\bin\java.dll
0x0000000060160000 - 0x0000000060176000 	C:\Program Files\Java\jdk1.8.0_151\jre\bin\zip.dll
0x000007fefe320000 - 0x000007feff0a9000 	C:\Windows\system32\SHELL32.dll
0x000007fefdcf0000 - 0x000007fefdef3000 	C:\Windows\system32\ole32.dll
0x000007fefd7d0000 - 0x000007fefd7df000 	C:\Windows\system32\profapi.dll
0x0000000072070000 - 0x000000007208a000 	C:\Program Files\Java\jdk1.8.0_151\jre\bin\net.dll
0x000007fefcd40000 - 0x000007fefcd95000 	C:\Windows\system32\mswsock.dll
0x000007fefcd30000 - 0x000007fefcd37000 	C:\Windows\System32\wship6.dll
0x000000005c5f0000 - 0x000000005c601000 	C:\Program Files\Java\jdk1.8.0_151\jre\bin\nio.dll
0x000007fecd0a0000 - 0x000007fecd0fb000 	C:\Users\User\AppData\Local\Temp\lwjglUser\3.1.6-build-14\lwjgl.dll
0x000007fefd1b0000 - 0x000007fefd1b3000 	C:\Windows\system32\api-ms-win-core-synch-l1-2-0.DLL
0x000007feccc50000 - 0x000007feccca1000 	C:\Users\User\AppData\Local\Temp\lwjglUser\3.1.6-build-14\glfw.dll
0x000007fefb480000 - 0x000007fefb4d6000 	C:\Windows\system32\uxtheme.dll
0x000007fee3bc0000 - 0x000007fee3bfc000 	C:\Windows\system32\dinput8.dll
0x0000000001bf0000 - 0x0000000001c0e000 	C:\Windows\system32\xinput1_3.dll
0x000007feff280000 - 0x000007feff457000 	C:\Windows\system32\SETUPAPI.dll
0x000007fefd990000 - 0x000007fefd9c6000 	C:\Windows\system32\CFGMGR32.dll
0x000007fefe170000 - 0x000007fefe24a000 	C:\Windows\system32\OLEAUT32.dll
0x000007fefd880000 - 0x000007fefd89a000 	C:\Windows\system32\DEVOBJ.dll
0x000007fefad30000 - 0x000007fefad48000 	C:\Windows\system32\dwmapi.dll
0x000007fefae90000 - 0x000007fefae9b000 	C:\Windows\system32\HID.DLL
0x000007fefd950000 - 0x000007fefd98b000 	C:\Windows\system32\WINTRUST.dll
0x000007fefd9d0000 - 0x000007fefdb3d000 	C:\Windows\system32\CRYPT32.dll
0x000007fefd870000 - 0x000007fefd87f000 	C:\Windows\system32\MSASN1.dll
0x000007fec7840000 - 0x000007fec795d000 	C:\Windows\system32\opengl32.dll
0x000007fecf680000 - 0x000007fecf6ad000 	C:\Windows\system32\GLU32.dll
0x000007fec9240000 - 0x000007fec9331000 	C:\Windows\system32\DDRAW.dll
0x000007fee3920000 - 0x000007fee3928000 	C:\Windows\system32\DCIMAN32.dll
0x0000000068bd0000 - 0x000000006b1a0000 	C:\Windows\system32\nvoglv64.DLL
0x000007fefd160000 - 0x000007fefd171000 	C:\Windows\system32\WTSAPI32.dll
0x000007fefd180000 - 0x000007fefd1ad000 	C:\Windows\system32\ntmarta.dll
0x000007fefe0a0000 - 0x000007fefe0f2000 	C:\Windows\system32\WLDAP32.dll
0x000007feea590000 - 0x000007feea818000 	C:\Windows\system32\nvspcap64.dll
0x000007fefd3d0000 - 0x000007fefd40d000 	C:\Windows\system32\WINSTA.dll
0x000007fefd700000 - 0x000007fefd70f000 	C:\Windows\system32\CRYPTBASE.dll
0x000007fec77e0000 - 0x000007fec783f000 	C:\Users\User\AppData\Local\Temp\lwjglUser\3.1.6-build-14\lwjgl_opengl.dll
0x000007fec76f0000 - 0x000007fec77e0000 	C:\Users\User\AppData\Local\Temp\lwjglUser\3.1.6-build-14\OpenAL.dll
0x000007fefdf10000 - 0x000007fefdfa9000 	C:\Windows\system32\CLBCatQ.DLL
0x000007fefcfb0000 - 0x000007fefcffb000 	C:\Windows\System32\MMDevApi.dll
0x000007fefc060000 - 0x000007fefc18c000 	C:\Windows\System32\PROPSYS.dll
0x000007fef94d0000 - 0x000007fef951f000 	C:\Windows\system32\AUDIOSES.DLL
0x0000000051df0000 - 0x0000000051f88000 	C:\Program Files\Java\jdk1.8.0_151\jre\bin\awt.dll
0x000007fefcda0000 - 0x000007fefcdb8000 	C:\Windows\system32\CRYPTSP.dll
0x000007fefcaa0000 - 0x000007fefcae7000 	C:\Windows\system32\rsaenh.dll
0x000007fefd230000 - 0x000007fefd24e000 	C:\Windows\system32\USERENV.dll
0x000007fefb110000 - 0x000007fefb137000 	C:\Windows\system32\IPHLPAPI.DLL
0x000007fefb100000 - 0x000007fefb10b000 	C:\Windows\system32\WINNSI.DLL
0x000007fefaf00000 - 0x000007fefaf11000 	C:\Windows\system32\dhcpcsvc6.DLL
0x000007fefae70000 - 0x000007fefae88000 	C:\Windows\system32\dhcpcsvc.DLL
0x000007fec7670000 - 0x000007fec76ee000 	C:\Users\User\AppData\Local\Temp\lwjglUser\3.1.6-build-14\lwjgl_stb.dll
0x000000005c5a0000 - 0x000000005c5e7000 	C:\Program Files\Java\jdk1.8.0_151\jre\bin\fontmanager.dll
0x000007fef9f90000 - 0x000007fefa18f000 	C:\Windows\system32\d3d9.dll
0x000007fef9f80000 - 0x000007fef9f87000 	C:\Windows\system32\d3d8thk.dll
0x000007fecaf10000 - 0x000007fecc2c1000 	C:\Windows\system32\nvd3dumx.dll
0x000007fefc340000 - 0x000007fefc36c000 	C:\Windows\system32\powrprof.dll
0x000007fecf480000 - 0x000007fecf543000 	C:\Program Files (x86)\NVIDIA Corporation\3D Vision\nvSCPAPI64.dll
0x000007feff0b0000 - 0x000007feff0c9000 	C:\Windows\system32\imagehlp.dll
0x000007fefcf20000 - 0x000007fefcf70000 	C:\Windows\system32\ncrypt.dll
0x000007fefcef0000 - 0x000007fefcf12000 	C:\Windows\system32\bcrypt.dll
0x000007fefc9e0000 - 0x000007fefca2c000 	C:\Windows\system32\bcryptprimitives.dll
0x000007fefd210000 - 0x000007fefd22b000 	C:\Windows\system32\GPAPI.dll
0x000007fef9760000 - 0x000007fef9787000 	C:\Windows\system32\cryptnet.dll
0x000000005c550000 - 0x000000005c592000 	C:\Program Files\Java\jdk1.8.0_151\jre\bin\t2k.dll
0x00000000502e0000 - 0x0000000050382000 	C:\Program Files\Java\jdk1.8.0_151\jre\bin\mlib_image.dll
0x000007fef6af0000 - 0x000007fef6c15000 	C:\Windows\system32\dbghelp.dll

VM Arguments:
jvm_args: -Dfile.encoding=Cp1252 
java_command: game.Main
java_class_path (initial): C:\Program Files\Java\jdk1.8.0_151\jre\lib\resources.jar;C:\Program Files\Java\jdk1.8.0_151\jre\lib\rt.jar;C:\Program Files\Java\jdk1.8.0_151\jre\lib\jsse.jar;C:\Program Files\Java\jdk1.8.0_151\jre\lib\jce.jar;C:\Program Files\Java\jdk1.8.0_151\jre\lib\charsets.jar;C:\Program Files\Java\jdk1.8.0_151\jre\lib\jfr.jar;C:\Program Files\Java\jdk1.8.0_151\jre\lib\ext\access-bridge-64.jar;C:\Program Files\Java\jdk1.8.0_151\jre\lib\ext\cldrdata.jar;C:\Program Files\Java\jdk1.8.0_151\jre\lib\ext\dnsns.jar;C:\Program Files\Java\jdk1.8.0_151\jre\lib\ext\jaccess.jar;C:\Program Files\Java\jdk1.8.0_151\jre\lib\ext\jfxrt.jar;C:\Program Files\Java\jdk1.8.0_151\jre\lib\ext\localedata.jar;C:\Program Files\Java\jdk1.8.0_151\jre\lib\ext\nashorn.jar;C:\Program Files\Java\jdk1.8.0_151\jre\lib\ext\sunec.jar;C:\Program Files\Java\jdk1.8.0_151\jre\lib\ext\sunjce_provider.jar;C:\Program Files\Java\jdk1.8.0_151\jre\lib\ext\sunmscapi.jar;C:\Program Files\Java\jdk1.8.0_151\jre\lib\ext\sunpkcs11.jar;C:\Program Files\Java\jdk1.8.0_151\jre\lib\ext\zipfs.jar;C:\Users\User\Dropbox\Engine\bin;C:\Users\User\Dropbox\Engine\lib\glm_modified to serialaze\glm-1.0.1.jar;C:\Users\User\Dropbox\Engine\lib\jafama\jafama.jar;C:\Users\User\Dropbox\Engine\lib\jbox2d-library\target\jbox2d-library-2.3.1-SNAPSHOT.jar;C:\Users\User\Dropbox\Engine\lib\lwjgl\lwjgl.jar;C:\Users\User\Dropbox\Engine\lib\lwjgl\lwjgl-glfw.jar;C:\Users\User\Dropbox\Engine\lib\lwjgl\lwjgl-openal.jar;C:\Users\User\Dropbox\Engine\lib\lwjgl\lwjgl-opengl.jar;C:\Users\User\Dropbox\Engine\lib\lwjgl\lwjgl-glfw-natives-windows.jar;C:\Users\User\Dropbox\Engine\lib\lwjgl\lwjgl-openal-natives-windows.jar;C:\Users\User\Dropbox\Engine\lib\lwjgl\lwjgl-opengl-natives-windows.jar;C:\Users\User\Dropbox\Engine\lib\lwjgl\lwjgl-natives-windows.jar;C:\Users\User\Dropbox\Engine\lib\lwjgl\lwjgl-stb-natives-windows.jar;C:\Users\User\Dropbox\Engine\lib\lwjgl\lwjgl-stb.jar
Launcher Type: SUN_STANDARD

Environment Variables:
JAVA_HOME=C:\Program Files\Java\jdk1.8.0_151
PATH=C:/Program Files/Java/jre1.8.0_151/bin/server;C:/Program Files/Java/jre1.8.0_151/bin;C:/Program Files/Java/jre1.8.0_151/lib/amd64;;C:\ProgramData\Oracle\Java\javapath;C:\Windows\system32;C:\Windows;C:\Windows\System32\Wbem;C:\Windows\System32\WindowsPowerShell\v1.0\;C:\Program Files (x86)\NVIDIA Corporation\PhysX\Common;C:\Program Files\PuTTY\;C:\Program Files\Git\cmd;C:\Program Files\MiKTeX 2.9\miktex\bin\x64\;C:\Program Files\apache-maven-3.5.2\bin;C:\Program Files\nodejs\;C:\Program Files\CMake\bin;C:\Program Files\dotnet\;C:\Program Files\Microsoft SQL Server\130\Tools\Binn\;F:\VS2017\VC\Tools\MSVC\14.14.26428\bin\Hostx64\x64;C:\Program Files\Microsoft VS Code\bin;C:\Bitnami\wampstack-7.1.23-0\php;C:\ProgramData\ComposerSetup\bin;C:\Program Files\Java\jdk1.8.0_151\bin;C:\Users\User\AppData\Roaming\npm;C:\Program Files (x86)\Microsoft Visual Studio 14.0\VC\bin\cl.exe;C:\Program Files\Microsoft VS Code\bin;C:\Users\User\AppData\Roaming\Composer\vendor\bin;C:\Users\User\eclipse\java-oxygen\eclipse;
USERNAME=User
OS=Windows_NT
PROCESSOR_IDENTIFIER=Intel64 Family 6 Model 60 Stepping 3, GenuineIntel



---------------  S Y S T E M  ---------------

OS: Windows 7 , 64 bit Build 7601 (6.1.7601.23572)

CPU:total 8 (initial active 8) (4 cores per cpu, 2 threads per core) family 6 model 60 stepping 3, cmov, cx8, fxsr, mmx, sse, sse2, sse3, ssse3, sse4.1, sse4.2, popcnt, avx, avx2, aes, clmul, erms, rtm, lzcnt, ht, tsc, tscinvbit, bmi1, bmi2

Memory: 4k page, physical 16680660k(10535328k free), swap 33359460k(22236548k free)

vm_info: Java HotSpot(TM) 64-Bit Server VM (25.151-b12) for windows-amd64 JRE (1.8.0_151-b12), built on Sep  5 2017 19:33:46 by "java_re" with MS VC++ 10.0 (VS2010)

time: Sat Oct 27 21:25:32 2018
elapsed time: 2 seconds (0d 0h 0m 2s)

