#
# A fatal error has been detected by the Java Runtime Environment:
#
#  EXCEPTION_ACCESS_VIOLATION (0xc0000005) at pc=0x0000000069684e70, pid=11356, tid=0x000000000000255c
#
# JRE version: Java(TM) SE Runtime Environment (8.0_151-b12) (build 1.8.0_151-b12)
# Java VM: Java HotSpot(TM) 64-Bit Server VM (25.151-b12 mixed mode windows-amd64 compressed oops)
# Problematic frame:
# C  [nvoglv64.DLL+0xe34e70]
#
# Failed to write core dump. Minidumps are not enabled by default on client versions of Windows
#
# If you would like to submit a bug report, please visit:
#   http://bugreport.java.com/bugreport/crash.jsp
# The crash happened outside the Java Virtual Machine in native code.
# See problematic frame for where to report the bug.
#

---------------  T H R E A D  ---------------

Current thread (0x000000001d67d800):  JavaThread "Thread-0" [_thread_in_native, id=9564, stack(0x000000001f690000,0x000000001f790000)]

siginfo: ExceptionCode=0xc0000005, reading address 0x0000000000000000

Registers:
RAX=0x0000000000000030, RBX=0x0000000022060080, RCX=0x00000000231353f8, RDX=0xffffffffdcecac08
RSP=0x000000001f78ec08, RBP=0x0000000000001405, RSI=0x0000000000000030, RDI=0x000000000000000c
R8 =0x0000000000000030, R9 =0x0000000000000000, R10=0x0000000000000000, R11=0x00000000231353f8
R12=0x0000000000000000, R13=0x000000001c0f7670, R14=0x0000000000000004, R15=0x0000000000000050
RIP=0x0000000069684e70, EFLAGS=0x0000000000010283

Top of Stack: (sp=0x000000001f78ec08)
0x000000001f78ec08:   0000000068e65a37 000000000282835d
0x000000001f78ec18:   0000000002837e06 000000001d6a2800
0x000000001f78ec28:   000000001d67d800 000000001f78ed30
0x000000001f78ec38:   0000000000000000 000000000282835d
0x000000001f78ec48:   0000000002837f74 000000001bd721c8
0x000000001f78ec58:   000000001d67d800 000000001c0f7670
0x000000001f78ec68:   000000001f78ece8 0000000000000002
0x000000001f78ec78:   0000000000000000 0000000000000002
0x000000001f78ec88:   000000001c0f7670 000000001bd721c8
0x000000001f78ec98:   000000001d67d800 0000000002837ca2
0x000000001f78eca8:   000000001f78eca8 000000001c0f7670
0x000000001f78ecb8:   000000001f78ed30 000000001c0f9f10
0x000000001f78ecc8:   0000000000000000 000000001c0f7670
0x000000001f78ecd8:   0000000000000000 000000001f78ed08
0x000000001f78ece8:   000000001f78ed78 000000000282835d
0x000000001f78ecf8:   000000076f249740 00000000028319d8 

Instructions: (pc=0x0000000069684e70)
0x0000000069684e50:   29 41 c0 0f 29 49 d0 0f 10 44 0a e0 0f 10 4c 0a
0x0000000069684e60:   f0 75 ad 0f 29 41 e0 49 83 e0 7f 0f 28 c1 eb 0c
0x0000000069684e70:   0f 10 04 0a 48 83 c1 10 49 83 e8 10 4d 8b c8 49
0x0000000069684e80:   c1 e9 04 74 1c 66 66 66 0f 1f 84 00 00 00 00 00 


Register to memory mapping:

RAX=0x0000000000000030 is an unknown value
RBX=0x0000000022060080 is an unknown value
RCX=0x00000000231353f8 is an unknown value
RDX=0xffffffffdcecac08 is an unknown value
RSP=0x000000001f78ec08 is pointing into the stack for thread: 0x000000001d67d800
RBP=0x0000000000001405 is an unknown value
RSI=0x0000000000000030 is an unknown value
RDI=0x000000000000000c is an unknown value
R8 =0x0000000000000030 is an unknown value
R9 =0x0000000000000000 is an unknown value
R10=0x0000000000000000 is an unknown value
R11=0x00000000231353f8 is an unknown value
R12=0x0000000000000000 is an unknown value
R13={method} {0x000000001c0f7678} 'nglDrawElementsInstanced' '(IIIJI)V' in 'org/lwjgl/opengl/GL31'
R14=0x0000000000000004 is an unknown value
R15=0x0000000000000050 is an unknown value


Stack: [0x000000001f690000,0x000000001f790000],  sp=0x000000001f78ec08,  free space=1019k
Native frames: (J=compiled Java code, j=interpreted, Vv=VM code, C=native code)
C  [nvoglv64.DLL+0xe34e70]
C  [nvoglv64.DLL+0x615a37]
C  0x0000000002837f74

Java frames: (J=compiled Java code, j=interpreted, Vv=VM code)
j  org.lwjgl.opengl.GL31.nglDrawElementsInstanced(IIIJI)V+0
j  org.lwjgl.opengl.GL31.glDrawElementsInstanced(IIIJI)V+6
j  engine.renderer.TextureRendererV2.end()V+207
j  engine.entity.RenderSystem.renderv2()V+59
j  engine.entity.RenderSystem.render()V+1
j  engine.entity.SystemManager.render()V+22
j  gameStates.Game.render()V+249
j  gameStates.GSM.render()V+4
j  engine.engine.Engine.render()V+7
j  engine.engine.Engine.run()V+32
j  java.lang.Thread.run()V+11
v  ~StubRoutines::call_stub

---------------  P R O C E S S  ---------------

Java Threads: ( => current thread )
  0x000000001faeb800 JavaThread "AWT-Windows" daemon [_thread_in_native, id=11176, stack(0x000000002b8a0000,0x000000002b9a0000)]
  0x000000001fae8800 JavaThread "AWT-Shutdown" [_thread_blocked, id=11464, stack(0x000000002b5c0000,0x000000002b6c0000)]
  0x000000001fb21800 JavaThread "Java2D Disposer" daemon [_thread_blocked, id=11436, stack(0x0000000025b10000,0x0000000025c10000)]
  0x000000000211f000 JavaThread "DestroyJavaVM" [_thread_blocked, id=11688, stack(0x0000000002450000,0x0000000002550000)]
=>0x000000001d67d800 JavaThread "Thread-0" [_thread_in_native, id=9564, stack(0x000000001f690000,0x000000001f790000)]
  0x000000001d613000 JavaThread "Service Thread" daemon [_thread_blocked, id=11204, stack(0x000000001ee60000,0x000000001ef60000)]
  0x000000001d57a000 JavaThread "C1 CompilerThread3" daemon [_thread_blocked, id=3900, stack(0x000000001f330000,0x000000001f430000)]
  0x000000001d579000 JavaThread "C2 CompilerThread2" daemon [_thread_blocked, id=11592, stack(0x000000001f1a0000,0x000000001f2a0000)]
  0x000000001d570000 JavaThread "C2 CompilerThread1" daemon [_thread_blocked, id=12076, stack(0x000000001efc0000,0x000000001f0c0000)]
  0x000000001d569000 JavaThread "C2 CompilerThread0" daemon [_thread_blocked, id=12276, stack(0x000000001ed20000,0x000000001ee20000)]
  0x000000001d567800 JavaThread "Attach Listener" daemon [_thread_blocked, id=12220, stack(0x000000001ebb0000,0x000000001ecb0000)]
  0x000000001d566000 JavaThread "Signal Dispatcher" daemon [_thread_blocked, id=11932, stack(0x000000001e9d0000,0x000000001ead0000)]
  0x000000001c4ae800 JavaThread "Finalizer" daemon [_thread_blocked, id=10588, stack(0x000000001e810000,0x000000001e910000)]
  0x000000001c4a7000 JavaThread "Reference Handler" daemon [_thread_blocked, id=4032, stack(0x000000001e670000,0x000000001e770000)]

Other Threads:
  0x000000001d511800 VMThread [stack: 0x000000001e460000,0x000000001e560000] [id=8220]
  0x000000001d5d1800 WatcherThread [stack: 0x000000001f450000,0x000000001f550000] [id=11456]

VM state:not at safepoint (normal execution)

VM Mutex/Monitor currently owned by a thread: None

Heap:
 PSYoungGen      total 76288K, used 49709K [0x000000076b200000, 0x0000000770700000, 0x00000007c0000000)
  eden space 65536K, 59% used [0x000000076b200000,0x000000076d810020,0x000000076f200000)
  from space 10752K, 99% used [0x000000076f200000,0x000000076fc7b638,0x000000076fc80000)
  to   space 10752K, 0% used [0x000000076fc80000,0x000000076fc80000,0x0000000770700000)
 ParOldGen       total 175104K, used 21699K [0x00000006c1600000, 0x00000006cc100000, 0x000000076b200000)
  object space 175104K, 12% used [0x00000006c1600000,0x00000006c2b30f00,0x00000006cc100000)
 Metaspace       used 16151K, capacity 16435K, committed 16640K, reserved 1064960K
  class space    used 1376K, capacity 1462K, committed 1536K, reserved 1048576K

Card table byte_map: [0x0000000011be0000,0x00000000123e0000] byte_map_base: 0x000000000e5d5000

Marking Bits: (ParMarkBitMap*) 0x000000007165d850
 Begin Bits: [0x0000000013370000, 0x0000000017318000)
 End Bits:   [0x0000000017318000, 0x000000001b2c0000)

Polling page: 0x00000000004c0000

CodeCache: size=245760Kb used=4614Kb max_used=4626Kb free=241145Kb
 bounds [0x0000000002820000, 0x0000000002cb0000, 0x0000000011820000]
 total_blobs=2306 nmethods=1255 adapters=964
 compilation: enabled

Compilation events (10 events):
Event: 2.083 Thread 0x000000001d570000 nmethod 1249 0x0000000002c999d0 code [0x0000000002c99c40, 0x0000000002c9a770]
Event: 2.106 Thread 0x000000001d57a000 1251 %     3       engine.logic.Chunk::generateTerrain @ 72 (813 bytes)
Event: 2.108 Thread 0x000000001d57a000 nmethod 1251% 0x0000000002c9b410 code [0x0000000002c9b8e0, 0x0000000002c9e288]
Event: 2.109 Thread 0x000000001d57a000 1252       3       engine.logic.Chunk::generateTerrain (813 bytes)
Event: 2.109 Thread 0x000000001d569000 1253       4       engine.noise.FastNoise::ValCoord2D (33 bytes)
Event: 2.109 Thread 0x000000001d569000 nmethod 1253 0x0000000002c95cd0 code [0x0000000002c95e20, 0x0000000002c95e98]
Event: 2.110 Thread 0x000000001d57a000 nmethod 1252 0x0000000002ca0e90 code [0x0000000002ca1340, 0x0000000002ca38c8]
Event: 2.114 Thread 0x000000001d579000 1254 %     4       engine.logic.Chunk::generateTerrain @ 72 (813 bytes)
Event: 2.127 Thread 0x000000001d570000 1255       4       java.lang.ref.Reference::<init> (25 bytes)
Event: 2.127 Thread 0x000000001d570000 nmethod 1255 0x0000000002c92ad0 code [0x0000000002c92c00, 0x0000000002c92cb8]

GC Heap History (2 events):
Event: 1.788 GC heap before
{Heap before GC invocations=1 (full 0):
 PSYoungGen      total 76288K, used 65536K [0x000000076b200000, 0x0000000770700000, 0x00000007c0000000)
  eden space 65536K, 100% used [0x000000076b200000,0x000000076f200000,0x000000076f200000)
  from space 10752K, 0% used [0x000000076fc80000,0x000000076fc80000,0x0000000770700000)
  to   space 10752K, 0% used [0x000000076f200000,0x000000076f200000,0x000000076fc80000)
 ParOldGen       total 175104K, used 0K [0x00000006c1600000, 0x00000006cc100000, 0x000000076b200000)
  object space 175104K, 0% used [0x00000006c1600000,0x00000006c1600000,0x00000006cc100000)
 Metaspace       used 13394K, capacity 13683K, committed 13952K, reserved 1062912K
  class space    used 1232K, capacity 1334K, committed 1408K, reserved 1048576K
Event: 1.797 GC heap after
Heap after GC invocations=1 (full 0):
 PSYoungGen      total 76288K, used 10733K [0x000000076b200000, 0x0000000770700000, 0x00000007c0000000)
  eden space 65536K, 0% used [0x000000076b200000,0x000000076b200000,0x000000076f200000)
  from space 10752K, 99% used [0x000000076f200000,0x000000076fc7b638,0x000000076fc80000)
  to   space 10752K, 0% used [0x000000076fc80000,0x000000076fc80000,0x0000000770700000)
 ParOldGen       total 175104K, used 21699K [0x00000006c1600000, 0x00000006cc100000, 0x000000076b200000)
  object space 175104K, 12% used [0x00000006c1600000,0x00000006c2b30f00,0x00000006cc100000)
 Metaspace       used 13394K, capacity 13683K, committed 13952K, reserved 1062912K
  class space    used 1232K, capacity 1334K, committed 1408K, reserved 1048576K
}

Deoptimization events (6 events):
Event: 0.816 Thread 0x000000001d67d800 Uncommon trap: reason=unstable_if action=reinterpret pc=0x00000000029b85dc method=java.lang.String.indexOf([CII[CIII)I @ 3
Event: 1.824 Thread 0x000000001d67d800 Uncommon trap: reason=class_check action=maybe_recompile pc=0x0000000002b42ed8 method=java.awt.image.BufferedImage.getRGB(IIII[III)[I @ 202
Event: 1.824 Thread 0x000000001d67d800 Uncommon trap: reason=class_check action=maybe_recompile pc=0x0000000002b42ed8 method=java.awt.image.BufferedImage.getRGB(IIII[III)[I @ 202
Event: 1.824 Thread 0x000000001d67d800 Uncommon trap: reason=class_check action=maybe_recompile pc=0x0000000002b42ed8 method=java.awt.image.BufferedImage.getRGB(IIII[III)[I @ 202
Event: 1.824 Thread 0x000000001d67d800 Uncommon trap: reason=class_check action=maybe_recompile pc=0x0000000002b42ed8 method=java.awt.image.BufferedImage.getRGB(IIII[III)[I @ 202
Event: 1.925 Thread 0x000000001d67d800 Uncommon trap: reason=unloaded action=reinterpret pc=0x0000000002c35afc method=engine.ui.Font.createFontTexture(Ljava/awt/Font;Z)Lengine/graphic/Texture; @ 441

Internal exceptions (10 events):
Event: 0.097 Thread 0x000000001d67d800 Exception <a 'java/lang/NoSuchFieldError': method resolution failed> (0x000000076b6fa560) thrown at [C:\re\workspace\8-2-build-windows-amd64-cygwin\jdk8u151\9699\hotspot\src\share\vm\prims\methodHandles.cpp, line 1146]
Event: 0.098 Thread 0x000000001d67d800 Exception <a 'java/lang/NoSuchFieldError': method resolution failed> (0x000000076b707960) thrown at [C:\re\workspace\8-2-build-windows-amd64-cygwin\jdk8u151\9699\hotspot\src\share\vm\prims\methodHandles.cpp, line 1146]
Event: 0.126 Thread 0x000000001d67d800 Exception <a 'java/security/PrivilegedActionException'> (0x000000076b84e800) thrown at [C:\re\workspace\8-2-build-windows-amd64-cygwin\jdk8u151\9699\hotspot\src\share\vm\prims\jvm.cpp, line 1390]
Event: 0.126 Thread 0x000000001d67d800 Exception <a 'java/security/PrivilegedActionException'> (0x000000076b84ea10) thrown at [C:\re\workspace\8-2-build-windows-amd64-cygwin\jdk8u151\9699\hotspot\src\share\vm\prims\jvm.cpp, line 1390]
Event: 0.127 Thread 0x000000001d67d800 Exception <a 'java/security/PrivilegedActionException'> (0x000000076b852920) thrown at [C:\re\workspace\8-2-build-windows-amd64-cygwin\jdk8u151\9699\hotspot\src\share\vm\prims\jvm.cpp, line 1390]
Event: 0.127 Thread 0x000000001d67d800 Exception <a 'java/security/PrivilegedActionException'> (0x000000076b852b30) thrown at [C:\re\workspace\8-2-build-windows-amd64-cygwin\jdk8u151\9699\hotspot\src\share\vm\prims\jvm.cpp, line 1390]
Event: 0.600 Thread 0x000000001d67d800 Exception <a 'sun/nio/fs/WindowsException'> (0x000000076b9f70b0) thrown at [C:\re\workspace\8-2-build-windows-amd64-cygwin\jdk8u151\9699\hotspot\src\share\vm\prims\jni.cpp, line 709]
Event: 0.600 Thread 0x000000001d67d800 Exception <a 'sun/nio/fs/WindowsException'> (0x000000076b9f7880) thrown at [C:\re\workspace\8-2-build-windows-amd64-cygwin\jdk8u151\9699\hotspot\src\share\vm\prims\jni.cpp, line 709]
Event: 0.809 Thread 0x000000001d67d800 Exception <a 'java/io/FileNotFoundException'> (0x000000076c350ae8) thrown at [C:\re\workspace\8-2-build-windows-amd64-cygwin\jdk8u151\9699\hotspot\src\share\vm\prims\jni.cpp, line 709]
Event: 1.602 Thread 0x000000001d67d800 Exception <a 'java/io/FileNotFoundException'> (0x000000076d4a5a58) thrown at [C:\re\workspace\8-2-build-windows-amd64-cygwin\jdk8u151\9699\hotspot\src\share\vm\prims\jni.cpp, line 709]

Events (10 events):
Event: 2.070 loading class engine/noise/FastNoise$NoiseType
Event: 2.070 loading class engine/noise/FastNoise$NoiseType done
Event: 2.070 loading class engine/noise/FastNoise$FractalType
Event: 2.070 loading class engine/noise/FastNoise$FractalType done
Event: 2.070 loading class engine/noise/FastNoise$CellularDistanceFunction
Event: 2.070 loading class engine/noise/FastNoise$CellularDistanceFunction done
Event: 2.070 loading class engine/noise/FastNoise$CellularReturnType
Event: 2.070 loading class engine/noise/FastNoise$CellularReturnType done
Event: 2.070 loading class engine/utilities/Color
Event: 2.070 loading class engine/utilities/Color done


Dynamic libraries:
0x000000013f4d0000 - 0x000000013f507000 	C:\Program Files\Java\jdk1.8.0_151\bin\javaw.exe
0x00000000778d0000 - 0x0000000077a7a000 	C:\Windows\SYSTEM32\ntdll.dll
0x00000000776b0000 - 0x00000000777cf000 	C:\Windows\system32\kernel32.dll
0x000007fefd8a0000 - 0x000007fefd90a000 	C:\Windows\system32\KERNELBASE.dll
0x000007feffb00000 - 0x000007feffbdb000 	C:\Windows\system32\ADVAPI32.dll
0x000007fefdfb0000 - 0x000007fefe04f000 	C:\Windows\system32\msvcrt.dll
0x000007fefe050000 - 0x000007fefe06f000 	C:\Windows\SYSTEM32\sechost.dll
0x000007feff0d0000 - 0x000007feff1fd000 	C:\Windows\system32\RPCRT4.dll
0x00000000777d0000 - 0x00000000778ca000 	C:\Windows\system32\USER32.dll
0x000007fefe100000 - 0x000007fefe167000 	C:\Windows\system32\GDI32.dll
0x000007fefdf00000 - 0x000007fefdf0e000 	C:\Windows\system32\LPK.dll
0x000007fefe250000 - 0x000007fefe31a000 	C:\Windows\system32\USP10.dll
0x000007fefba30000 - 0x000007fefbc24000 	C:\Windows\WinSxS\amd64_microsoft.windows.common-controls_6595b64144ccf1df_6.0.7601.18837_none_fa3b1e3d17594757\COMCTL32.dll
0x000007feff7b0000 - 0x000007feff821000 	C:\Windows\system32\SHLWAPI.dll
0x000007fefe070000 - 0x000007fefe09e000 	C:\Windows\system32\IMM32.DLL
0x000007fefdbe0000 - 0x000007fefdce9000 	C:\Windows\system32\MSCTF.dll
0x00000000791f0000 - 0x00000000792c2000 	C:\Program Files\Java\jdk1.8.0_151\jre\bin\msvcr100.dll
0x0000000070e40000 - 0x00000000716dd000 	C:\Program Files\Java\jdk1.8.0_151\jre\bin\server\jvm.dll
0x000007fedc790000 - 0x000007fedc799000 	C:\Windows\system32\WSOCK32.dll
0x000007feff460000 - 0x000007feff4ad000 	C:\Windows\system32\WS2_32.dll
0x000007feff960000 - 0x000007feff968000 	C:\Windows\system32\NSI.dll
0x000007fefa800000 - 0x000007fefa83b000 	C:\Windows\system32\WINMM.dll
0x000007fefd1c0000 - 0x000007fefd1cc000 	C:\Windows\system32\VERSION.dll
0x0000000077a90000 - 0x0000000077a97000 	C:\Windows\system32\PSAPI.DLL
0x000000005c0a0000 - 0x000000005c0af000 	C:\Program Files\Java\jdk1.8.0_151\jre\bin\verify.dll
0x000000005c050000 - 0x000000005c079000 	C:\Program Files\Java\jdk1.8.0_151\jre\bin\java.dll
0x000000005bd50000 - 0x000000005bd66000 	C:\Program Files\Java\jdk1.8.0_151\jre\bin\zip.dll
0x000007fefe320000 - 0x000007feff0a9000 	C:\Windows\system32\SHELL32.dll
0x000007fefdcf0000 - 0x000007fefdef3000 	C:\Windows\system32\ole32.dll
0x000007fefd7d0000 - 0x000007fefd7df000 	C:\Windows\system32\profapi.dll
0x000000005bd30000 - 0x000000005bd4a000 	C:\Program Files\Java\jdk1.8.0_151\jre\bin\net.dll
0x000007fefcd40000 - 0x000007fefcd95000 	C:\Windows\system32\mswsock.dll
0x000007fefcd30000 - 0x000007fefcd37000 	C:\Windows\System32\wship6.dll
0x0000000052160000 - 0x0000000052171000 	C:\Program Files\Java\jdk1.8.0_151\jre\bin\nio.dll
0x000007fecf2d0000 - 0x000007fecf32b000 	C:\Users\User\AppData\Local\Temp\lwjglUser\3.1.6-build-14\lwjgl.dll
0x000007fefd1b0000 - 0x000007fefd1b3000 	C:\Windows\system32\api-ms-win-core-synch-l1-2-0.DLL
0x000007fecd8d0000 - 0x000007fecd921000 	C:\Users\User\AppData\Local\Temp\lwjglUser\3.1.6-build-14\glfw.dll
0x000007fefb480000 - 0x000007fefb4d6000 	C:\Windows\system32\uxtheme.dll
0x000007fedc830000 - 0x000007fedc86c000 	C:\Windows\system32\dinput8.dll
0x0000000002330000 - 0x000000000234e000 	C:\Windows\system32\xinput1_3.dll
0x000007feff280000 - 0x000007feff457000 	C:\Windows\system32\SETUPAPI.dll
0x000007fefd990000 - 0x000007fefd9c6000 	C:\Windows\system32\CFGMGR32.dll
0x000007fefe170000 - 0x000007fefe24a000 	C:\Windows\system32\OLEAUT32.dll
0x000007fefd880000 - 0x000007fefd89a000 	C:\Windows\system32\DEVOBJ.dll
0x000007fefad30000 - 0x000007fefad48000 	C:\Windows\system32\dwmapi.dll
0x000007fefae90000 - 0x000007fefae9b000 	C:\Windows\system32\HID.DLL
0x000007fefd950000 - 0x000007fefd98b000 	C:\Windows\system32\WINTRUST.dll
0x000007fefd9d0000 - 0x000007fefdb3d000 	C:\Windows\system32\CRYPT32.dll
0x000007fefd870000 - 0x000007fefd87f000 	C:\Windows\system32\MSASN1.dll
0x000007feccf60000 - 0x000007fecd07d000 	C:\Windows\system32\opengl32.dll
0x000007fee30e0000 - 0x000007fee310d000 	C:\Windows\system32\GLU32.dll
0x000007fecc370000 - 0x000007fecc461000 	C:\Windows\system32\DDRAW.dll
0x000007fee3bb0000 - 0x000007fee3bb8000 	C:\Windows\system32\DCIMAN32.dll
0x0000000068850000 - 0x000000006ae20000 	C:\Windows\system32\nvoglv64.DLL
0x000007fefd160000 - 0x000007fefd171000 	C:\Windows\system32\WTSAPI32.dll
0x000007fefd180000 - 0x000007fefd1ad000 	C:\Windows\system32\ntmarta.dll
0x000007fefe0a0000 - 0x000007fefe0f2000 	C:\Windows\system32\WLDAP32.dll
0x000007feea590000 - 0x000007feea818000 	C:\Windows\system32\nvspcap64.dll
0x000007fefd3d0000 - 0x000007fefd40d000 	C:\Windows\system32\WINSTA.dll
0x000007fefd700000 - 0x000007fefd70f000 	C:\Windows\system32\CRYPTBASE.dll
0x000007feccf00000 - 0x000007feccf5f000 	C:\Users\User\AppData\Local\Temp\lwjglUser\3.1.6-build-14\lwjgl_opengl.dll
0x000007fecae20000 - 0x000007fecaf10000 	C:\Users\User\AppData\Local\Temp\lwjglUser\3.1.6-build-14\OpenAL.dll
0x000007fefdf10000 - 0x000007fefdfa9000 	C:\Windows\system32\CLBCatQ.DLL
0x000007fefcfb0000 - 0x000007fefcffb000 	C:\Windows\System32\MMDevApi.dll
0x000007fefc060000 - 0x000007fefc18c000 	C:\Windows\System32\PROPSYS.dll
0x000007fef94d0000 - 0x000007fef951f000 	C:\Windows\system32\AUDIOSES.DLL
0x000000006cbe0000 - 0x000000006cd78000 	C:\Program Files\Java\jdk1.8.0_151\jre\bin\awt.dll
0x000007fefcda0000 - 0x000007fefcdb8000 	C:\Windows\system32\CRYPTSP.dll
0x000007fefcaa0000 - 0x000007fefcae7000 	C:\Windows\system32\rsaenh.dll
0x000007fefd230000 - 0x000007fefd24e000 	C:\Windows\system32\USERENV.dll
0x000007fefb110000 - 0x000007fefb137000 	C:\Windows\system32\IPHLPAPI.DLL
0x000007fefb100000 - 0x000007fefb10b000 	C:\Windows\system32\WINNSI.DLL
0x000007fefaf00000 - 0x000007fefaf11000 	C:\Windows\system32\dhcpcsvc6.DLL
0x000007fefae70000 - 0x000007fefae88000 	C:\Windows\system32\dhcpcsvc.DLL
0x000007fecce80000 - 0x000007feccefe000 	C:\Users\User\AppData\Local\Temp\lwjglUser\3.1.6-build-14\lwjgl_stb.dll
0x0000000077f60000 - 0x0000000077fa7000 	C:\Program Files\Java\jdk1.8.0_151\jre\bin\fontmanager.dll
0x000007fef9f90000 - 0x000007fefa18f000 	C:\Windows\system32\d3d9.dll
0x000007fef9f80000 - 0x000007fef9f87000 	C:\Windows\system32\d3d8thk.dll
0x000007fecaf10000 - 0x000007fecc2c1000 	C:\Windows\system32\nvd3dumx.dll
0x000007fefc340000 - 0x000007fefc36c000 	C:\Windows\system32\powrprof.dll
0x000007fecf480000 - 0x000007fecf543000 	C:\Program Files (x86)\NVIDIA Corporation\3D Vision\nvSCPAPI64.dll
0x000007feff0b0000 - 0x000007feff0c9000 	C:\Windows\system32\imagehlp.dll
0x000007fefcf20000 - 0x000007fefcf70000 	C:\Windows\system32\ncrypt.dll
0x000007fefcef0000 - 0x000007fefcf12000 	C:\Windows\system32\bcrypt.dll
0x000007fefc9e0000 - 0x000007fefca2c000 	C:\Windows\system32\bcryptprimitives.dll
0x000007fefd210000 - 0x000007fefd22b000 	C:\Windows\system32\GPAPI.dll
0x000007fef9760000 - 0x000007fef9787000 	C:\Windows\system32\cryptnet.dll
0x0000000077f10000 - 0x0000000077f52000 	C:\Program Files\Java\jdk1.8.0_151\jre\bin\t2k.dll
0x00000000709d0000 - 0x0000000070a72000 	C:\Program Files\Java\jdk1.8.0_151\jre\bin\mlib_image.dll
0x000007fef6af0000 - 0x000007fef6c15000 	C:\Windows\system32\dbghelp.dll

VM Arguments:
jvm_args: -Dfile.encoding=Cp1252 
java_command: game.Main
java_class_path (initial): C:\Program Files\Java\jdk1.8.0_151\jre\lib\resources.jar;C:\Program Files\Java\jdk1.8.0_151\jre\lib\rt.jar;C:\Program Files\Java\jdk1.8.0_151\jre\lib\jsse.jar;C:\Program Files\Java\jdk1.8.0_151\jre\lib\jce.jar;C:\Program Files\Java\jdk1.8.0_151\jre\lib\charsets.jar;C:\Program Files\Java\jdk1.8.0_151\jre\lib\jfr.jar;C:\Program Files\Java\jdk1.8.0_151\jre\lib\ext\access-bridge-64.jar;C:\Program Files\Java\jdk1.8.0_151\jre\lib\ext\cldrdata.jar;C:\Program Files\Java\jdk1.8.0_151\jre\lib\ext\dnsns.jar;C:\Program Files\Java\jdk1.8.0_151\jre\lib\ext\jaccess.jar;C:\Program Files\Java\jdk1.8.0_151\jre\lib\ext\jfxrt.jar;C:\Program Files\Java\jdk1.8.0_151\jre\lib\ext\localedata.jar;C:\Program Files\Java\jdk1.8.0_151\jre\lib\ext\nashorn.jar;C:\Program Files\Java\jdk1.8.0_151\jre\lib\ext\sunec.jar;C:\Program Files\Java\jdk1.8.0_151\jre\lib\ext\sunjce_provider.jar;C:\Program Files\Java\jdk1.8.0_151\jre\lib\ext\sunmscapi.jar;C:\Program Files\Java\jdk1.8.0_151\jre\lib\ext\sunpkcs11.jar;C:\Program Files\Java\jdk1.8.0_151\jre\lib\ext\zipfs.jar;C:\Users\User\Dropbox\Engine\bin;C:\Users\User\Dropbox\Engine\lib\glm_modified to serialaze\glm-1.0.1.jar;C:\Users\User\Dropbox\Engine\lib\jafama\jafama.jar;C:\Users\User\Dropbox\Engine\lib\jbox2d-library\target\jbox2d-library-2.3.1-SNAPSHOT.jar;C:\Users\User\Dropbox\Engine\lib\lwjgl\lwjgl.jar;C:\Users\User\Dropbox\Engine\lib\lwjgl\lwjgl-glfw.jar;C:\Users\User\Dropbox\Engine\lib\lwjgl\lwjgl-openal.jar;C:\Users\User\Dropbox\Engine\lib\lwjgl\lwjgl-opengl.jar;C:\Users\User\Dropbox\Engine\lib\lwjgl\lwjgl-glfw-natives-windows.jar;C:\Users\User\Dropbox\Engine\lib\lwjgl\lwjgl-openal-natives-windows.jar;C:\Users\User\Dropbox\Engine\lib\lwjgl\lwjgl-opengl-natives-windows.jar;C:\Users\User\Dropbox\Engine\lib\lwjgl\lwjgl-natives-windows.jar;C:\Users\User\Dropbox\Engine\lib\lwjgl\lwjgl-stb-natives-windows.jar;C:\Users\User\Dropbox\Engine\lib\lwjgl\lwjgl-stb.jar
Launcher Type: SUN_STANDARD

Environment Variables:
JAVA_HOME=C:\Program Files\Java\jdk1.8.0_151
PATH=C:/Program Files/Java/jre1.8.0_151/bin/server;C:/Program Files/Java/jre1.8.0_151/bin;C:/Program Files/Java/jre1.8.0_151/lib/amd64;;C:\ProgramData\Oracle\Java\javapath;C:\Windows\system32;C:\Windows;C:\Windows\System32\Wbem;C:\Windows\System32\WindowsPowerShell\v1.0\;C:\Program Files (x86)\NVIDIA Corporation\PhysX\Common;C:\Program Files\PuTTY\;C:\Program Files\Git\cmd;C:\Program Files\MiKTeX 2.9\miktex\bin\x64\;C:\Program Files\apache-maven-3.5.2\bin;C:\Program Files\nodejs\;C:\Program Files\CMake\bin;C:\Program Files\dotnet\;C:\Program Files\Microsoft SQL Server\130\Tools\Binn\;F:\VS2017\VC\Tools\MSVC\14.14.26428\bin\Hostx64\x64;C:\Program Files\Microsoft VS Code\bin;C:\Bitnami\wampstack-7.1.23-0\php;C:\ProgramData\ComposerSetup\bin;C:\Program Files\Java\jdk1.8.0_151\bin;C:\Users\User\AppData\Roaming\npm;C:\Program Files (x86)\Microsoft Visual Studio 14.0\VC\bin\cl.exe;C:\Program Files\Microsoft VS Code\bin;C:\Users\User\AppData\Roaming\Composer\vendor\bin;C:\Users\User\eclipse\java-oxygen\eclipse;
USERNAME=User
OS=Windows_NT
PROCESSOR_IDENTIFIER=Intel64 Family 6 Model 60 Stepping 3, GenuineIntel



---------------  S Y S T E M  ---------------

OS: Windows 7 , 64 bit Build 7601 (6.1.7601.23572)

CPU:total 8 (initial active 8) (4 cores per cpu, 2 threads per core) family 6 model 60 stepping 3, cmov, cx8, fxsr, mmx, sse, sse2, sse3, ssse3, sse4.1, sse4.2, popcnt, avx, avx2, aes, clmul, erms, rtm, lzcnt, ht, tsc, tscinvbit, bmi1, bmi2

Memory: 4k page, physical 16680660k(9283040k free), swap 33359460k(22566268k free)

vm_info: Java HotSpot(TM) 64-Bit Server VM (25.151-b12) for windows-amd64 JRE (1.8.0_151-b12), built on Sep  5 2017 19:33:46 by "java_re" with MS VC++ 10.0 (VS2010)

time: Sat Oct 27 18:07:21 2018
elapsed time: 2 seconds (0d 0h 0m 2s)

