#
# A fatal error has been detected by the Java Runtime Environment:
#
#  EXCEPTION_ACCESS_VIOLATION (0xc0000005) at pc=0x000007feeec43b6d, pid=3396, tid=0x0000000000002278
#
# JRE version: Java(TM) SE Runtime Environment (8.0_151-b12) (build 1.8.0_151-b12)
# Java VM: Java HotSpot(TM) 64-Bit Server VM (25.151-b12 mixed mode windows-amd64 compressed oops)
# Problematic frame:
# C  [lwjgl.dll+0x13b6d]
#
# Failed to write core dump. Minidumps are not enabled by default on client versions of Windows
#
# If you would like to submit a bug report, please visit:
#   http://bugreport.java.com/bugreport/crash.jsp
# The crash happened outside the Java Virtual Machine in native code.
# See problematic frame for where to report the bug.
#

---------------  T H R E A D  ---------------

Current thread (0x0000000058cb1800):  JavaThread "Thread-0" [_thread_in_native, id=8824, stack(0x000000005aa00000,0x000000005ab00000)]

siginfo: ExceptionCode=0xc0000005, reading address 0x0000000000000000

Registers:
RAX=0x00000000000000a5, RBX=0x00000000574359b8, RCX=0x000007feeec851e0, RDX=0x000007feeec851b0
RSP=0x000000005aaff110, RBP=0x000000005aaff1c0, RSI=0x0000000000000010, RDI=0x00000000027c8331
R8 =0x000000000000000a, R9 =0x0000000000000002, R10=0x000000005aaff120, R11=0x000000005aaff000
R12=0x0000000000000000, R13=0x00000000574359b0, R14=0x000000005aaff1f0, R15=0x0000000058cb1800
RIP=0x000007feeec43b6d, EFLAGS=0x0000000000010206

Top of Stack: (sp=0x000000005aaff110)
0x000000005aaff110:   0000000058b74300 000007feeec6b450
0x000000005aaff120:   0000000000000006 0000000058d2c460
0x000000005aaff130:   0000000000000010 00000000027d7f54
0x000000005aaff140:   00000000027c8331 00000000027d7cbd
0x000000005aaff150:   0000000058cb1800 00000000574359b8
0x000000005aaff160:   000000003f46c6c7 0000000058cb1800
0x000000005aaff170:   000000005aaff270 00000000027d7c82
0x000000005aaff180:   000000005aaff180 00000000574359b0
0x000000005aaff190:   000000005aaff1f0 000000005745f088
0x000000005aaff1a0:   0000000000000000 00000000574359b8
0x000000005aaff1b0:   0000000000000000 000000005aaff1e0
0x000000005aaff1c0:   000000005aaff238 00000000027c8331
0x000000005aaff1d0:   00000000d7dd1c48 00000000027d19b8
0x000000005aaff1e0:   000000003f46c6c7 000000003f37b7b8
0x000000005aaff1f0:   000000003f29a9aa 000000005aaff1f8
0x000000005aaff200:   00000000655909c7 000000005aaff270 

Instructions: (pc=0x000007feeec43b6d)
0x000007feeec43b4d:   cc cc cc 48 83 ec 28 b9 02 00 00 00 e8 f2 56 00
0x000007feeec43b5d:   00 48 8b c8 48 8d 15 e8 78 02 00 e8 a3 d4 fe ff
0x000007feeec43b6d:   8b 04 25 00 00 00 00 48 83 c4 28 c3 cc cc cc cc
0x000007feeec43b7d:   cc cc cc 48 8b 01 c3 cc cc cc cc cc cc cc cc cc 


Register to memory mapping:

RAX=0x00000000000000a5 is an unknown value
RBX={method} {0x00000000574359c0} 'glColor3f' '(FFF)V' in 'org/lwjgl/opengl/GL11'
RCX=0x000007feeec851e0 is an unknown value
RDX=0x000007feeec851b0 is an unknown value
RSP=0x000000005aaff110 is pointing into the stack for thread: 0x0000000058cb1800
RBP=0x000000005aaff1c0 is pointing into the stack for thread: 0x0000000058cb1800
RSI=0x0000000000000010 is an unknown value
RDI=0x00000000027c8331 is at code_begin+2289 in an Interpreter codelet
invoke return entry points  [0x00000000027c7a40, 0x00000000027c8420]  2528 bytes
R8 =0x000000000000000a is an unknown value
R9 =0x0000000000000002 is an unknown value
R10=0x000000005aaff120 is pointing into the stack for thread: 0x0000000058cb1800
R11=0x000000005aaff000 is pointing into the stack for thread: 0x0000000058cb1800
R12=0x0000000000000000 is an unknown value
R13=0x00000000574359b0 is pointing into metadata
R14=0x000000005aaff1f0 is pointing into the stack for thread: 0x0000000058cb1800
R15=0x0000000058cb1800 is a thread


Stack: [0x000000005aa00000,0x000000005ab00000],  sp=0x000000005aaff110,  free space=1020k
Native frames: (J=compiled Java code, j=interpreted, Vv=VM code, C=native code)
C  [lwjgl.dll+0x13b6d]
C  0x00000000027d7f54

Java frames: (J=compiled Java code, j=interpreted, Vv=VM code)
j  org.lwjgl.opengl.GL11.glColor3f(FFF)V+0
j  engine.ui.TruetypeFont.init(II)Lorg/lwjgl/stb/STBTTBakedChar$Buffer;+119
j  engine.ui.TruetypeFont.render()V+27
j  gameStates.Game.render()V+506
j  gameStates.GSM.render()V+4
j  engine.engine.Engine.render()V+3
j  engine.engine.Engine.run()V+29
j  java.lang.Thread.run()V+11
v  ~StubRoutines::call_stub

---------------  P R O C E S S  ---------------

Java Threads: ( => current thread )
  0x000000005afc3800 JavaThread "Java2D Disposer" daemon [_thread_blocked, id=12256, stack(0x0000000065090000,0x0000000065190000)]
  0x0000000001daf800 JavaThread "DestroyJavaVM" [_thread_blocked, id=5240, stack(0x00000000023f0000,0x00000000024f0000)]
=>0x0000000058cb1800 JavaThread "Thread-0" [_thread_in_native, id=8824, stack(0x000000005aa00000,0x000000005ab00000)]
  0x0000000058ac5000 JavaThread "Service Thread" daemon [_thread_blocked, id=4980, stack(0x000000005a640000,0x000000005a740000)]
  0x000000005786f800 JavaThread "C1 CompilerThread3" daemon [_thread_blocked, id=6220, stack(0x000000005a500000,0x000000005a600000)]
  0x000000005786e800 JavaThread "C2 CompilerThread2" daemon [_thread_blocked, id=11604, stack(0x000000005a3f0000,0x000000005a4f0000)]
  0x0000000058a30800 JavaThread "C2 CompilerThread1" daemon [_thread_blocked, id=10464, stack(0x000000005a230000,0x000000005a330000)]
  0x0000000058a2a000 JavaThread "C2 CompilerThread0" daemon [_thread_in_native, id=6028, stack(0x0000000059d80000,0x0000000059e80000)]
  0x0000000058a28000 JavaThread "Attach Listener" daemon [_thread_blocked, id=11464, stack(0x000000005a130000,0x000000005a230000)]
  0x0000000058a26800 JavaThread "Signal Dispatcher" daemon [_thread_blocked, id=12168, stack(0x000000005a010000,0x000000005a110000)]
  0x0000000057861000 JavaThread "Finalizer" daemon [_thread_blocked, id=9748, stack(0x0000000059ed0000,0x0000000059fd0000)]
  0x000000005785a800 JavaThread "Reference Handler" daemon [_thread_blocked, id=6292, stack(0x0000000059c20000,0x0000000059d20000)]

Other Threads:
  0x00000000589d2000 VMThread [stack: 0x0000000059a00000,0x0000000059b00000] [id=11640]
  0x0000000058ae9800 WatcherThread [stack: 0x000000005a750000,0x000000005a850000] [id=11832]

VM state:not at safepoint (normal execution)

VM Mutex/Monitor currently owned by a thread: None

Heap:
 PSYoungGen      total 38400K, used 16399K [0x00000000d5d00000, 0x00000000d8780000, 0x0000000100000000)
  eden space 33280K, 35% used [0x00000000d5d00000,0x00000000d687a6c0,0x00000000d7d80000)
  from space 5120K, 90% used [0x00000000d7d80000,0x00000000d8209870,0x00000000d8280000)
  to   space 5120K, 0% used [0x00000000d8280000,0x00000000d8280000,0x00000000d8780000)
 ParOldGen       total 87552K, used 16K [0x0000000081600000, 0x0000000086b80000, 0x00000000d5d00000)
  object space 87552K, 0% used [0x0000000081600000,0x0000000081604000,0x0000000086b80000)
 Metaspace       used 13245K, capacity 13501K, committed 13824K, reserved 1062912K
  class space    used 1074K, capacity 1169K, committed 1280K, reserved 1048576K

Card table byte_map: [0x0000000011b80000,0x0000000011f80000] byte_map_base: 0x0000000011775000

Marking Bits: (ParMarkBitMap*) 0x0000000061c7d850
 Begin Bits: [0x0000000012b20000, 0x0000000014ac8000)
 End Bits:   [0x0000000014ac8000, 0x0000000016a70000)

Polling page: 0x0000000000420000

CodeCache: size=245760Kb used=3748Kb max_used=3760Kb free=242011Kb
 bounds [0x00000000027c0000, 0x0000000002b70000, 0x00000000117c0000]
 total_blobs=1958 nmethods=975 adapters=896
 compilation: enabled

Compilation events (10 events):
Event: 1.647 Thread 0x000000005786f800 nmethod 970 0x0000000002b643d0 code [0x0000000002b64520, 0x0000000002b64670]
Event: 1.648 Thread 0x000000005786f800  973       3       java.nio.channels.spi.AbstractInterruptibleChannel::begin (48 bytes)
Event: 1.648 Thread 0x000000005786f800 nmethod 973 0x0000000002b63110 code [0x0000000002b632e0, 0x0000000002b63bd8]
Event: 1.648 Thread 0x000000005786f800  974       3       java.lang.Thread::isInterrupted (6 bytes)
Event: 1.648 Thread 0x000000005786f800 nmethod 974 0x0000000002b62d90 code [0x0000000002b62f00, 0x0000000002b63088]
Event: 1.648 Thread 0x000000005786f800  975       3       java.nio.channels.spi.AbstractInterruptibleChannel::end (50 bytes)
Event: 1.649 Thread 0x000000005786f800 nmethod 975 0x0000000002b5ff90 code [0x0000000002b60160, 0x0000000002b608b8]
Event: 1.649 Thread 0x000000005786f800  972       3       java.io.FileInputStream::read (8 bytes)
Event: 1.649 Thread 0x000000005786f800 nmethod 972 0x0000000002b62950 code [0x0000000002b62ac0, 0x0000000002b62c48]
Event: 1.651 Thread 0x000000005786e800  976       4       java.lang.String::indexOf (166 bytes)

GC Heap History (2 events):
Event: 0.914 GC heap before
{Heap before GC invocations=1 (full 0):
 PSYoungGen      total 38400K, used 32052K [0x00000000d5d00000, 0x00000000d8780000, 0x0000000100000000)
  eden space 33280K, 96% used [0x00000000d5d00000,0x00000000d7c4d1e0,0x00000000d7d80000)
  from space 5120K, 0% used [0x00000000d8280000,0x00000000d8280000,0x00000000d8780000)
  to   space 5120K, 0% used [0x00000000d7d80000,0x00000000d7d80000,0x00000000d8280000)
 ParOldGen       total 87552K, used 0K [0x0000000081600000, 0x0000000086b80000, 0x00000000d5d00000)
  object space 87552K, 0% used [0x0000000081600000,0x0000000081600000,0x0000000086b80000)
 Metaspace       used 11157K, capacity 11411K, committed 11648K, reserved 1060864K
  class space    used 1006K, capacity 1070K, committed 1152K, reserved 1048576K
Event: 0.922 GC heap after
Heap after GC invocations=1 (full 0):
 PSYoungGen      total 38400K, used 4646K [0x00000000d5d00000, 0x00000000d8780000, 0x0000000100000000)
  eden space 33280K, 0% used [0x00000000d5d00000,0x00000000d5d00000,0x00000000d7d80000)
  from space 5120K, 90% used [0x00000000d7d80000,0x00000000d8209870,0x00000000d8280000)
  to   space 5120K, 0% used [0x00000000d8280000,0x00000000d8280000,0x00000000d8780000)
 ParOldGen       total 87552K, used 16K [0x0000000081600000, 0x0000000086b80000, 0x00000000d5d00000)
  object space 87552K, 0% used [0x0000000081600000,0x0000000081604000,0x0000000086b80000)
 Metaspace       used 11157K, capacity 11411K, committed 11648K, reserved 1060864K
  class space    used 1006K, capacity 1070K, committed 1152K, reserved 1048576K
}

Deoptimization events (6 events):
Event: 0.748 Thread 0x0000000058cb1800 Uncommon trap: reason=unstable_if action=reinterpret pc=0x00000000029867a8 method=java.lang.String.indexOf([CII[CIII)I @ 3
Event: 1.642 Thread 0x0000000058cb1800 Uncommon trap: reason=class_check action=maybe_recompile pc=0x0000000002b5cc44 method=java.util.regex.Pattern$Start.match(Ljava/util/regex/Matcher;ILjava/lang/CharSequence;)Z @ 44
Event: 1.642 Thread 0x0000000058cb1800 Uncommon trap: reason=class_check action=maybe_recompile pc=0x0000000002b5cc44 method=java.util.regex.Pattern$Start.match(Ljava/util/regex/Matcher;ILjava/lang/CharSequence;)Z @ 44
Event: 1.642 Thread 0x0000000058cb1800 Uncommon trap: reason=class_check action=maybe_recompile pc=0x0000000002b5cc44 method=java.util.regex.Pattern$Start.match(Ljava/util/regex/Matcher;ILjava/lang/CharSequence;)Z @ 44
Event: 1.642 Thread 0x0000000058cb1800 Uncommon trap: reason=class_check action=maybe_recompile pc=0x0000000002b5cc44 method=java.util.regex.Pattern$Start.match(Ljava/util/regex/Matcher;ILjava/lang/CharSequence;)Z @ 44
Event: 1.642 Thread 0x0000000058cb1800 Uncommon trap: reason=class_check action=maybe_recompile pc=0x0000000002b5abf0 method=java.util.regex.Pattern$Start.match(Ljava/util/regex/Matcher;ILjava/lang/CharSequence;)Z @ 44

Internal exceptions (10 events):
Event: 0.187 Thread 0x0000000058cb1800 Exception <a 'java/security/PrivilegedActionException'> (0x00000000d62f6310) thrown at [C:\re\workspace\8-2-build-windows-amd64-cygwin\jdk8u151\9699\hotspot\src\share\vm\prims\jvm.cpp, line 1390]
Event: 0.188 Thread 0x0000000058cb1800 Exception <a 'java/security/PrivilegedActionException'> (0x00000000d62fa220) thrown at [C:\re\workspace\8-2-build-windows-amd64-cygwin\jdk8u151\9699\hotspot\src\share\vm\prims\jvm.cpp, line 1390]
Event: 0.188 Thread 0x0000000058cb1800 Exception <a 'java/security/PrivilegedActionException'> (0x00000000d62fa430) thrown at [C:\re\workspace\8-2-build-windows-amd64-cygwin\jdk8u151\9699\hotspot\src\share\vm\prims\jvm.cpp, line 1390]
Event: 0.510 Thread 0x0000000058cb1800 Exception <a 'sun/nio/fs/WindowsException'> (0x00000000d64ca008) thrown at [C:\re\workspace\8-2-build-windows-amd64-cygwin\jdk8u151\9699\hotspot\src\share\vm\prims\jni.cpp, line 709]
Event: 0.511 Thread 0x0000000058cb1800 Exception <a 'sun/nio/fs/WindowsException'> (0x00000000d64ca7d8) thrown at [C:\re\workspace\8-2-build-windows-amd64-cygwin\jdk8u151\9699\hotspot\src\share\vm\prims\jni.cpp, line 709]
Event: 0.740 Thread 0x0000000058cb1800 Exception <a 'java/io/FileNotFoundException'> (0x00000000d6fce248) thrown at [C:\re\workspace\8-2-build-windows-amd64-cygwin\jdk8u151\9699\hotspot\src\share\vm\prims\jni.cpp, line 709]
Event: 1.628 Thread 0x0000000058cb1800 Exception <a 'sun/nio/fs/WindowsException'> (0x00000000d6524758) thrown at [C:\re\workspace\8-2-build-windows-amd64-cygwin\jdk8u151\9699\hotspot\src\share\vm\prims\jni.cpp, line 709]
Event: 1.628 Thread 0x0000000058cb1800 Exception <a 'sun/nio/fs/WindowsException'> (0x00000000d6524b00) thrown at [C:\re\workspace\8-2-build-windows-amd64-cygwin\jdk8u151\9699\hotspot\src\share\vm\prims\jni.cpp, line 709]
Event: 1.647 Thread 0x0000000058cb1800 Exception <a 'sun/nio/fs/WindowsException'> (0x00000000d67b3b50) thrown at [C:\re\workspace\8-2-build-windows-amd64-cygwin\jdk8u151\9699\hotspot\src\share\vm\prims\jni.cpp, line 709]
Event: 1.647 Thread 0x0000000058cb1800 Exception <a 'sun/nio/fs/WindowsException'> (0x00000000d67b3ef8) thrown at [C:\re\workspace\8-2-build-windows-amd64-cygwin\jdk8u151\9699\hotspot\src\share\vm\prims\jni.cpp, line 709]

Events (10 events):
Event: 1.650 loading class org/lwjgl/stb/STBTTVertex$Buffer
Event: 1.650 loading class org/lwjgl/stb/STBTTVertex$Buffer done
Event: 1.650 loading class org/lwjgl/stb/STBTTPackedchar$Buffer
Event: 1.650 loading class org/lwjgl/stb/STBTTPackedchar$Buffer done
Event: 1.651 loading class org/lwjgl/stb/STBTTBakedChar
Event: 1.651 loading class org/lwjgl/stb/STBTTBakedChar done
Event: 1.651 loading class org/lwjgl/system/Struct$Member
Event: 1.651 loading class org/lwjgl/system/Struct$Member done
Event: 1.651 loading class org/lwjgl/system/Struct$Layout
Event: 1.651 loading class org/lwjgl/system/Struct$Layout done


Dynamic libraries:
0x000000013fe80000 - 0x000000013feb7000 	C:\Program Files\Java\jdk1.8.0_151\bin\javaw.exe
0x0000000077c40000 - 0x0000000077dea000 	C:\Windows\SYSTEM32\ntdll.dll
0x0000000077b20000 - 0x0000000077c3f000 	C:\Windows\system32\kernel32.dll
0x000007fefde80000 - 0x000007fefdeea000 	C:\Windows\system32\KERNELBASE.dll
0x000007fefe260000 - 0x000007fefe33b000 	C:\Windows\system32\ADVAPI32.dll
0x000007fefe470000 - 0x000007fefe50f000 	C:\Windows\system32\msvcrt.dll
0x000007fefe450000 - 0x000007fefe46f000 	C:\Windows\SYSTEM32\sechost.dll
0x000007feff550000 - 0x000007feff67d000 	C:\Windows\system32\RPCRT4.dll
0x0000000077a20000 - 0x0000000077b1a000 	C:\Windows\system32\USER32.dll
0x000007feffc80000 - 0x000007feffce7000 	C:\Windows\system32\GDI32.dll
0x000007feffc70000 - 0x000007feffc7e000 	C:\Windows\system32\LPK.dll
0x000007feffba0000 - 0x000007feffc6a000 	C:\Windows\system32\USP10.dll
0x000007fefbd90000 - 0x000007fefbf84000 	C:\Windows\WinSxS\amd64_microsoft.windows.common-controls_6595b64144ccf1df_6.0.7601.18837_none_fa3b1e3d17594757\COMCTL32.dll
0x000007feff4d0000 - 0x000007feff541000 	C:\Windows\system32\SHLWAPI.dll
0x000007feffb70000 - 0x000007feffb9e000 	C:\Windows\system32\IMM32.DLL
0x000007fefe340000 - 0x000007fefe449000 	C:\Windows\system32\MSCTF.dll
0x00000000657d0000 - 0x00000000658a2000 	C:\Program Files\Java\jdk1.8.0_151\jre\bin\msvcr100.dll
0x0000000061460000 - 0x0000000061cfd000 	C:\Program Files\Java\jdk1.8.0_151\jre\bin\server\jvm.dll
0x000007feec430000 - 0x000007feec439000 	C:\Windows\system32\WSOCK32.dll
0x000007feff480000 - 0x000007feff4cd000 	C:\Windows\system32\WS2_32.dll
0x000007fefe1b0000 - 0x000007fefe1b8000 	C:\Windows\system32\NSI.dll
0x000007fefb4c0000 - 0x000007fefb4fb000 	C:\Windows\system32\WINMM.dll
0x000007fefd530000 - 0x000007fefd53c000 	C:\Windows\system32\VERSION.dll
0x0000000077e00000 - 0x0000000077e07000 	C:\Windows\system32\PSAPI.DLL
0x000000006e450000 - 0x000000006e45f000 	C:\Program Files\Java\jdk1.8.0_151\jre\bin\verify.dll
0x000000006e420000 - 0x000000006e449000 	C:\Program Files\Java\jdk1.8.0_151\jre\bin\java.dll
0x0000000069dc0000 - 0x0000000069dd6000 	C:\Program Files\Java\jdk1.8.0_151\jre\bin\zip.dll
0x000007fefe6f0000 - 0x000007feff479000 	C:\Windows\system32\SHELL32.dll
0x000007feff810000 - 0x000007feffa13000 	C:\Windows\system32\ole32.dll
0x000007fefdb40000 - 0x000007fefdb4f000 	C:\Windows\system32\profapi.dll
0x000000006cb60000 - 0x000000006cb7a000 	C:\Program Files\Java\jdk1.8.0_151\jre\bin\net.dll
0x000007fefd0b0000 - 0x000007fefd105000 	C:\Windows\system32\mswsock.dll
0x000007fefd0a0000 - 0x000007fefd0a7000 	C:\Windows\System32\wship6.dll
0x00000000689b0000 - 0x00000000689c1000 	C:\Program Files\Java\jdk1.8.0_151\jre\bin\nio.dll
0x000007feeec30000 - 0x000007feeec8b000 	C:\Users\User\AppData\Local\Temp\lwjglUser\3.1.6-build-14\lwjgl.dll
0x000007fefd520000 - 0x000007fefd523000 	C:\Windows\system32\api-ms-win-core-synch-l1-2-0.DLL
0x000007feefb00000 - 0x000007feefb51000 	C:\Users\User\AppData\Local\Temp\lwjglUser\3.1.6-build-14\glfw.dll
0x000007fefb820000 - 0x000007fefb876000 	C:\Windows\system32\uxtheme.dll
0x000007fef3010000 - 0x000007fef304c000 	C:\Windows\system32\dinput8.dll
0x0000000001cd0000 - 0x0000000001cee000 	C:\Windows\system32\xinput1_3.dll
0x000007fefe510000 - 0x000007fefe6e7000 	C:\Windows\system32\SETUPAPI.dll
0x000007fefdf10000 - 0x000007fefdf46000 	C:\Windows\system32\CFGMGR32.dll
0x000007feffcf0000 - 0x000007feffdca000 	C:\Windows\system32\OLEAUT32.dll
0x000007fefdef0000 - 0x000007fefdf0a000 	C:\Windows\system32\DEVOBJ.dll
0x000007fefb280000 - 0x000007fefb298000 	C:\Windows\system32\dwmapi.dll
0x000007fefb2e0000 - 0x000007fefb2eb000 	C:\Windows\system32\HID.DLL
0x000007fefdda0000 - 0x000007fefdddb000 	C:\Windows\system32\WINTRUST.dll
0x000007fefdbf0000 - 0x000007fefdd5d000 	C:\Windows\system32\CRYPT32.dll
0x000007fefdbe0000 - 0x000007fefdbef000 	C:\Windows\system32\MSASN1.dll
0x000007feed7d0000 - 0x000007feed8ed000 	C:\Windows\system32\opengl32.dll
0x000007fef9380000 - 0x000007fef93ad000 	C:\Windows\system32\GLU32.dll
0x000007feedaa0000 - 0x000007feedb91000 	C:\Windows\system32\DDRAW.dll
0x000007fefa610000 - 0x000007fefa618000 	C:\Windows\system32\DCIMAN32.dll
0x000000005ce20000 - 0x000000005f49d000 	C:\Windows\system32\nvoglv64.DLL
0x000007fefd4a0000 - 0x000007fefd4b1000 	C:\Windows\system32\WTSAPI32.dll
0x000007fefd4f0000 - 0x000007fefd51d000 	C:\Windows\system32\ntmarta.dll
0x000007feffe50000 - 0x000007feffea2000 	C:\Windows\system32\WLDAP32.dll
0x000007feeca20000 - 0x000007feecc8a000 	C:\Windows\system32\nvspcap64.dll
0x000007fefd740000 - 0x000007fefd77d000 	C:\Windows\system32\WINSTA.dll
0x000007fefda70000 - 0x000007fefda7f000 	C:\Windows\system32\CRYPTBASE.dll
0x000007feeda40000 - 0x000007feeda9f000 	C:\Users\User\AppData\Local\Temp\lwjglUser\3.1.6-build-14\lwjgl_opengl.dll
0x000007feecd70000 - 0x000007feece60000 	C:\Users\User\AppData\Local\Temp\lwjglUser\3.1.6-build-14\OpenAL.dll
0x000007fefe1c0000 - 0x000007fefe259000 	C:\Windows\system32\CLBCatQ.DLL
0x000007fefc670000 - 0x000007fefc6bb000 	C:\Windows\System32\MMDevApi.dll
0x000007fefc3d0000 - 0x000007fefc4fc000 	C:\Windows\System32\PROPSYS.dll
0x000007fefb390000 - 0x000007fefb3df000 	C:\Windows\system32\AUDIOSES.DLL
0x0000000066650000 - 0x00000000667e8000 	C:\Program Files\Java\jdk1.8.0_151\jre\bin\awt.dll
0x000007fefd110000 - 0x000007fefd128000 	C:\Windows\system32\CRYPTSP.dll
0x000007fefce10000 - 0x000007fefce57000 	C:\Windows\system32\rsaenh.dll
0x000007fefd5a0000 - 0x000007fefd5be000 	C:\Windows\system32\USERENV.dll
0x000007fefb300000 - 0x000007fefb327000 	C:\Windows\system32\IPHLPAPI.DLL
0x000007fefb2f0000 - 0x000007fefb2fb000 	C:\Windows\system32\WINNSI.DLL
0x000007fefb150000 - 0x000007fefb161000 	C:\Windows\system32\dhcpcsvc6.DLL
0x000007fefb0a0000 - 0x000007fefb0b8000 	C:\Windows\system32\dhcpcsvc.DLL
0x000007feed540000 - 0x000007feed5be000 	C:\Users\User\AppData\Local\Temp\lwjglUser\3.1.6-build-14\lwjgl_stb.dll
0x000007fef8700000 - 0x000007fef8825000 	C:\Windows\system32\dbghelp.dll

VM Arguments:
jvm_args: -Dfile.encoding=Cp1252 
java_command: game.Main
java_class_path (initial): C:\Program Files\Java\jdk1.8.0_151\jre\lib\resources.jar;C:\Program Files\Java\jdk1.8.0_151\jre\lib\rt.jar;C:\Program Files\Java\jdk1.8.0_151\jre\lib\jsse.jar;C:\Program Files\Java\jdk1.8.0_151\jre\lib\jce.jar;C:\Program Files\Java\jdk1.8.0_151\jre\lib\charsets.jar;C:\Program Files\Java\jdk1.8.0_151\jre\lib\jfr.jar;C:\Program Files\Java\jdk1.8.0_151\jre\lib\ext\access-bridge-64.jar;C:\Program Files\Java\jdk1.8.0_151\jre\lib\ext\cldrdata.jar;C:\Program Files\Java\jdk1.8.0_151\jre\lib\ext\dnsns.jar;C:\Program Files\Java\jdk1.8.0_151\jre\lib\ext\jaccess.jar;C:\Program Files\Java\jdk1.8.0_151\jre\lib\ext\jfxrt.jar;C:\Program Files\Java\jdk1.8.0_151\jre\lib\ext\localedata.jar;C:\Program Files\Java\jdk1.8.0_151\jre\lib\ext\nashorn.jar;C:\Program Files\Java\jdk1.8.0_151\jre\lib\ext\sunec.jar;C:\Program Files\Java\jdk1.8.0_151\jre\lib\ext\sunjce_provider.jar;C:\Program Files\Java\jdk1.8.0_151\jre\lib\ext\sunmscapi.jar;C:\Program Files\Java\jdk1.8.0_151\jre\lib\ext\sunpkcs11.jar;C:\Program Files\Java\jdk1.8.0_151\jre\lib\ext\zipfs.jar;C:\Users\User\Dropbox\Engine\bin;C:\Users\User\Dropbox\Engine\lib\glm-1.0.1.jar;C:\Users\User\Dropbox\Engine\lib\jafama.jar;C:\Users\User\Dropbox\Engine\lib\lwjgl-assimp-javadoc.jar;C:\Users\User\Dropbox\Engine\lib\lwjgl-assimp-natives-windows.jar;C:\Users\User\Dropbox\Engine\lib\lwjgl-assimp-sources.jar;C:\Users\User\Dropbox\Engine\lib\lwjgl-assimp.jar;C:\Users\User\Dropbox\Engine\lib\lwjgl-glfw-javadoc.jar;C:\Users\User\Dropbox\Engine\lib\lwjgl-glfw-natives-windows.jar;C:\Users\User\Dropbox\Engine\lib\lwjgl-glfw-sources.jar;C:\Users\User\Dropbox\Engine\lib\lwjgl-glfw.jar;C:\Users\User\Dropbox\Engine\lib\lwjgl-javadoc.jar;C:\Users\User\Dropbox\Engine\lib\lwjgl-jawt-javadoc.jar;C:\Users\User\Dropbox\Engine\lib\lwjgl-jawt-sources.jar;C:\Users\User\Dropbox\Engine\lib\lwjgl-jawt.jar;C:\Users\User\Dropbox\Engine\lib\lwjgl-natives-windows.jar;C:\Users\User\Dropbox\Engine\lib\lwjgl-openal-javadoc.jar;C:\Users\User\Dropbox
Launcher Type: SUN_STANDARD

Environment Variables:
JAVA_HOME=C:\Program Files\Java\jdk1.8.0_151
PATH=C:/Program Files/Java/jre1.8.0_151/bin/server;C:/Program Files/Java/jre1.8.0_151/bin;C:/Program Files/Java/jre1.8.0_151/lib/amd64;C:\Program Files\NVIDIA GPU Computing Toolkit\CUDA\v9.2\bin;C:\Program Files\NVIDIA GPU Computing Toolkit\CUDA\v9.2\libnvvp;C:\ProgramData\Oracle\Java\javapath;C:\Windows\system32;C:\Windows;C:\Windows\System32\Wbem;C:\Windows\System32\WindowsPowerShell\v1.0\;C:\Program Files (x86)\NVIDIA Corporation\PhysX\Common;C:\Program Files\PuTTY\;C:\Program Files\Git\cmd;C:\Program Files\MiKTeX 2.9\miktex\bin\x64\;C:\Program Files\apache-maven-3.5.2\bin;C:\Program Files\nodejs\;C:\Program Files\CMake\bin;C:\Program Files\dotnet\;C:\Program Files\Microsoft SQL Server\130\Tools\Binn\;F:\VS2017\VC\Tools\MSVC\14.14.26428\bin\Hostx64\x64;C:\Program Files\Java\jdk1.8.0_151\bin;C:\Users\User\AppData\Local\atom\bin;C:\Users\User\AppData\Roaming\npm;F:\Nmap;C:\Program Files (x86)\Microsoft Visual Studio 14.0\VC\bin\cl.exe;C:\Program Files\Microsoft VS Code\bin;C:\Windows\system32;
USERNAME=User
OS=Windows_NT
PROCESSOR_IDENTIFIER=Intel64 Family 6 Model 60 Stepping 3, GenuineIntel



---------------  S Y S T E M  ---------------

OS: Windows 7 , 64 bit Build 7601 (6.1.7601.23572)

CPU:total 8 (initial active 8) (4 cores per cpu, 2 threads per core) family 6 model 60 stepping 3, cmov, cx8, fxsr, mmx, sse, sse2, sse3, ssse3, sse4.1, sse4.2, popcnt, avx, avx2, aes, clmul, erms, rtm, lzcnt, ht, tsc, tscinvbit, bmi1, bmi2

Memory: 4k page, physical 8292052k(1405308k free), swap 16582244k(4523332k free)

vm_info: Java HotSpot(TM) 64-Bit Server VM (25.151-b12) for windows-amd64 JRE (1.8.0_151-b12), built on Sep  5 2017 19:33:46 by "java_re" with MS VC++ 10.0 (VS2010)

time: Fri Jun 15 13:07:29 2018
elapsed time: 1 seconds (0d 0h 0m 1s)

