#
# A fatal error has been detected by the Java Runtime Environment:
#
#  EXCEPTION_ACCESS_VIOLATION (0xc0000005) at pc=0x00000000693b9be0, pid=7720, tid=0x000000000000091c
#
# JRE version: Java(TM) SE Runtime Environment (8.0_151-b12) (build 1.8.0_151-b12)
# Java VM: Java HotSpot(TM) 64-Bit Server VM (25.151-b12 mixed mode windows-amd64 compressed oops)
# Problematic frame:
# C  [nvoglv64.DLL+0xdc9be0]
#
# Failed to write core dump. Minidumps are not enabled by default on client versions of Windows
#
# If you would like to submit a bug report, please visit:
#   http://bugreport.java.com/bugreport/crash.jsp
# The crash happened outside the Java Virtual Machine in native code.
# See problematic frame for where to report the bug.
#

---------------  T H R E A D  ---------------

Current thread (0x0000000058c04800):  JavaThread "Thread-0" [_thread_in_native, id=2332, stack(0x000000005a860000,0x000000005a960000)]

siginfo: ExceptionCode=0xc0000005, reading address 0x0000000000000000

Registers:
RAX=0x00000000600c057c, RBX=0x000000006215f854, RCX=0x000000006215f88c, RDX=0x000000000000000f
RSP=0x000000005a95ed60, RBP=0x0000000000000000, RSI=0x000000000000000c, RDI=0x0000000000000000
R8 =0x000000005f070040, R9 =0x0000000000000018, R10=0x000000005f070040, R11=0x0000000000000000
R12=0x0000000000000690, R13=0x0000000000000000, R14=0x0000000000000000, R15=0x00000000129b0000
RIP=0x00000000693b9be0, EFLAGS=0x0000000000010246

Top of Stack: (sp=0x000000005a95ed60)
0x000000005a95ed60:   000000005f070040 00000000ffffffff
0x000000005a95ed70:   0000000000000004 0000000000000000
0x000000005a95ed80:   000000005f070040 0000000000000004
0x000000005a95ed90:   000000005e2dc320 00000000693b0c63
0x000000005a95eda0:   000000005e5093a8 0000000000000002
0x000000005a95edb0:   00000000129b0000 00000000ffffffff
0x000000005a95edc0:   0000000000000000 0000000000000000
0x000000005a95edd0:   0000000000000000 0001ff4200000000
0x000000005a95ede0:   0000000000000001 0000000000000000
0x000000005a95edf0:   000000006215f6a4 0000000000000000
0x000000005a95ee00:   000000005e507970 000000006939366b
0x000000005a95ee10:   000000003f800000 0000000000000000
0x000000005a95ee20:   000000005e51e730 000000006939e44a
0x000000005a95ee30:   0000000000000000 0000000069321454
0x000000005a95ee40:   000000006215f6a4 0000000000000000
0x000000005a95ee50:   000000000000000e 0000000000000000 

Instructions: (pc=0x00000000693b9be0)
0x00000000693b9bc0:   76 f6 ff 49 8b 9f 88 b5 04 00 48 8b 5b 68 8b c6
0x00000000693b9bd0:   c1 e0 10 0d 7c 05 00 60 89 03 48 83 c3 04 2b ee
0x00000000693b9be0:   0f b7 07 66 41 03 c6 66 89 03 0f b7 47 04 48 83
0x00000000693b9bf0:   c7 08 66 41 03 c6 66 89 43 02 48 83 c3 04 83 ee 


Register to memory mapping:

RAX=0x00000000600c057c is an unknown value
RBX=0x000000006215f854 is an unknown value
RCX=0x000000006215f88c is an unknown value
RDX=0x000000000000000f is an unknown value
RSP=0x000000005a95ed60 is pointing into the stack for thread: 0x0000000058c04800
RBP=0x0000000000000000 is an unknown value
RSI=0x000000000000000c is an unknown value
RDI=0x0000000000000000 is an unknown value
R8 =0x000000005f070040 is an unknown value
R9 =0x0000000000000018 is an unknown value
R10=0x000000005f070040 is an unknown value
R11=0x0000000000000000 is an unknown value
R12=0x0000000000000690 is an unknown value
R13=0x0000000000000000 is an unknown value
R14=0x0000000000000000 is an unknown value
R15=0x00000000129b0000 is an unknown value


Stack: [0x000000005a860000,0x000000005a960000],  sp=0x000000005a95ed60,  free space=1019k
Native frames: (J=compiled Java code, j=interpreted, Vv=VM code, C=native code)

Java frames: (J=compiled Java code, j=interpreted, Vv=VM code)
j  org.lwjgl.system.JNI.callPV(JIIIJ)V+0
j  org.lwjgl.opengl.GL11.nglDrawElements(IIIJ)V+14
j  org.lwjgl.opengl.GL11.glDrawElements(IIIJ)V+17
j  graphic.GrassRenderer.render(Lengine/logic/GameObject;)V+424
j  gameStates.Game.render()V+349
j  gameStates.GSM.render()V+4
j  engine.engine.Engine.render()V+3
j  engine.engine.Engine.run()V+29
j  java.lang.Thread.run()V+11
v  ~StubRoutines::call_stub

---------------  P R O C E S S  ---------------

Java Threads: ( => current thread )
  0x000000005ba1b000 JavaThread "Java2D Disposer" daemon [_thread_blocked, id=6408, stack(0x0000000060b30000,0x0000000060c30000)]
  0x000000000224e800 JavaThread "DestroyJavaVM" [_thread_blocked, id=7736, stack(0x0000000002380000,0x0000000002480000)]
=>0x0000000058c04800 JavaThread "Thread-0" [_thread_in_native, id=2332, stack(0x000000005a860000,0x000000005a960000)]
  0x0000000058b58800 JavaThread "Service Thread" daemon [_thread_blocked, id=7112, stack(0x000000005aa20000,0x000000005ab20000)]
  0x0000000058ac4000 JavaThread "C1 CompilerThread3" daemon [_thread_blocked, id=9668, stack(0x0000000059ec0000,0x0000000059fc0000)]
  0x0000000058ac3000 JavaThread "C2 CompilerThread2" daemon [_thread_in_native, id=10344, stack(0x000000005a760000,0x000000005a860000)]
  0x0000000058abc000 JavaThread "C2 CompilerThread1" daemon [_thread_blocked, id=4724, stack(0x000000005a540000,0x000000005a640000)]
  0x0000000058aa1000 JavaThread "C2 CompilerThread0" daemon [_thread_blocked, id=4628, stack(0x000000005a390000,0x000000005a490000)]
  0x0000000058a9f800 JavaThread "Attach Listener" daemon [_thread_blocked, id=5716, stack(0x000000005a200000,0x000000005a300000)]
  0x0000000058a9e000 JavaThread "Signal Dispatcher" daemon [_thread_blocked, id=9680, stack(0x000000005a050000,0x000000005a150000)]
  0x0000000057b00800 JavaThread "Finalizer" daemon [_thread_blocked, id=10716, stack(0x0000000059cb0000,0x0000000059db0000)]
  0x0000000058a53800 JavaThread "Reference Handler" daemon [_thread_blocked, id=9036, stack(0x00000000599d0000,0x0000000059ad0000)]

Other Threads:
  0x0000000058a52000 VMThread [stack: 0x0000000059ae0000,0x0000000059be0000] [id=8792]
  0x0000000058b6d800 WatcherThread [stack: 0x000000005a660000,0x000000005a760000] [id=9416]

VM state:not at safepoint (normal execution)

VM Mutex/Monitor currently owned by a thread: None

Heap:
 PSYoungGen      total 38400K, used 25021K [0x00000000d5d00000, 0x00000000d8780000, 0x0000000100000000)
  eden space 33280K, 62% used [0x00000000d5d00000,0x00000000d7130f68,0x00000000d7d80000)
  from space 5120K, 84% used [0x00000000d7d80000,0x00000000d81be580,0x00000000d8280000)
  to   space 5120K, 0% used [0x00000000d8280000,0x00000000d8280000,0x00000000d8780000)
 ParOldGen       total 87552K, used 16K [0x0000000081600000, 0x0000000086b80000, 0x00000000d5d00000)
  object space 87552K, 0% used [0x0000000081600000,0x0000000081604000,0x0000000086b80000)
 Metaspace       used 12353K, capacity 12565K, committed 12928K, reserved 1060864K
  class space    used 990K, capacity 1066K, committed 1152K, reserved 1048576K

Card table byte_map: [0x0000000011b10000,0x0000000011f10000] byte_map_base: 0x0000000011705000

Marking Bits: (ParMarkBitMap*) 0x000000005b6cd850
 Begin Bits: [0x0000000012dc0000, 0x0000000014d68000)
 End Bits:   [0x0000000014d68000, 0x0000000016d10000)

Polling page: 0x0000000000130000

CodeCache: size=245760Kb used=4116Kb max_used=4116Kb free=241643Kb
 bounds [0x0000000002750000, 0x0000000002b70000, 0x0000000011750000]
 total_blobs=1826 nmethods=946 adapters=793
 compilation: enabled

Compilation events (10 events):
Event: 2.793 Thread 0x0000000058ac4000  943       3       gameStates.Game::update (338 bytes)
Event: 2.796 Thread 0x0000000058ac4000 nmethod 943 0x0000000002b4e010 code [0x0000000002b4e7c0, 0x0000000002b52de8]
Event: 2.823 Thread 0x0000000058aa1000 nmethod 942% 0x0000000002b55fd0 code [0x0000000002b56320, 0x0000000002b58160]
Event: 2.825 Thread 0x0000000058ac3000  944 %     4       gameStates.Game::generateTerrain @ 30 (944 bytes)
Event: 2.833 Thread 0x0000000058ac4000  946       3       java.util.HashMap::<init> (11 bytes)
Event: 2.834 Thread 0x0000000058ac4000 nmethod 946 0x0000000002ae2690 code [0x0000000002ae2800, 0x0000000002ae2a10]
Event: 2.834 Thread 0x0000000058ac4000  947       3       engine.graphic.Texture::<init> (283 bytes)
Event: 2.836 Thread 0x0000000058ac4000 nmethod 947 0x0000000002b5a9d0 code [0x0000000002b5af40, 0x0000000002b5d998]
Event: 2.836 Thread 0x0000000058ac4000  945       1       engine.graphic.Texture::getWidth (5 bytes)
Event: 2.836 Thread 0x0000000058ac4000 nmethod 945 0x0000000002ae23d0 code [0x0000000002ae2520, 0x0000000002ae2630]

GC Heap History (2 events):
Event: 1.325 GC heap before
{Heap before GC invocations=1 (full 0):
 PSYoungGen      total 38400K, used 33280K [0x00000000d5d00000, 0x00000000d8780000, 0x0000000100000000)
  eden space 33280K, 100% used [0x00000000d5d00000,0x00000000d7d80000,0x00000000d7d80000)
  from space 5120K, 0% used [0x00000000d8280000,0x00000000d8280000,0x00000000d8780000)
  to   space 5120K, 0% used [0x00000000d7d80000,0x00000000d7d80000,0x00000000d8280000)
 ParOldGen       total 87552K, used 0K [0x0000000081600000, 0x0000000086b80000, 0x00000000d5d00000)
  object space 87552K, 0% used [0x0000000081600000,0x0000000081600000,0x0000000086b80000)
 Metaspace       used 12328K, capacity 12501K, committed 12672K, reserved 1060864K
  class space    used 990K, capacity 1066K, committed 1152K, reserved 1048576K
Event: 1.328 GC heap after
Heap after GC invocations=1 (full 0):
 PSYoungGen      total 38400K, used 4345K [0x00000000d5d00000, 0x00000000d8780000, 0x0000000100000000)
  eden space 33280K, 0% used [0x00000000d5d00000,0x00000000d5d00000,0x00000000d7d80000)
  from space 5120K, 84% used [0x00000000d7d80000,0x00000000d81be580,0x00000000d8280000)
  to   space 5120K, 0% used [0x00000000d8280000,0x00000000d8280000,0x00000000d8780000)
 ParOldGen       total 87552K, used 16K [0x0000000081600000, 0x0000000086b80000, 0x00000000d5d00000)
  object space 87552K, 0% used [0x0000000081600000,0x0000000081604000,0x0000000086b80000)
 Metaspace       used 12328K, capacity 12501K, committed 12672K, reserved 1060864K
  class space    used 990K, capacity 1066K, committed 1152K, reserved 1048576K
}

Deoptimization events (10 events):
Event: 2.422 Thread 0x0000000058c04800 Uncommon trap: reason=unstable_if action=reinterpret pc=0x0000000002af217c method=gameStates.Game.generateTerrain()V @ 549
Event: 2.422 Thread 0x0000000058c04800 Uncommon trap: reason=unstable_if action=reinterpret pc=0x0000000002aea868 method=gameStates.Game.generateTerrain()V @ 549
Event: 2.555 Thread 0x0000000058c04800 Uncommon trap: reason=unstable_if action=reinterpret pc=0x0000000002b0ac70 method=gameStates.Game.generateTerrain()V @ 479
Event: 2.571 Thread 0x0000000058c04800 Uncommon trap: reason=unstable_if action=reinterpret pc=0x0000000002b0fc2c method=gameStates.Game.generateTerrain()V @ 479
Event: 2.590 Thread 0x0000000058c04800 Uncommon trap: reason=unstable_if action=reinterpret pc=0x0000000002b063a8 method=gameStates.Game.generateTerrain()V @ 479
Event: 2.722 Thread 0x0000000058c04800 Uncommon trap: reason=unstable_if action=reinterpret pc=0x0000000002b30b84 method=gameStates.Game.generateTerrain()V @ 317
Event: 2.740 Thread 0x0000000058c04800 Uncommon trap: reason=unstable_if action=reinterpret pc=0x0000000002b28fcc method=gameStates.Game.generateTerrain()V @ 317
Event: 2.755 Thread 0x0000000058c04800 Uncommon trap: reason=unstable_if action=reinterpret pc=0x0000000002b35f68 method=gameStates.Game.generateTerrain()V @ 317
Event: 2.827 Thread 0x0000000058c04800 Uncommon trap: reason=unstable_if action=reinterpret pc=0x0000000002b56774 method=gameStates.Game.generateTerrain()V @ 348
Event: 2.833 Thread 0x0000000058c04800 Uncommon trap: reason=unstable_if action=reinterpret pc=0x0000000002a822f0 method=gameStates.Game.generateTerrain()V @ 650

Internal exceptions (9 events):
Event: 0.044 Thread 0x000000000224e800 Exception <a 'java/lang/NoSuchMethodError': Method sun.misc.Unsafe.defineClass(Ljava/lang/String;[BII)Ljava/lang/Class; name or signature does not match> (0x00000000d5d07ca8) thrown at [C:\re\workspace\8-2-build-windows-amd64-cygwin\jdk8u151\9699\hotspot\
Event: 0.044 Thread 0x000000000224e800 Exception <a 'java/lang/NoSuchMethodError': Method sun.misc.Unsafe.prefetchRead(Ljava/lang/Object;J)V name or signature does not match> (0x00000000d5d07f90) thrown at [C:\re\workspace\8-2-build-windows-amd64-cygwin\jdk8u151\9699\hotspot\src\share\vm\prims
Event: 0.137 Thread 0x0000000058c04800 Exception <a 'java/lang/NoSuchFieldError': method resolution failed> (0x00000000d60edc38) thrown at [C:\re\workspace\8-2-build-windows-amd64-cygwin\jdk8u151\9699\hotspot\src\share\vm\prims\methodHandles.cpp, line 1146]
Event: 0.138 Thread 0x0000000058c04800 Exception <a 'java/lang/NoSuchFieldError': method resolution failed> (0x00000000d60fb388) thrown at [C:\re\workspace\8-2-build-windows-amd64-cygwin\jdk8u151\9699\hotspot\src\share\vm\prims\methodHandles.cpp, line 1146]
Event: 0.157 Thread 0x0000000058c04800 Exception <a 'java/security/PrivilegedActionException'> (0x00000000d61a4328) thrown at [C:\re\workspace\8-2-build-windows-amd64-cygwin\jdk8u151\9699\hotspot\src\share\vm\prims\jvm.cpp, line 1390]
Event: 0.157 Thread 0x0000000058c04800 Exception <a 'java/security/PrivilegedActionException'> (0x00000000d61a4720) thrown at [C:\re\workspace\8-2-build-windows-amd64-cygwin\jdk8u151\9699\hotspot\src\share\vm\prims\jvm.cpp, line 1390]
Event: 0.158 Thread 0x0000000058c04800 Exception <a 'java/security/PrivilegedActionException'> (0x00000000d61a8a00) thrown at [C:\re\workspace\8-2-build-windows-amd64-cygwin\jdk8u151\9699\hotspot\src\share\vm\prims\jvm.cpp, line 1390]
Event: 0.158 Thread 0x0000000058c04800 Exception <a 'java/security/PrivilegedActionException'> (0x00000000d61a8df8) thrown at [C:\re\workspace\8-2-build-windows-amd64-cygwin\jdk8u151\9699\hotspot\src\share\vm\prims\jvm.cpp, line 1390]
Event: 0.733 Thread 0x0000000058c04800 Exception <a 'java/io/FileNotFoundException'> (0x00000000d6afdb38) thrown at [C:\re\workspace\8-2-build-windows-amd64-cygwin\jdk8u151\9699\hotspot\src\share\vm\prims\jni.cpp, line 709]

Events (10 events):
Event: 2.806 Thread 0x0000000058c04800 DEOPT PACKING pc=0x0000000002b486f3 sp=0x000000005a95eeb0
Event: 2.806 Thread 0x0000000058c04800 DEOPT UNPACKING pc=0x000000000279787f sp=0x000000005a95ece8 mode 0
Event: 2.826 Thread 0x0000000058c04800 DEOPT PACKING pc=0x0000000002b4855d sp=0x000000005a95eeb0
Event: 2.826 Thread 0x0000000058c04800 DEOPT UNPACKING pc=0x000000000279787f sp=0x000000005a95ece8 mode 0
Event: 2.827 Thread 0x0000000058c04800 Uncommon trap: trap_request=0xffffff65 fr.pc=0x0000000002b56774
Event: 2.827 Thread 0x0000000058c04800 DEOPT PACKING pc=0x0000000002b56774 sp=0x000000005a95efd0
Event: 2.827 Thread 0x0000000058c04800 DEOPT UNPACKING pc=0x000000000279582a sp=0x000000005a95ef80 mode 2
Event: 2.833 Thread 0x0000000058c04800 Uncommon trap: trap_request=0xffffff65 fr.pc=0x0000000002a822f0
Event: 2.833 Thread 0x0000000058c04800 DEOPT PACKING pc=0x0000000002a822f0 sp=0x000000005a95efd0
Event: 2.833 Thread 0x0000000058c04800 DEOPT UNPACKING pc=0x000000000279582a sp=0x000000005a95ef78 mode 2


Dynamic libraries:
0x000000013f5d0000 - 0x000000013f607000 	C:\Program Files\Java\jdk1.8.0_151\bin\javaw.exe
0x0000000076d90000 - 0x0000000076f3a000 	C:\Windows\SYSTEM32\ntdll.dll
0x0000000076b70000 - 0x0000000076c8f000 	C:\Windows\system32\kernel32.dll
0x000007fefd030000 - 0x000007fefd09a000 	C:\Windows\system32\KERNELBASE.dll
0x000007fefdf20000 - 0x000007fefdffb000 	C:\Windows\system32\ADVAPI32.dll
0x000007fefde10000 - 0x000007fefdeaf000 	C:\Windows\system32\msvcrt.dll
0x000007feff080000 - 0x000007feff09f000 	C:\Windows\SYSTEM32\sechost.dll
0x000007fefed90000 - 0x000007fefeebd000 	C:\Windows\system32\RPCRT4.dll
0x0000000076c90000 - 0x0000000076d8a000 	C:\Windows\system32\USER32.dll
0x000007fefdeb0000 - 0x000007fefdf17000 	C:\Windows\system32\GDI32.dll
0x000007fefdb70000 - 0x000007fefdb7e000 	C:\Windows\system32\LPK.dll
0x000007fefef30000 - 0x000007fefeffa000 	C:\Windows\system32\USP10.dll
0x000007fefaef0000 - 0x000007fefb0e4000 	C:\Windows\WinSxS\amd64_microsoft.windows.common-controls_6595b64144ccf1df_6.0.7601.18837_none_fa3b1e3d17594757\COMCTL32.dll
0x000007feff000000 - 0x000007feff071000 	C:\Windows\system32\SHLWAPI.dll
0x000007fefda30000 - 0x000007fefda5e000 	C:\Windows\system32\IMM32.DLL
0x000007fefda60000 - 0x000007fefdb69000 	C:\Windows\system32\MSCTF.dll
0x0000000062b10000 - 0x0000000062be2000 	C:\Program Files\Java\jdk1.8.0_151\jre\bin\msvcr100.dll
0x000000005aeb0000 - 0x000000005b74d000 	C:\Program Files\Java\jdk1.8.0_151\jre\bin\server\jvm.dll
0x000007fef2830000 - 0x000007fef2839000 	C:\Windows\system32\WSOCK32.dll
0x000007fefeec0000 - 0x000007fefef0d000 	C:\Windows\system32\WS2_32.dll
0x000007fefde00000 - 0x000007fefde08000 	C:\Windows\system32\NSI.dll
0x000007fefa610000 - 0x000007fefa64b000 	C:\Windows\system32\WINMM.dll
0x000007fefbc90000 - 0x000007fefbc9c000 	C:\Windows\system32\VERSION.dll
0x0000000076f60000 - 0x0000000076f67000 	C:\Windows\system32\PSAPI.DLL
0x0000000071e70000 - 0x0000000071e7f000 	C:\Program Files\Java\jdk1.8.0_151\jre\bin\verify.dll
0x00000000671c0000 - 0x00000000671e9000 	C:\Program Files\Java\jdk1.8.0_151\jre\bin\java.dll
0x0000000066fa0000 - 0x0000000066fb6000 	C:\Program Files\Java\jdk1.8.0_151\jre\bin\zip.dll
0x000007fefe000000 - 0x000007fefed89000 	C:\Windows\system32\SHELL32.dll
0x000007fefd310000 - 0x000007fefd513000 	C:\Windows\system32\ole32.dll
0x000007fefcc90000 - 0x000007fefcc9f000 	C:\Windows\system32\profapi.dll
0x000007fee8020000 - 0x000007fee80ee000 	C:\Users\User\Dropbox\Traveller\Código\Eclipse Project\libraries\LWGJL\native\lwjgl.dll
0x000007fefbd90000 - 0x000007fefbd93000 	C:\Windows\system32\api-ms-win-core-synch-l1-2-0.DLL
0x000007fef7ca0000 - 0x000007fef7cdc000 	C:\Users\User\Dropbox\Traveller\Código\Eclipse Project\libraries\LWGJL\native\glfw.dll
0x000007fefa990000 - 0x000007fefa9e6000 	C:\Windows\system32\uxtheme.dll
0x000007fee9590000 - 0x000007fee95cc000 	C:\Windows\system32\dinput8.dll
0x00000000003b0000 - 0x00000000003ce000 	C:\Windows\system32\xinput1_3.dll
0x000007fefdb80000 - 0x000007fefdd57000 	C:\Windows\system32\SETUPAPI.dll
0x000007fefcd40000 - 0x000007fefcd76000 	C:\Windows\system32\CFGMGR32.dll
0x000007fefd0a0000 - 0x000007fefd17a000 	C:\Windows\system32\OLEAUT32.dll
0x000007fefce00000 - 0x000007fefce1a000 	C:\Windows\system32\DEVOBJ.dll
0x000007fefa3c0000 - 0x000007fefa3d8000 	C:\Windows\system32\dwmapi.dll
0x000007fee7f00000 - 0x000007fee801d000 	C:\Windows\system32\opengl32.dll
0x000007fef7c70000 - 0x000007fef7c9d000 	C:\Windows\system32\GLU32.dll
0x000007fee74f0000 - 0x000007fee75e1000 	C:\Windows\system32\DDRAW.dll
0x000007fefa020000 - 0x000007fefa028000 	C:\Windows\system32\DCIMAN32.dll
0x000007fefa4b0000 - 0x000007fefa4bb000 	C:\Windows\system32\HID.DLL
0x000007fefcd80000 - 0x000007fefcdbb000 	C:\Windows\system32\WINTRUST.dll
0x000007fefcec0000 - 0x000007fefd02d000 	C:\Windows\system32\CRYPT32.dll
0x000007fefcd30000 - 0x000007fefcd3f000 	C:\Windows\system32\MSASN1.dll
0x000007fee7e10000 - 0x000007fee7ef8000 	C:\Windows\system32\vulkan-1.dll
0x000007fefb860000 - 0x000007fefb88d000 	C:\Windows\system32\ntmarta.dll
0x000007fefd6f0000 - 0x000007fefd742000 	C:\Windows\system32\WLDAP32.dll
0x00000000685f0000 - 0x000000006a81f000 	C:\Windows\system32\nvoglv64.DLL
0x000007fefbf10000 - 0x000007fefbf21000 	C:\Windows\system32\WTSAPI32.dll
0x000007fee5760000 - 0x000007fee59b9000 	C:\Windows\system32\nvspcap64.dll
0x000007fefc0a0000 - 0x000007fefc0dd000 	C:\Windows\system32\WINSTA.dll
0x000007fefcbc0000 - 0x000007fefcbcf000 	C:\Windows\system32\CRYPTBASE.dll
0x000007fef7bc0000 - 0x000007fef7bfb000 	C:\Users\User\Dropbox\Traveller\Código\Eclipse Project\libraries\LWGJL\native\jemalloc.dll
0x0000000060930000 - 0x0000000060ac8000 	C:\Program Files\Java\jdk1.8.0_151\jre\bin\awt.dll
0x000007fefc560000 - 0x000007fefc578000 	C:\Windows\system32\CRYPTSP.dll
0x000007fefc260000 - 0x000007fefc2a7000 	C:\Windows\system32\rsaenh.dll
0x000007fefbfd0000 - 0x000007fefbfee000 	C:\Windows\system32\USERENV.dll
0x0000000066af0000 - 0x0000000066b0a000 	C:\Program Files\Java\jdk1.8.0_151\jre\bin\net.dll
0x000007fefc500000 - 0x000007fefc555000 	C:\Windows\system32\mswsock.dll
0x000007fefc4f0000 - 0x000007fefc4f7000 	C:\Windows\System32\wship6.dll
0x000007fefa460000 - 0x000007fefa487000 	C:\Windows\system32\IPHLPAPI.DLL
0x000007fefa450000 - 0x000007fefa45b000 	C:\Windows\system32\WINNSI.DLL
0x000007fefa280000 - 0x000007fefa291000 	C:\Windows\system32\dhcpcsvc6.DLL
0x000007fefa180000 - 0x000007fefa198000 	C:\Windows\system32\dhcpcsvc.DLL
0x0000000066ad0000 - 0x0000000066ae1000 	C:\Program Files\Java\jdk1.8.0_151\jre\bin\nio.dll
0x000007fef7940000 - 0x000007fef7a65000 	C:\Windows\system32\dbghelp.dll

VM Arguments:
jvm_args: -Djava.library.path=C:\Users\User\Dropbox\Traveller\Código\Eclipse Project\libraries\LWGJL\native -Dfile.encoding=Cp1252 
java_command: game.Main
java_class_path (initial): C:\Program Files\Java\jdk1.8.0_151\jre\lib\resources.jar;C:\Program Files\Java\jdk1.8.0_151\jre\lib\rt.jar;C:\Program Files\Java\jdk1.8.0_151\jre\lib\jsse.jar;C:\Program Files\Java\jdk1.8.0_151\jre\lib\jce.jar;C:\Program Files\Java\jdk1.8.0_151\jre\lib\charsets.jar;C:\Program Files\Java\jdk1.8.0_151\jre\lib\jfr.jar;C:\Program Files\Java\jdk1.8.0_151\jre\lib\ext\access-bridge-64.jar;C:\Program Files\Java\jdk1.8.0_151\jre\lib\ext\cldrdata.jar;C:\Program Files\Java\jdk1.8.0_151\jre\lib\ext\dnsns.jar;C:\Program Files\Java\jdk1.8.0_151\jre\lib\ext\jaccess.jar;C:\Program Files\Java\jdk1.8.0_151\jre\lib\ext\jfxrt.jar;C:\Program Files\Java\jdk1.8.0_151\jre\lib\ext\localedata.jar;C:\Program Files\Java\jdk1.8.0_151\jre\lib\ext\nashorn.jar;C:\Program Files\Java\jdk1.8.0_151\jre\lib\ext\sunec.jar;C:\Program Files\Java\jdk1.8.0_151\jre\lib\ext\sunjce_provider.jar;C:\Program Files\Java\jdk1.8.0_151\jre\lib\ext\sunmscapi.jar;C:\Program Files\Java\jdk1.8.0_151\jre\lib\ext\sunpkcs11.jar;C:\Program Files\Java\jdk1.8.0_151\jre\lib\ext\zipfs.jar;C:\Users\User\Dropbox\Engine\bin;C:\Users\User\Dropbox\Engine\lwjgl.jar;C:\Users\User\Dropbox\Engine\glm-1.0.1.jar
Launcher Type: SUN_STANDARD

Environment Variables:
JAVA_HOME=C:\Program Files\Java\jdk1.8.0_151
PATH=C:/Program Files/Java/jre1.8.0_151/bin/server;C:/Program Files/Java/jre1.8.0_151/bin;C:/Program Files/Java/jre1.8.0_151/lib/amd64;C:\ProgramData\Oracle\Java\javapath;C:\Windows\system32;C:\Windows;C:\Windows\System32\Wbem;C:\Windows\System32\WindowsPowerShell\v1.0\;C:\Program Files (x86)\NVIDIA Corporation\PhysX\Common;C:\Program Files\PuTTY\;C:\Program Files\Git\cmd;C:\Program Files\MiKTeX 2.9\miktex\bin\x64\;C:\Program Files\apache-maven-3.5.2\bin;C:\Program Files\nodejs\;C:\Program Files\CMake\bin;C:\Program Files\dotnet\;C:\Windows\system32\config\systemprofile\.dnx\bin;C:\Program Files\Microsoft DNX\Dnvm\;C:\Program Files\Microsoft SQL Server\130\Tools\Binn\;C:\Program Files\Java\jdk1.8.0_151\bin;C:\Users\User\AppData\Local\atom\bin;C:\Users\User\Desktop;
USERNAME=User
OS=Windows_NT
PROCESSOR_IDENTIFIER=Intel64 Family 6 Model 60 Stepping 3, GenuineIntel



---------------  S Y S T E M  ---------------

OS: Windows 7 , 64 bit Build 7601 (6.1.7601.23572)

CPU:total 8 (initial active 8) (4 cores per cpu, 2 threads per core) family 6 model 60 stepping 3, cmov, cx8, fxsr, mmx, sse, sse2, sse3, ssse3, sse4.1, sse4.2, popcnt, avx, avx2, aes, clmul, erms, rtm, lzcnt, ht, tsc, tscinvbit, bmi1, bmi2

Memory: 4k page, physical 8292052k(922188k free), swap 17370860k(4698236k free)

vm_info: Java HotSpot(TM) 64-Bit Server VM (25.151-b12) for windows-amd64 JRE (1.8.0_151-b12), built on Sep  5 2017 19:33:46 by "java_re" with MS VC++ 10.0 (VS2010)

time: Sun Mar 18 20:33:44 2018
elapsed time: 2 seconds (0d 0h 0m 2s)

