#
# A fatal error has been detected by the Java Runtime Environment:
#
#  EXCEPTION_ACCESS_VIOLATION (0xc0000005) at pc=0x0000000056f94c27, pid=2188, tid=0x0000000000000ff0
#
# JRE version: Java(TM) SE Runtime Environment (8.0_151-b12) (build 1.8.0_151-b12)
# Java VM: Java HotSpot(TM) 64-Bit Server VM (25.151-b12 mixed mode windows-amd64 compressed oops)
# Problematic frame:
# C  [nvoglv64.DLL+0xe34c27]
#
# Failed to write core dump. Minidumps are not enabled by default on client versions of Windows
#
# If you would like to submit a bug report, please visit:
#   http://bugreport.java.com/bugreport/crash.jsp
# The crash happened outside the Java Virtual Machine in native code.
# See problematic frame for where to report the bug.
#

---------------  T H R E A D  ---------------

Current thread (0x000000001d886000):  JavaThread "Thread-0" [_thread_in_native, id=4080, stack(0x000000001f670000,0x000000001f770000)]

siginfo: ExceptionCode=0xc0000005, reading address 0x0000000000000000

Registers:
RAX=0x00000000233b1778, RBX=0x00000000220513a0, RCX=0x0000000000000120, RDX=0xffffffffdcc4e888
RSP=0x000000001f76ee08, RBP=0x0000000000000001, RSI=0x0000000000000000, RDI=0x00000000233b1778
R8 =0x0000000000000012, R9 =0x0000000000000012, R10=0x0000000000000000, R11=0x00000000233b1778
R12=0x0000000000000000, R13=0x0000000056160000, R14=0x0000000000000000, R15=0x0000000022051120
RIP=0x0000000056f94c27, EFLAGS=0x0000000000010207

Top of Stack: (sp=0x000000001f76ee08)
0x000000001f76ee08:   0000000056ac2c8a fffffffe00000000
0x000000001f76ee18:   0000000000000000 0000000000000000
0x000000001f76ee28:   000000005695451b 000000001d886000
0x000000001f76ee38:   0000000000000012 0000000000000000
0x000000001f76ee48:   000000000009810b 0000000022051120
0x000000001f76ee58:   0000000056ac3a72 0000000022050080
0x000000001f76ee68:   0000000000000004 0000000000000000
0x000000001f76ee78:   0000000000000000 000000001d886000
0x000000001f76ee88:   000000001f76ef60 000000001c26b168
0x000000001f76ee98:   0000000000000000 000000000278835d
0x000000001f76eea8:   0000000002797f74 000000001c26b170
0x000000001f76eeb8:   000000001f76ef30 0000000000000010
0x000000001f76eec8:   0000000000001406 0000000000000012
0x000000001f76eed8:   000000001d886000 000000001f76f010
0x000000001f76eee8:   000000002c9fd83b 000000001f76eef0
0x000000001f76eef8:   0000000000000000 000000001f76ef60 

Instructions: (pc=0x0000000056f94c27)
0x0000000056f94c07:   0f ba 25 55 56 61 01 01 0f 83 ab 01 00 00 49 8b
0x0000000056f94c17:   c3 4c 8b df 48 8b f9 49 8b c8 4c 8b c6 49 8b f2
0x0000000056f94c27:   f3 a4 49 8b f0 49 8b fb c3 0f 10 02 41 0f 10 4c
0x0000000056f94c37:   10 f0 0f 11 01 41 0f 11 4c 08 f0 48 8b c1 c3 66 


Register to memory mapping:

RAX=0x00000000233b1778 is an unknown value
RBX=0x00000000220513a0 is an unknown value
RCX=0x0000000000000120 is an unknown value
RDX=0xffffffffdcc4e888 is an unknown value
RSP=0x000000001f76ee08 is pointing into the stack for thread: 0x000000001d886000
RBP=0x0000000000000001 is an unknown value
RSI=0x0000000000000000 is an unknown value
RDI=0x00000000233b1778 is an unknown value
R8 =0x0000000000000012 is an unknown value
R9 =0x0000000000000012 is an unknown value
R10=0x0000000000000000 is an unknown value
R11=0x00000000233b1778 is an unknown value
R12=0x0000000000000000 is an unknown value
R13=0x0000000056160000 is an unknown value
R14=0x0000000000000000 is an unknown value
R15=0x0000000022051120 is an unknown value


Stack: [0x000000001f670000,0x000000001f770000],  sp=0x000000001f76ee08,  free space=1019k
Native frames: (J=compiled Java code, j=interpreted, Vv=VM code, C=native code)
C  [nvoglv64.DLL+0xe34c27]
C  [nvoglv64.DLL+0x962c8a]
C  [nvoglv64.DLL+0x963a72]
C  0x0000000002797f74

Java frames: (J=compiled Java code, j=interpreted, Vv=VM code)
j  org.lwjgl.opengl.GL11.glDrawArrays(III)V+0
j  engine.renderer.TextureRenderer.render(IILglm/vec/_2/Vec2;Lglm/vec/_2/Vec2;FLglm/vec/_4/Vec4;Lglm/vec/_4/Vec4;Lglm/vec/_2/Vec2;Lglm/vec/_2/Vec2;)V+491
j  engine.renderer.TextureRenderer.render(ILglm/vec/_2/Vec2;Lglm/vec/_2/Vec2;FLglm/vec/_4/Vec4;Lglm/vec/_4/Vec4;Lglm/vec/_2/Vec2;Lglm/vec/_2/Vec2;)V+15
j  demo.Game.render()V+182
j  engine.states.GSM.render()V+4
j  engine.engine.Engine.render()V+7
j  engine.engine.Engine.run()V+32
j  java.lang.Thread.run()V+11
v  ~StubRoutines::call_stub

---------------  P R O C E S S  ---------------

Java Threads: ( => current thread )
  0x000000001d759800 JavaThread "Thread-12" daemon [_thread_in_native, id=6720, stack(0x000000002e140000,0x000000002e240000)]
  0x000000001d759000 JavaThread "Thread-11" daemon [_thread_in_native, id=3276, stack(0x000000002def0000,0x000000002dff0000)]
  0x000000001d758000 JavaThread "Thread-10" daemon [_thread_in_native, id=2136, stack(0x000000002d2c0000,0x000000002d3c0000)]
  0x000000001fa8c800 JavaThread "Thread-9" daemon [_thread_in_native, id=5996, stack(0x000000002dc80000,0x000000002dd80000)]
  0x00000000262e9800 JavaThread "Thread-8" daemon [_thread_in_native, id=6852, stack(0x000000002d100000,0x000000002d200000)]
  0x00000000262e9000 JavaThread "Thread-7" daemon [_thread_in_native, id=5484, stack(0x000000002cf10000,0x000000002d010000)]
  0x00000000262e8000 JavaThread "Thread-6" daemon [_thread_in_native, id=1976, stack(0x000000002cbd0000,0x000000002ccd0000)]
  0x00000000262e7800 JavaThread "Thread-5" daemon [_thread_in_native, id=8832, stack(0x000000002cd60000,0x000000002ce60000)]
  0x00000000262e6800 JavaThread "Thread-4" daemon [_thread_in_native, id=3416, stack(0x000000002cad0000,0x000000002cbd0000)]
  0x000000001fcfa000 JavaThread "AWT-Windows" daemon [_thread_in_native, id=9776, stack(0x000000002bd40000,0x000000002be40000)]
  0x000000001fcf9800 JavaThread "AWT-Shutdown" [_thread_blocked, id=840, stack(0x000000002bec0000,0x000000002bfc0000)]
  0x000000001fcab800 JavaThread "Java2D Disposer" daemon [_thread_blocked, id=8828, stack(0x0000000025ba0000,0x0000000025ca0000)]
  0x00000000003cf000 JavaThread "DestroyJavaVM" [_thread_blocked, id=5448, stack(0x00000000023b0000,0x00000000024b0000)]
=>0x000000001d886000 JavaThread "Thread-0" [_thread_in_native, id=4080, stack(0x000000001f670000,0x000000001f770000)]
  0x000000001d7f1800 JavaThread "Service Thread" daemon [_thread_blocked, id=6068, stack(0x000000001f3f0000,0x000000001f4f0000)]
  0x000000001d756800 JavaThread "C1 CompilerThread3" daemon [_thread_blocked, id=7592, stack(0x000000001f210000,0x000000001f310000)]
  0x000000001d756000 JavaThread "C2 CompilerThread2" daemon [_thread_blocked, id=8588, stack(0x000000001f0d0000,0x000000001f1d0000)]
  0x000000001d74a800 JavaThread "C2 CompilerThread1" daemon [_thread_blocked, id=824, stack(0x000000001ef30000,0x000000001f030000)]
  0x000000001d743000 JavaThread "C2 CompilerThread0" daemon [_thread_blocked, id=8748, stack(0x000000001ebc0000,0x000000001ecc0000)]
  0x000000001d741800 JavaThread "Attach Listener" daemon [_thread_blocked, id=6684, stack(0x000000001ee30000,0x000000001ef30000)]
  0x000000001d740800 JavaThread "Signal Dispatcher" daemon [_thread_blocked, id=9308, stack(0x000000001ed00000,0x000000001ee00000)]
  0x000000001c691800 JavaThread "Finalizer" daemon [_thread_blocked, id=7840, stack(0x000000001ea30000,0x000000001eb30000)]
  0x000000001c68a800 JavaThread "Reference Handler" daemon [_thread_blocked, id=2024, stack(0x000000001e8d0000,0x000000001e9d0000)]

Other Threads:
  0x000000001d6f3000 VMThread [stack: 0x000000001e740000,0x000000001e840000] [id=5368]
  0x000000001d7c8800 WatcherThread [stack: 0x000000001f530000,0x000000001f630000] [id=7508]

VM state:not at safepoint (normal execution)

VM Mutex/Monitor currently owned by a thread: None

Heap:
 PSYoungGen      total 76288K, used 33222K [0x000000076b200000, 0x0000000774700000, 0x00000007c0000000)
  eden space 65536K, 34% used [0x000000076b200000,0x000000076c7f4d98,0x000000076f200000)
  from space 10752K, 99% used [0x000000076f200000,0x000000076fc7cb90,0x000000076fc80000)
  to   space 10752K, 0% used [0x0000000773c80000,0x0000000773c80000,0x0000000774700000)
 ParOldGen       total 175104K, used 78355K [0x00000006c1600000, 0x00000006cc100000, 0x000000076b200000)
  object space 175104K, 44% used [0x00000006c1600000,0x00000006c6284e78,0x00000006cc100000)
 Metaspace       used 16681K, capacity 16965K, committed 17152K, reserved 1064960K
  class space    used 1434K, capacity 1529K, committed 1536K, reserved 1048576K

Card table byte_map: [0x0000000011b40000,0x0000000012340000] byte_map_base: 0x000000000e535000

Marking Bits: (ParMarkBitMap*) 0x000000006aacd850
 Begin Bits: [0x0000000013550000, 0x00000000174f8000)
 End Bits:   [0x00000000174f8000, 0x000000001b4a0000)

Polling page: 0x0000000000330000

CodeCache: size=245760Kb used=4850Kb max_used=4860Kb free=240909Kb
 bounds [0x0000000002780000, 0x0000000002c50000, 0x0000000011780000]
 total_blobs=2409 nmethods=1354 adapters=968
 compilation: enabled

Compilation events (10 events):
Event: 2.223 Thread 0x000000001d756800 1350       3       java.lang.invoke.MethodType::toMethodDescriptorString (21 bytes)
Event: 2.224 Thread 0x000000001d756800 nmethod 1350 0x0000000002c3d590 code [0x0000000002c3d7a0, 0x0000000002c3e2b8]
Event: 2.245 Thread 0x000000001d74a800 1351       4       java.lang.AbstractStringBuilder::<init> (12 bytes)
Event: 2.246 Thread 0x000000001d756800 1352       3       java.util.HashMap::keySet (25 bytes)
Event: 2.246 Thread 0x000000001d756800 nmethod 1352 0x0000000002c40350 code [0x0000000002c404c0, 0x0000000002c40850]
Event: 2.246 Thread 0x000000001d74a800 nmethod 1351 0x0000000002c42210 code [0x0000000002c42360, 0x0000000002c42498]
Event: 2.284 Thread 0x000000001d756800 1353       3       java.util.HashMap$KeySet::iterator (12 bytes)
Event: 2.284 Thread 0x000000001d756800 nmethod 1353 0x0000000002c3fe90 code [0x0000000002c40000, 0x0000000002c40268]
Event: 2.284 Thread 0x000000001d756800 1354       3       java.util.HashMap$KeyIterator::<init> (11 bytes)
Event: 2.284 Thread 0x000000001d756800 nmethod 1354 0x0000000002c3fad0 code [0x0000000002c3fc40, 0x0000000002c3fde8]

GC Heap History (6 events):
Event: 1.887 GC heap before
{Heap before GC invocations=1 (full 0):
 PSYoungGen      total 76288K, used 62532K [0x000000076b200000, 0x0000000770700000, 0x00000007c0000000)
  eden space 65536K, 95% used [0x000000076b200000,0x000000076ef111e8,0x000000076f200000)
  from space 10752K, 0% used [0x000000076fc80000,0x000000076fc80000,0x0000000770700000)
  to   space 10752K, 0% used [0x000000076f200000,0x000000076f200000,0x000000076fc80000)
 ParOldGen       total 175104K, used 0K [0x00000006c1600000, 0x00000006cc100000, 0x000000076b200000)
  object space 175104K, 0% used [0x00000006c1600000,0x00000006c1600000,0x00000006cc100000)
 Metaspace       used 13424K, capacity 13699K, committed 13952K, reserved 1062912K
  class space    used 1238K, capacity 1336K, committed 1408K, reserved 1048576K
Event: 1.893 GC heap after
Heap after GC invocations=1 (full 0):
 PSYoungGen      total 76288K, used 4473K [0x000000076b200000, 0x0000000770700000, 0x00000007c0000000)
  eden space 65536K, 0% used [0x000000076b200000,0x000000076b200000,0x000000076f200000)
  from space 10752K, 41% used [0x000000076f200000,0x000000076f65e4a0,0x000000076fc80000)
  to   space 10752K, 0% used [0x000000076fc80000,0x000000076fc80000,0x0000000770700000)
 ParOldGen       total 175104K, used 24K [0x00000006c1600000, 0x00000006cc100000, 0x000000076b200000)
  object space 175104K, 0% used [0x00000006c1600000,0x00000006c1606000,0x00000006cc100000)
 Metaspace       used 13424K, capacity 13699K, committed 13952K, reserved 1062912K
  class space    used 1238K, capacity 1336K, committed 1408K, reserved 1048576K
}
Event: 2.231 GC heap before
{Heap before GC invocations=2 (full 0):
 PSYoungGen      total 76288K, used 69539K [0x000000076b200000, 0x0000000770700000, 0x00000007c0000000)
  eden space 65536K, 99% used [0x000000076b200000,0x000000076f18a8a0,0x000000076f200000)
  from space 10752K, 41% used [0x000000076f200000,0x000000076f65e4a0,0x000000076fc80000)
  to   space 10752K, 0% used [0x000000076fc80000,0x000000076fc80000,0x0000000770700000)
 ParOldGen       total 175104K, used 24K [0x00000006c1600000, 0x00000006cc100000, 0x000000076b200000)
  object space 175104K, 0% used [0x00000006c1600000,0x00000006c1606000,0x00000006cc100000)
 Metaspace       used 16680K, capacity 16965K, committed 17152K, reserved 1064960K
  class space    used 1434K, capacity 1529K, committed 1536K, reserved 1048576K
Event: 2.240 GC heap after
Heap after GC invocations=2 (full 0):
 PSYoungGen      total 76288K, used 10738K [0x000000076b200000, 0x0000000774700000, 0x00000007c0000000)
  eden space 65536K, 0% used [0x000000076b200000,0x000000076b200000,0x000000076f200000)
  from space 10752K, 99% used [0x000000076fc80000,0x00000007706fcb90,0x0000000770700000)
  to   space 10752K, 0% used [0x000000076f200000,0x000000076f200000,0x000000076fc80000)
 ParOldGen       total 175104K, used 15034K [0x00000006c1600000, 0x00000006cc100000, 0x000000076b200000)
  object space 175104K, 8% used [0x00000006c1600000,0x00000006c24ae918,0x00000006cc100000)
 Metaspace       used 16680K, capacity 16965K, committed 17152K, reserved 1064960K
  class space    used 1434K, capacity 1529K, committed 1536K, reserved 1048576K
}
Event: 2.266 GC heap before
{Heap before GC invocations=3 (full 0):
 PSYoungGen      total 76288K, used 75457K [0x000000076b200000, 0x0000000774700000, 0x00000007c0000000)
  eden space 65536K, 98% used [0x000000076b200000,0x000000076f133a28,0x000000076f200000)
  from space 10752K, 99% used [0x000000076fc80000,0x00000007706fcb90,0x0000000770700000)
  to   space 10752K, 0% used [0x000000076f200000,0x000000076f200000,0x000000076fc80000)
 ParOldGen       total 175104K, used 15034K [0x00000006c1600000, 0x00000006cc100000, 0x000000076b200000)
  object space 175104K, 8% used [0x00000006c1600000,0x00000006c24ae918,0x00000006cc100000)
 Metaspace       used 16680K, capacity 16965K, committed 17152K, reserved 1064960K
  class space    used 1434K, capacity 1529K, committed 1536K, reserved 1048576K
Event: 2.280 GC heap after
Heap after GC invocations=3 (full 0):
 PSYoungGen      total 76288K, used 10738K [0x000000076b200000, 0x0000000774700000, 0x00000007c0000000)
  eden space 65536K, 0% used [0x000000076b200000,0x000000076b200000,0x000000076f200000)
  from space 10752K, 99% used [0x000000076f200000,0x000000076fc7cb90,0x000000076fc80000)
  to   space 10752K, 0% used [0x0000000773c80000,0x0000000773c80000,0x0000000774700000)
 ParOldGen       total 175104K, used 78355K [0x00000006c1600000, 0x00000006cc100000, 0x000000076b200000)
  object space 175104K, 44% used [0x00000006c1600000,0x00000006c6284e78,0x00000006cc100000)
 Metaspace       used 16680K, capacity 16965K, committed 17152K, reserved 1064960K
  class space    used 1434K, capacity 1529K, committed 1536K, reserved 1048576K
}

Deoptimization events (10 events):
Event: 0.985 Thread 0x000000001d886000 Uncommon trap: reason=unstable_if action=reinterpret pc=0x0000000002a9715c method=java.awt.image.ComponentColorModel.getAlpha(Ljava/lang/Object;)I @ 4
Event: 0.985 Thread 0x000000001d886000 Uncommon trap: reason=unstable_if action=reinterpret pc=0x0000000002a94a1c method=java.awt.image.ComponentColorModel.extractComponent(Ljava/lang/Object;II)I @ 4
Event: 0.985 Thread 0x000000001d886000 Uncommon trap: reason=unstable_if action=reinterpret pc=0x0000000002a96034 method=java.awt.image.ComponentColorModel.getAlpha(Ljava/lang/Object;)I @ 4
Event: 0.989 Thread 0x000000001d886000 Uncommon trap: reason=unstable_if action=reinterpret pc=0x0000000002ab4e54 method=com.sun.imageio.plugins.png.PNGImageReader.paethPredictor(III)I @ 41
Event: 1.674 Thread 0x000000001d886000 Uncommon trap: reason=unstable_if action=reinterpret pc=0x0000000002ae73ac method=java.io.BufferedInputStream.read1([BII)I @ 22
Event: 1.958 Thread 0x000000001d886000 Uncommon trap: reason=class_check action=maybe_recompile pc=0x0000000002adc134 method=java.awt.image.BufferedImage.getRGB(IIII[III)[I @ 202
Event: 1.958 Thread 0x000000001d886000 Uncommon trap: reason=class_check action=maybe_recompile pc=0x0000000002adc134 method=java.awt.image.BufferedImage.getRGB(IIII[III)[I @ 202
Event: 1.959 Thread 0x000000001d886000 Uncommon trap: reason=class_check action=maybe_recompile pc=0x0000000002adc134 method=java.awt.image.BufferedImage.getRGB(IIII[III)[I @ 202
Event: 1.959 Thread 0x000000001d886000 Uncommon trap: reason=class_check action=maybe_recompile pc=0x0000000002adc134 method=java.awt.image.BufferedImage.getRGB(IIII[III)[I @ 202
Event: 2.066 Thread 0x000000001d886000 Uncommon trap: reason=unloaded action=reinterpret pc=0x0000000002bd86bc method=engine.ui.Font.createFontTexture(Ljava/awt/Font;Z)Lengine/graphic/Texture; @ 441

Internal exceptions (10 events):
Event: 0.098 Thread 0x000000001d886000 Exception <a 'java/lang/NoSuchFieldError': method resolution failed> (0x000000076b6fa1a0) thrown at [C:\re\workspace\8-2-build-windows-amd64-cygwin\jdk8u151\9699\hotspot\src\share\vm\prims\methodHandles.cpp, line 1146]
Event: 0.099 Thread 0x000000001d886000 Exception <a 'java/lang/NoSuchFieldError': method resolution failed> (0x000000076b7075a0) thrown at [C:\re\workspace\8-2-build-windows-amd64-cygwin\jdk8u151\9699\hotspot\src\share\vm\prims\methodHandles.cpp, line 1146]
Event: 0.128 Thread 0x000000001d886000 Exception <a 'java/security/PrivilegedActionException'> (0x000000076b84df28) thrown at [C:\re\workspace\8-2-build-windows-amd64-cygwin\jdk8u151\9699\hotspot\src\share\vm\prims\jvm.cpp, line 1390]
Event: 0.128 Thread 0x000000001d886000 Exception <a 'java/security/PrivilegedActionException'> (0x000000076b84e138) thrown at [C:\re\workspace\8-2-build-windows-amd64-cygwin\jdk8u151\9699\hotspot\src\share\vm\prims\jvm.cpp, line 1390]
Event: 0.128 Thread 0x000000001d886000 Exception <a 'java/security/PrivilegedActionException'> (0x000000076b852048) thrown at [C:\re\workspace\8-2-build-windows-amd64-cygwin\jdk8u151\9699\hotspot\src\share\vm\prims\jvm.cpp, line 1390]
Event: 0.128 Thread 0x000000001d886000 Exception <a 'java/security/PrivilegedActionException'> (0x000000076b852258) thrown at [C:\re\workspace\8-2-build-windows-amd64-cygwin\jdk8u151\9699\hotspot\src\share\vm\prims\jvm.cpp, line 1390]
Event: 0.590 Thread 0x000000001d886000 Exception <a 'sun/nio/fs/WindowsException'> (0x000000076b9f8e88) thrown at [C:\re\workspace\8-2-build-windows-amd64-cygwin\jdk8u151\9699\hotspot\src\share\vm\prims\jni.cpp, line 709]
Event: 0.591 Thread 0x000000001d886000 Exception <a 'sun/nio/fs/WindowsException'> (0x000000076b9f9658) thrown at [C:\re\workspace\8-2-build-windows-amd64-cygwin\jdk8u151\9699\hotspot\src\share\vm\prims\jni.cpp, line 709]
Event: 0.803 Thread 0x000000001d886000 Exception <a 'java/io/FileNotFoundException'> (0x000000076c363770) thrown at [C:\re\workspace\8-2-build-windows-amd64-cygwin\jdk8u151\9699\hotspot\src\share\vm\prims\jni.cpp, line 709]
Event: 1.690 Thread 0x000000001d886000 Exception <a 'java/io/FileNotFoundException'> (0x000000076e1913a0) thrown at [C:\re\workspace\8-2-build-windows-amd64-cygwin\jdk8u151\9699\hotspot\src\share\vm\prims\jni.cpp, line 709]

Events (10 events):
Event: 2.227 loading class java/util/concurrent/CancellationException
Event: 2.227 loading class java/util/concurrent/CancellationException done
Event: 2.227 loading class sun/nio/ch/WindowsAsynchronousFileChannelImpl$ReadTask
Event: 2.227 loading class sun/nio/ch/Iocp$ResultHandler
Event: 2.227 loading class sun/nio/ch/Iocp$ResultHandler done
Event: 2.227 loading class sun/nio/ch/WindowsAsynchronousFileChannelImpl$ReadTask done
Event: 2.231 Executing VM operation: ParallelGCFailedAllocation
Event: 2.240 Executing VM operation: ParallelGCFailedAllocation done
Event: 2.266 Executing VM operation: ParallelGCFailedAllocation
Event: 2.280 Executing VM operation: ParallelGCFailedAllocation done


Dynamic libraries:
0x000000013f720000 - 0x000000013f757000 	C:\Program Files\Java\jdk1.8.0_151\bin\javaw.exe
0x0000000076cf0000 - 0x0000000076e9a000 	C:\Windows\SYSTEM32\ntdll.dll
0x0000000076bd0000 - 0x0000000076cef000 	C:\Windows\system32\kernel32.dll
0x000007fefce10000 - 0x000007fefce7a000 	C:\Windows\system32\KERNELBASE.dll
0x000007fefe060000 - 0x000007fefe13b000 	C:\Windows\system32\ADVAPI32.dll
0x000007fefdfc0000 - 0x000007fefe05f000 	C:\Windows\system32\msvcrt.dll
0x000007fefd240000 - 0x000007fefd25f000 	C:\Windows\SYSTEM32\sechost.dll
0x000007fefeed0000 - 0x000007fefeffd000 	C:\Windows\system32\RPCRT4.dll
0x0000000076ad0000 - 0x0000000076bca000 	C:\Windows\system32\USER32.dll
0x000007fefd670000 - 0x000007fefd6d7000 	C:\Windows\system32\GDI32.dll
0x000007fefdd70000 - 0x000007fefdd7e000 	C:\Windows\system32\LPK.dll
0x000007fefdec0000 - 0x000007fefdf8a000 	C:\Windows\system32\USP10.dll
0x000007fefac20000 - 0x000007fefae14000 	C:\Windows\WinSxS\amd64_microsoft.windows.common-controls_6595b64144ccf1df_6.0.7601.18837_none_fa3b1e3d17594757\COMCTL32.dll
0x000007fefd500000 - 0x000007fefd571000 	C:\Windows\system32\SHLWAPI.dll
0x000007fefdf90000 - 0x000007fefdfbe000 	C:\Windows\system32\IMM32.DLL
0x000007fefd3f0000 - 0x000007fefd4f9000 	C:\Windows\system32\MSCTF.dll
0x0000000072660000 - 0x0000000072732000 	C:\Program Files\Java\jdk1.8.0_151\jre\bin\msvcr100.dll
0x000000006a2b0000 - 0x000000006ab4d000 	C:\Program Files\Java\jdk1.8.0_151\jre\bin\server\jvm.dll
0x000007fedaff0000 - 0x000007fedaff9000 	C:\Windows\system32\WSOCK32.dll
0x000007fefd580000 - 0x000007fefd5cd000 	C:\Windows\system32\WS2_32.dll
0x000007fefdd80000 - 0x000007fefdd88000 	C:\Windows\system32\NSI.dll
0x000007fef9a70000 - 0x000007fef9aab000 	C:\Windows\system32\WINMM.dll
0x000007fefc5c0000 - 0x000007fefc5cc000 	C:\Windows\system32\VERSION.dll
0x0000000076ec0000 - 0x0000000076ec7000 	C:\Windows\system32\PSAPI.DLL
0x0000000072810000 - 0x000000007281f000 	C:\Program Files\Java\jdk1.8.0_151\jre\bin\verify.dll
0x00000000727e0000 - 0x0000000072809000 	C:\Program Files\Java\jdk1.8.0_151\jre\bin\java.dll
0x00000000727c0000 - 0x00000000727d6000 	C:\Program Files\Java\jdk1.8.0_151\jre\bin\zip.dll
0x000007fefe140000 - 0x000007fefeec9000 	C:\Windows\system32\SHELL32.dll
0x000007fefda80000 - 0x000007fefdc83000 	C:\Windows\system32\ole32.dll
0x000007fefcbf0000 - 0x000007fefcbff000 	C:\Windows\system32\profapi.dll
0x00000000727a0000 - 0x00000000727ba000 	C:\Program Files\Java\jdk1.8.0_151\jre\bin\net.dll
0x000007fefc160000 - 0x000007fefc1b5000 	C:\Windows\system32\mswsock.dll
0x000007fefc150000 - 0x000007fefc157000 	C:\Windows\System32\wship6.dll
0x0000000072780000 - 0x0000000072791000 	C:\Program Files\Java\jdk1.8.0_151\jre\bin\nio.dll
0x000007feebbd0000 - 0x000007feebc2b000 	C:\Users\User\AppData\Local\Temp\lwjglUser\3.1.6-build-14\lwjgl.dll
0x000007fefc5b0000 - 0x000007fefc5b3000 	C:\Windows\system32\api-ms-win-core-synch-l1-2-0.DLL
0x000007feebc30000 - 0x000007feebc81000 	C:\Users\User\AppData\Local\Temp\lwjglUser\3.1.6-build-14\glfw.dll
0x000007fefaa80000 - 0x000007fefaad6000 	C:\Windows\system32\uxtheme.dll
0x000007feebb90000 - 0x000007feebbcc000 	C:\Windows\system32\dinput8.dll
0x0000000000400000 - 0x000000000041e000 	C:\Windows\system32\xinput1_3.dll
0x000007fefd060000 - 0x000007fefd237000 	C:\Windows\system32\SETUPAPI.dll
0x000007fefcf60000 - 0x000007fefcf96000 	C:\Windows\system32\CFGMGR32.dll
0x000007fefdc90000 - 0x000007fefdd6a000 	C:\Windows\system32\OLEAUT32.dll
0x000007fefcfa0000 - 0x000007fefcfba000 	C:\Windows\system32\DEVOBJ.dll
0x000007fefa4a0000 - 0x000007fefa4b8000 	C:\Windows\system32\dwmapi.dll
0x000007fef5570000 - 0x000007fef55ef000 	C:\Program Files\Common Files\microsoft shared\ink\tiptsf.dll
0x000007fefa830000 - 0x000007fefa83b000 	C:\Windows\system32\HID.DLL
0x000007fefcfc0000 - 0x000007fefcffb000 	C:\Windows\system32\WINTRUST.dll
0x000007fefcca0000 - 0x000007fefce0d000 	C:\Windows\system32\CRYPT32.dll
0x000007fefcc90000 - 0x000007fefcc9f000 	C:\Windows\system32\MSASN1.dll
0x000007feeb180000 - 0x000007feeb29d000 	C:\Windows\system32\opengl32.dll
0x000007fef0a80000 - 0x000007fef0aad000 	C:\Windows\system32\GLU32.dll
0x000007fed8420000 - 0x000007fed8511000 	C:\Windows\system32\DDRAW.dll
0x000007fee36a0000 - 0x000007fee36a8000 	C:\Windows\system32\DCIMAN32.dll
0x0000000056160000 - 0x0000000058730000 	C:\Windows\system32\nvoglv64.DLL
0x000007fefc560000 - 0x000007fefc571000 	C:\Windows\system32\WTSAPI32.dll
0x000007fefc580000 - 0x000007fefc5ad000 	C:\Windows\system32\ntmarta.dll
0x000007fefd000000 - 0x000007fefd052000 	C:\Windows\system32\WLDAP32.dll
0x000007fee9570000 - 0x000007fee97f8000 	C:\Windows\system32\nvspcap64.dll
0x000007fefc7e0000 - 0x000007fefc81d000 	C:\Windows\system32\WINSTA.dll
0x000007fefcb20000 - 0x000007fefcb2f000 	C:\Windows\system32\CRYPTBASE.dll
0x000007fefd760000 - 0x000007fefd7f9000 	C:\Windows\system32\CLBCatQ.DLL
0x000007feebb30000 - 0x000007feebb8f000 	C:\Users\User\AppData\Local\Temp\lwjglUser\3.1.6-build-14\lwjgl_opengl.dll
0x000007feeabb0000 - 0x000007feeaca0000 	C:\Users\User\AppData\Local\Temp\lwjglUser\3.1.6-build-14\OpenAL.dll
0x000007fefc3d0000 - 0x000007fefc41b000 	C:\Windows\System32\MMDevApi.dll
0x000007fefb500000 - 0x000007fefb62c000 	C:\Windows\System32\PROPSYS.dll
0x000007fef2ef0000 - 0x000007fef2f3f000 	C:\Windows\system32\AUDIOSES.DLL
0x00000000724c0000 - 0x0000000072658000 	C:\Program Files\Java\jdk1.8.0_151\jre\bin\awt.dll
0x000007fefc1c0000 - 0x000007fefc1d8000 	C:\Windows\system32\CRYPTSP.dll
0x000007fefbec0000 - 0x000007fefbf07000 	C:\Windows\system32\rsaenh.dll
0x000007fefc630000 - 0x000007fefc64e000 	C:\Windows\system32\USERENV.dll
0x000007fefa450000 - 0x000007fefa477000 	C:\Windows\system32\IPHLPAPI.DLL
0x000007fefa2d0000 - 0x000007fefa2db000 	C:\Windows\system32\WINNSI.DLL
0x000007fefa160000 - 0x000007fefa171000 	C:\Windows\system32\dhcpcsvc6.DLL
0x000007fefa0e0000 - 0x000007fefa0f8000 	C:\Windows\system32\dhcpcsvc.DLL
0x000007feeb100000 - 0x000007feeb17e000 	C:\Users\User\AppData\Local\Temp\lwjglUser\3.1.6-build-14\lwjgl_stb.dll
0x0000000072470000 - 0x00000000724b7000 	C:\Program Files\Java\jdk1.8.0_151\jre\bin\fontmanager.dll
0x000007fef96a0000 - 0x000007fef989f000 	C:\Windows\system32\d3d9.dll
0x000007fef9690000 - 0x000007fef9697000 	C:\Windows\system32\d3d8thk.dll
0x000007fed1750000 - 0x000007fed2b01000 	C:\Windows\system32\nvd3dumx.dll
0x000007fefb760000 - 0x000007fefb78c000 	C:\Windows\system32\powrprof.dll
0x000007feeaae0000 - 0x000007feeaba3000 	C:\Program Files (x86)\NVIDIA Corporation\3D Vision\nvSCPAPI64.dll
0x000007fefd800000 - 0x000007fefd819000 	C:\Windows\system32\imagehlp.dll
0x000007fefc340000 - 0x000007fefc390000 	C:\Windows\system32\ncrypt.dll
0x000007fefc310000 - 0x000007fefc332000 	C:\Windows\system32\bcrypt.dll
0x000007fefbe00000 - 0x000007fefbe4c000 	C:\Windows\system32\bcryptprimitives.dll
0x000007fefc610000 - 0x000007fefc62b000 	C:\Windows\system32\GPAPI.dll
0x000007fef87c0000 - 0x000007fef87e7000 	C:\Windows\system32\cryptnet.dll
0x0000000072420000 - 0x0000000072462000 	C:\Program Files\Java\jdk1.8.0_151\jre\bin\t2k.dll
0x0000000072750000 - 0x000000007277a000 	C:\Program Files\Java\jdk1.8.0_151\jre\bin\dcpr.dll
0x0000000072370000 - 0x0000000072412000 	C:\Program Files\Java\jdk1.8.0_151\jre\bin\mlib_image.dll
0x000007fef3330000 - 0x000007fef3455000 	C:\Windows\system32\dbghelp.dll

VM Arguments:
jvm_args: -Dfile.encoding=Cp1252 
java_command: demo.Main
java_class_path (initial): C:\Program Files\Java\jdk1.8.0_151\jre\lib\resources.jar;C:\Program Files\Java\jdk1.8.0_151\jre\lib\rt.jar;C:\Program Files\Java\jdk1.8.0_151\jre\lib\jsse.jar;C:\Program Files\Java\jdk1.8.0_151\jre\lib\jce.jar;C:\Program Files\Java\jdk1.8.0_151\jre\lib\charsets.jar;C:\Program Files\Java\jdk1.8.0_151\jre\lib\jfr.jar;C:\Program Files\Java\jdk1.8.0_151\jre\lib\ext\access-bridge-64.jar;C:\Program Files\Java\jdk1.8.0_151\jre\lib\ext\cldrdata.jar;C:\Program Files\Java\jdk1.8.0_151\jre\lib\ext\dnsns.jar;C:\Program Files\Java\jdk1.8.0_151\jre\lib\ext\jaccess.jar;C:\Program Files\Java\jdk1.8.0_151\jre\lib\ext\jfxrt.jar;C:\Program Files\Java\jdk1.8.0_151\jre\lib\ext\localedata.jar;C:\Program Files\Java\jdk1.8.0_151\jre\lib\ext\nashorn.jar;C:\Program Files\Java\jdk1.8.0_151\jre\lib\ext\sunec.jar;C:\Program Files\Java\jdk1.8.0_151\jre\lib\ext\sunjce_provider.jar;C:\Program Files\Java\jdk1.8.0_151\jre\lib\ext\sunmscapi.jar;C:\Program Files\Java\jdk1.8.0_151\jre\lib\ext\sunpkcs11.jar;C:\Program Files\Java\jdk1.8.0_151\jre\lib\ext\zipfs.jar;C:\Users\User\Dropbox\Engine\bin;C:\Users\User\Dropbox\Engine\lib\glm_modified to serialaze\glm-1.0.1.jar;C:\Users\User\Dropbox\Engine\lib\jafama\jafama.jar;C:\Users\User\Dropbox\Engine\lib\jbox2d-library\target\jbox2d-library-2.3.1-SNAPSHOT.jar;C:\Users\User\Dropbox\Engine\lib\lwjgl\lwjgl.jar;C:\Users\User\Dropbox\Engine\lib\lwjgl\lwjgl-glfw.jar;C:\Users\User\Dropbox\Engine\lib\lwjgl\lwjgl-openal.jar;C:\Users\User\Dropbox\Engine\lib\lwjgl\lwjgl-opengl.jar;C:\Users\User\Dropbox\Engine\lib\lwjgl\lwjgl-glfw-natives-windows.jar;C:\Users\User\Dropbox\Engine\lib\lwjgl\lwjgl-openal-natives-windows.jar;C:\Users\User\Dropbox\Engine\lib\lwjgl\lwjgl-opengl-natives-windows.jar;C:\Users\User\Dropbox\Engine\lib\lwjgl\lwjgl-natives-windows.jar;C:\Users\User\Dropbox\Engine\lib\lwjgl\lwjgl-stb-natives-windows.jar;C:\Users\User\Dropbox\Engine\lib\lwjgl\lwjgl-stb.jar
Launcher Type: SUN_STANDARD

Environment Variables:
JAVA_HOME=C:\Program Files\Java\jdk1.8.0_151
PATH=C:/Program Files/Java/jre1.8.0_151/bin/server;C:/Program Files/Java/jre1.8.0_151/bin;C:/Program Files/Java/jre1.8.0_151/lib/amd64;;C:\ProgramData\Oracle\Java\javapath;C:\Windows\system32;C:\Windows;C:\Windows\System32\Wbem;C:\Windows\System32\WindowsPowerShell\v1.0\;C:\Program Files (x86)\NVIDIA Corporation\PhysX\Common;C:\Program Files\PuTTY\;C:\Program Files\Git\cmd;C:\Program Files\MiKTeX 2.9\miktex\bin\x64\;C:\Program Files\apache-maven-3.5.2\bin;C:\Program Files\nodejs\;C:\Program Files\CMake\bin;C:\Program Files\dotnet\;C:\Program Files\Microsoft SQL Server\130\Tools\Binn\;F:\VS2017\VC\Tools\MSVC\14.14.26428\bin\Hostx64\x64;C:\Program Files\Microsoft VS Code\bin;C:\Bitnami\wampstack-7.1.23-0\php;C:\ProgramData\ComposerSetup\bin;C:\Program Files\Java\jdk1.8.0_151\bin;C:\Users\User\AppData\Roaming\npm;C:\Program Files (x86)\Microsoft Visual Studio 14.0\VC\bin\cl.exe;C:\Program Files\Microsoft VS Code\bin;C:\Users\User\AppData\Roaming\Composer\vendor\bin;C:\Users\User\AppData\Local\Gource\cmd;C:\Program Files\Docker Toolbox;C:\Users\User\eclipse\java-oxygen\eclipse;
USERNAME=User
OS=Windows_NT
PROCESSOR_IDENTIFIER=Intel64 Family 6 Model 60 Stepping 3, GenuineIntel



---------------  S Y S T E M  ---------------

OS: Windows 7 , 64 bit Build 7601 (6.1.7601.23572)

CPU:total 8 (initial active 8) (4 cores per cpu, 2 threads per core) family 6 model 60 stepping 3, cmov, cx8, fxsr, mmx, sse, sse2, sse3, ssse3, sse4.1, sse4.2, popcnt, avx, avx2, aes, clmul, erms, rtm, lzcnt, ht, tsc, tscinvbit, bmi1, bmi2

Memory: 4k page, physical 16680660k(10847768k free), swap 33359460k(25497096k free)

vm_info: Java HotSpot(TM) 64-Bit Server VM (25.151-b12) for windows-amd64 JRE (1.8.0_151-b12), built on Sep  5 2017 19:33:46 by "java_re" with MS VC++ 10.0 (VS2010)

time: Thu Feb 07 20:34:44 2019
elapsed time: 2 seconds (0d 0h 0m 2s)

