#
# A fatal error has been detected by the Java Runtime Environment:
#
#  EXCEPTION_ACCESS_VIOLATION (0xc0000005) at pc=0x0000000069a04cb8, pid=10768, tid=0x0000000000000568
#
# JRE version: Java(TM) SE Runtime Environment (8.0_151-b12) (build 1.8.0_151-b12)
# Java VM: Java HotSpot(TM) 64-Bit Server VM (25.151-b12 mixed mode windows-amd64 compressed oops)
# Problematic frame:
# C  [nvoglv64.DLL+0xe34cb8]
#
# Failed to write core dump. Minidumps are not enabled by default on client versions of Windows
#
# If you would like to submit a bug report, please visit:
#   http://bugreport.java.com/bugreport/crash.jsp
# The crash happened outside the Java Virtual Machine in native code.
# See problematic frame for where to report the bug.
#

---------------  T H R E A D  ---------------

Current thread (0x000000001d872800):  JavaThread "Thread-0" [_thread_in_native, id=1384, stack(0x000000001f750000,0x000000001f850000)]

siginfo: ExceptionCode=0xc0000005, reading address 0x0000000000000000

Registers:
RAX=0x0000000022ff766c, RBX=0x0000000021e50080, RCX=0x0000000069a04cb8, RDX=0x0000000000000000
RSP=0x000000001f84f298, RBP=0x0000000000001405, RSI=0x0000000000000008, RDI=0x0000000000000002
R8 =0x0000000000000008, R9 =0x0000000068bd0000, R10=0x0000000000000000, R11=0x0000000022ff766c
R12=0x0000000000000000, R13=0x000000001c367670, R14=0x0000000000000004, R15=0x0000000000000028
RIP=0x0000000069a04cb8, EFLAGS=0x0000000000010206

Top of Stack: (sp=0x000000001f84f298)
0x000000001f84f298:   00000000691e5a37 00000000028c835d
0x000000001f84f2a8:   00000000028d7e06 000000001d83f900
0x000000001f84f2b8:   000000001d872800 000000001f84f3c0
0x000000001f84f2c8:   0000000000000000 00000000028c835d
0x000000001f84f2d8:   00000000028d7f74 000000001bfe24b0
0x000000001f84f2e8:   000000001d872800 000000001c367670
0x000000001f84f2f8:   000000001f84f378 0000000000000002
0x000000001f84f308:   0000000000000000 0000000000000002
0x000000001f84f318:   000000001c367670 000000001bfe24b0
0x000000001f84f328:   000000001d872800 00000000028d7ca2
0x000000001f84f338:   000000001f84f338 000000001c367670
0x000000001f84f348:   000000001f84f3c0 000000001c369f10
0x000000001f84f358:   0000000000000000 000000001c367670
0x000000001f84f368:   0000000000000000 000000001f84f398
0x000000001f84f378:   000000001f84f408 00000000028c835d
0x000000001f84f388:   000000076f22bea8 00000000028d19d8 

Instructions: (pc=0x0000000069a04cb8)
0x0000000069a04c98:   4d e3 00 38 4d e3 00 80 4d e3 00 a0 4d e3 00 d5
0x0000000069a04ca8:   4c e3 00 0f 1f 44 00 00 c3 0f b7 0a 66 89 08 c3
0x0000000069a04cb8:   48 8b 0a 48 89 08 c3 0f b7 0a 44 0f b6 42 02 66
0x0000000069a04cc8:   89 08 44 88 40 02 c3 0f b6 0a 88 08 c3 f3 0f 6f 


Register to memory mapping:

RAX=0x0000000022ff766c is an unknown value
RBX=0x0000000021e50080 is an unknown value
RCX=0x0000000069a04cb8 is an unknown value
RDX=0x0000000000000000 is an unknown value
RSP=0x000000001f84f298 is pointing into the stack for thread: 0x000000001d872800
RBP=0x0000000000001405 is an unknown value
RSI=0x0000000000000008 is an unknown value
RDI=0x0000000000000002 is an unknown value
R8 =0x0000000000000008 is an unknown value
R9 =0x0000000068bd0000 is an unknown value
R10=0x0000000000000000 is an unknown value
R11=0x0000000022ff766c is an unknown value
R12=0x0000000000000000 is an unknown value
R13={method} {0x000000001c367678} 'nglDrawElementsInstanced' '(IIIJI)V' in 'org/lwjgl/opengl/GL31'
R14=0x0000000000000004 is an unknown value
R15=0x0000000000000028 is an unknown value


Stack: [0x000000001f750000,0x000000001f850000],  sp=0x000000001f84f298,  free space=1020k
Native frames: (J=compiled Java code, j=interpreted, Vv=VM code, C=native code)
C  [nvoglv64.DLL+0xe34cb8]
C  [nvoglv64.DLL+0x615a37]
C  0x00000000028d7f74

Java frames: (J=compiled Java code, j=interpreted, Vv=VM code)
j  org.lwjgl.opengl.GL31.nglDrawElementsInstanced(IIIJI)V+0
j  org.lwjgl.opengl.GL31.glDrawElementsInstanced(IIIJI)V+6
j  engine.renderer.TextureRendererV2.end()V+87
j  engine.entity.RenderSystem.renderv2()V+59
j  engine.entity.RenderSystem.render()V+1
j  engine.entity.SystemManager.render()V+22
j  gameStates.Game.render()V+249
j  gameStates.GSM.render()V+4
j  engine.engine.Engine.render()V+7
j  engine.engine.Engine.run()V+32
j  java.lang.Thread.run()V+11
v  ~StubRoutines::call_stub

---------------  P R O C E S S  ---------------

Java Threads: ( => current thread )
  0x000000001fe4f000 JavaThread "AWT-Windows" daemon [_thread_in_native, id=12028, stack(0x000000002b9b0000,0x000000002bab0000)]
  0x000000001fbe5800 JavaThread "AWT-Shutdown" [_thread_blocked, id=11588, stack(0x000000002b7d0000,0x000000002b8d0000)]
  0x000000001fb69000 JavaThread "Java2D Disposer" daemon [_thread_blocked, id=1264, stack(0x0000000025cc0000,0x0000000025dc0000)]
  0x000000000211f000 JavaThread "DestroyJavaVM" [_thread_blocked, id=1196, stack(0x00000000024f0000,0x00000000025f0000)]
=>0x000000001d872800 JavaThread "Thread-0" [_thread_in_native, id=1384, stack(0x000000001f750000,0x000000001f850000)]
  0x000000001d74b000 JavaThread "Service Thread" daemon [_thread_blocked, id=9348, stack(0x000000001f4b0000,0x000000001f5b0000)]
  0x000000001d704800 JavaThread "C1 CompilerThread3" daemon [_thread_blocked, id=10176, stack(0x000000001f2b0000,0x000000001f3b0000)]
  0x000000001d6e2800 JavaThread "C2 CompilerThread2" daemon [_thread_blocked, id=4400, stack(0x000000001f030000,0x000000001f130000)]
  0x000000001d6db800 JavaThread "C2 CompilerThread1" daemon [_thread_blocked, id=4108, stack(0x000000001ef10000,0x000000001f010000)]
  0x000000001d6c2000 JavaThread "C2 CompilerThread0" daemon [_thread_blocked, id=10984, stack(0x000000001eb00000,0x000000001ec00000)]
  0x000000001d6c0800 JavaThread "Attach Listener" daemon [_thread_blocked, id=10664, stack(0x000000001edb0000,0x000000001eeb0000)]
  0x000000001d6bf000 JavaThread "Signal Dispatcher" daemon [_thread_blocked, id=8088, stack(0x000000001ec20000,0x000000001ed20000)]
  0x000000001c71e800 JavaThread "Finalizer" daemon [_thread_blocked, id=11108, stack(0x000000001e9c0000,0x000000001eac0000)]
  0x000000001c717000 JavaThread "Reference Handler" daemon [_thread_blocked, id=10528, stack(0x000000001e5e0000,0x000000001e6e0000)]

Other Threads:
  0x000000001d671800 VMThread [stack: 0x000000001e700000,0x000000001e800000] [id=3504]
  0x000000001d750000 WatcherThread [stack: 0x000000001f5b0000,0x000000001f6b0000] [id=8220]

VM state:not at safepoint (normal execution)

VM Mutex/Monitor currently owned by a thread: None

Heap:
 PSYoungGen      total 76288K, used 50852K [0x000000076b200000, 0x0000000770700000, 0x00000007c0000000)
  eden space 65536K, 61% used [0x000000076b200000,0x000000076d92a310,0x000000076f200000)
  from space 10752K, 99% used [0x000000076f200000,0x000000076fc7f090,0x000000076fc80000)
  to   space 10752K, 0% used [0x000000076fc80000,0x000000076fc80000,0x0000000770700000)
 ParOldGen       total 175104K, used 21862K [0x00000006c1600000, 0x00000006cc100000, 0x000000076b200000)
  object space 175104K, 12% used [0x00000006c1600000,0x00000006c2b59bf8,0x00000006cc100000)
 Metaspace       used 16155K, capacity 16435K, committed 16640K, reserved 1064960K
  class space    used 1376K, capacity 1462K, committed 1536K, reserved 1048576K

Card table byte_map: [0x0000000011c80000,0x0000000012480000] byte_map_base: 0x000000000e675000

Marking Bits: (ParMarkBitMap*) 0x0000000070bfd850
 Begin Bits: [0x00000000135e0000, 0x0000000017588000)
 End Bits:   [0x0000000017588000, 0x000000001b530000)

Polling page: 0x0000000000220000

CodeCache: size=245760Kb used=4611Kb max_used=4620Kb free=241148Kb
 bounds [0x00000000028c0000, 0x0000000002d50000, 0x00000000118c0000]
 total_blobs=2318 nmethods=1267 adapters=964
 compilation: enabled

Compilation events (10 events):
Event: 2.075 Thread 0x000000001d6c2000 nmethod 1261 0x0000000002d37650 code [0x0000000002d378a0, 0x0000000002d38270]
Event: 2.100 Thread 0x000000001d704800 1263 %     3       engine.logic.Chunk::generateTerrain @ 72 (813 bytes)
Event: 2.101 Thread 0x000000001d704800 nmethod 1263% 0x0000000002d38d10 code [0x0000000002d391e0, 0x0000000002d3bb88]
Event: 2.102 Thread 0x000000001d6e2800 1264       4       engine.noise.FastNoise::ValCoord2D (33 bytes)
Event: 2.102 Thread 0x000000001d6e2800 nmethod 1264 0x0000000002d32950 code [0x0000000002d32aa0, 0x0000000002d32b18]
Event: 2.102 Thread 0x000000001d704800 1265       3       engine.logic.Chunk::generateTerrain (813 bytes)
Event: 2.104 Thread 0x000000001d704800 nmethod 1265 0x0000000002d3e790 code [0x0000000002d3ec40, 0x0000000002d411c8]
Event: 2.108 Thread 0x000000001d6db800 1266 %     4       engine.logic.Chunk::generateTerrain @ 72 (813 bytes)
Event: 2.120 Thread 0x000000001d6c2000 1267       4       sun.nio.cs.SingleByte$Encoder::encode (32 bytes)
Event: 2.120 Thread 0x000000001d6c2000 nmethod 1267 0x0000000002d325d0 code [0x0000000002d32720, 0x0000000002d32838]

GC Heap History (2 events):
Event: 1.806 GC heap before
{Heap before GC invocations=1 (full 0):
 PSYoungGen      total 76288K, used 65536K [0x000000076b200000, 0x0000000770700000, 0x00000007c0000000)
  eden space 65536K, 100% used [0x000000076b200000,0x000000076f200000,0x000000076f200000)
  from space 10752K, 0% used [0x000000076fc80000,0x000000076fc80000,0x0000000770700000)
  to   space 10752K, 0% used [0x000000076f200000,0x000000076f200000,0x000000076fc80000)
 ParOldGen       total 175104K, used 0K [0x00000006c1600000, 0x00000006cc100000, 0x000000076b200000)
  object space 175104K, 0% used [0x00000006c1600000,0x00000006c1600000,0x00000006cc100000)
 Metaspace       used 13400K, capacity 13683K, committed 13952K, reserved 1062912K
  class space    used 1232K, capacity 1334K, committed 1408K, reserved 1048576K
Event: 1.815 GC heap after
Heap after GC invocations=1 (full 0):
 PSYoungGen      total 76288K, used 10748K [0x000000076b200000, 0x0000000770700000, 0x00000007c0000000)
  eden space 65536K, 0% used [0x000000076b200000,0x000000076b200000,0x000000076f200000)
  from space 10752K, 99% used [0x000000076f200000,0x000000076fc7f090,0x000000076fc80000)
  to   space 10752K, 0% used [0x000000076fc80000,0x000000076fc80000,0x0000000770700000)
 ParOldGen       total 175104K, used 21862K [0x00000006c1600000, 0x00000006cc100000, 0x000000076b200000)
  object space 175104K, 12% used [0x00000006c1600000,0x00000006c2b59bf8,0x00000006cc100000)
 Metaspace       used 13400K, capacity 13683K, committed 13952K, reserved 1062912K
  class space    used 1232K, capacity 1334K, committed 1408K, reserved 1048576K
}

Deoptimization events (3 events):
Event: 0.836 Thread 0x000000001d872800 Uncommon trap: reason=unstable_if action=reinterpret pc=0x0000000002a59d9c method=java.lang.String.indexOf([CII[CIII)I @ 3
Event: 0.945 Thread 0x000000001d872800 Uncommon trap: reason=unstable_if action=reinterpret pc=0x0000000002be6490 method=java.awt.image.BufferedImage.getRGB(IIII[III)[I @ 163
Event: 1.916 Thread 0x000000001d872800 Uncommon trap: reason=unloaded action=reinterpret pc=0x0000000002cee53c method=engine.ui.Font.createFontTexture(Ljava/awt/Font;Z)Lengine/graphic/Texture; @ 441

Internal exceptions (10 events):
Event: 0.100 Thread 0x000000001d872800 Exception <a 'java/lang/NoSuchFieldError': method resolution failed> (0x000000076b6fa560) thrown at [C:\re\workspace\8-2-build-windows-amd64-cygwin\jdk8u151\9699\hotspot\src\share\vm\prims\methodHandles.cpp, line 1146]
Event: 0.101 Thread 0x000000001d872800 Exception <a 'java/lang/NoSuchFieldError': method resolution failed> (0x000000076b707960) thrown at [C:\re\workspace\8-2-build-windows-amd64-cygwin\jdk8u151\9699\hotspot\src\share\vm\prims\methodHandles.cpp, line 1146]
Event: 0.129 Thread 0x000000001d872800 Exception <a 'java/security/PrivilegedActionException'> (0x000000076b84e800) thrown at [C:\re\workspace\8-2-build-windows-amd64-cygwin\jdk8u151\9699\hotspot\src\share\vm\prims\jvm.cpp, line 1390]
Event: 0.129 Thread 0x000000001d872800 Exception <a 'java/security/PrivilegedActionException'> (0x000000076b84ea10) thrown at [C:\re\workspace\8-2-build-windows-amd64-cygwin\jdk8u151\9699\hotspot\src\share\vm\prims\jvm.cpp, line 1390]
Event: 0.129 Thread 0x000000001d872800 Exception <a 'java/security/PrivilegedActionException'> (0x000000076b852920) thrown at [C:\re\workspace\8-2-build-windows-amd64-cygwin\jdk8u151\9699\hotspot\src\share\vm\prims\jvm.cpp, line 1390]
Event: 0.129 Thread 0x000000001d872800 Exception <a 'java/security/PrivilegedActionException'> (0x000000076b852b30) thrown at [C:\re\workspace\8-2-build-windows-amd64-cygwin\jdk8u151\9699\hotspot\src\share\vm\prims\jvm.cpp, line 1390]
Event: 0.621 Thread 0x000000001d872800 Exception <a 'sun/nio/fs/WindowsException'> (0x000000076b9f70b0) thrown at [C:\re\workspace\8-2-build-windows-amd64-cygwin\jdk8u151\9699\hotspot\src\share\vm\prims\jni.cpp, line 709]
Event: 0.622 Thread 0x000000001d872800 Exception <a 'sun/nio/fs/WindowsException'> (0x000000076b9f7880) thrown at [C:\re\workspace\8-2-build-windows-amd64-cygwin\jdk8u151\9699\hotspot\src\share\vm\prims\jni.cpp, line 709]
Event: 0.828 Thread 0x000000001d872800 Exception <a 'java/io/FileNotFoundException'> (0x000000076c3509a8) thrown at [C:\re\workspace\8-2-build-windows-amd64-cygwin\jdk8u151\9699\hotspot\src\share\vm\prims\jni.cpp, line 709]
Event: 1.622 Thread 0x000000001d872800 Exception <a 'java/io/FileNotFoundException'> (0x000000076d4a5a58) thrown at [C:\re\workspace\8-2-build-windows-amd64-cygwin\jdk8u151\9699\hotspot\src\share\vm\prims\jni.cpp, line 709]

Events (10 events):
Event: 2.063 loading class engine/noise/FastNoise$NoiseType
Event: 2.063 loading class engine/noise/FastNoise$NoiseType done
Event: 2.063 loading class engine/noise/FastNoise$FractalType
Event: 2.063 loading class engine/noise/FastNoise$FractalType done
Event: 2.063 loading class engine/noise/FastNoise$CellularDistanceFunction
Event: 2.063 loading class engine/noise/FastNoise$CellularDistanceFunction done
Event: 2.063 loading class engine/noise/FastNoise$CellularReturnType
Event: 2.063 loading class engine/noise/FastNoise$CellularReturnType done
Event: 2.064 loading class engine/utilities/Color
Event: 2.064 loading class engine/utilities/Color done


Dynamic libraries:
0x000000013fd70000 - 0x000000013fda7000 	C:\Program Files\Java\jdk1.8.0_151\bin\javaw.exe
0x00000000778d0000 - 0x0000000077a7a000 	C:\Windows\SYSTEM32\ntdll.dll
0x00000000776b0000 - 0x00000000777cf000 	C:\Windows\system32\kernel32.dll
0x000007fefd8a0000 - 0x000007fefd90a000 	C:\Windows\system32\KERNELBASE.dll
0x000007feffb00000 - 0x000007feffbdb000 	C:\Windows\system32\ADVAPI32.dll
0x000007fefdfb0000 - 0x000007fefe04f000 	C:\Windows\system32\msvcrt.dll
0x000007fefe050000 - 0x000007fefe06f000 	C:\Windows\SYSTEM32\sechost.dll
0x000007feff0d0000 - 0x000007feff1fd000 	C:\Windows\system32\RPCRT4.dll
0x00000000777d0000 - 0x00000000778ca000 	C:\Windows\system32\USER32.dll
0x000007fefe100000 - 0x000007fefe167000 	C:\Windows\system32\GDI32.dll
0x000007fefdf00000 - 0x000007fefdf0e000 	C:\Windows\system32\LPK.dll
0x000007fefe250000 - 0x000007fefe31a000 	C:\Windows\system32\USP10.dll
0x000007fefba30000 - 0x000007fefbc24000 	C:\Windows\WinSxS\amd64_microsoft.windows.common-controls_6595b64144ccf1df_6.0.7601.18837_none_fa3b1e3d17594757\COMCTL32.dll
0x000007feff7b0000 - 0x000007feff821000 	C:\Windows\system32\SHLWAPI.dll
0x000007fefe070000 - 0x000007fefe09e000 	C:\Windows\system32\IMM32.DLL
0x000007fefdbe0000 - 0x000007fefdce9000 	C:\Windows\system32\MSCTF.dll
0x0000000051f90000 - 0x0000000052062000 	C:\Program Files\Java\jdk1.8.0_151\jre\bin\msvcr100.dll
0x00000000703e0000 - 0x0000000070c7d000 	C:\Program Files\Java\jdk1.8.0_151\jre\bin\server\jvm.dll
0x000007fedc790000 - 0x000007fedc799000 	C:\Windows\system32\WSOCK32.dll
0x000007feff460000 - 0x000007feff4ad000 	C:\Windows\system32\WS2_32.dll
0x000007feff960000 - 0x000007feff968000 	C:\Windows\system32\NSI.dll
0x000007fefa800000 - 0x000007fefa83b000 	C:\Windows\system32\WINMM.dll
0x000007fefd1c0000 - 0x000007fefd1cc000 	C:\Windows\system32\VERSION.dll
0x0000000077a90000 - 0x0000000077a97000 	C:\Windows\system32\PSAPI.DLL
0x00000000720c0000 - 0x00000000720cf000 	C:\Program Files\Java\jdk1.8.0_151\jre\bin\verify.dll
0x000000005c570000 - 0x000000005c599000 	C:\Program Files\Java\jdk1.8.0_151\jre\bin\java.dll
0x0000000060160000 - 0x0000000060176000 	C:\Program Files\Java\jdk1.8.0_151\jre\bin\zip.dll
0x000007fefe320000 - 0x000007feff0a9000 	C:\Windows\system32\SHELL32.dll
0x000007fefdcf0000 - 0x000007fefdef3000 	C:\Windows\system32\ole32.dll
0x000007fefd7d0000 - 0x000007fefd7df000 	C:\Windows\system32\profapi.dll
0x0000000072070000 - 0x000000007208a000 	C:\Program Files\Java\jdk1.8.0_151\jre\bin\net.dll
0x000007fefcd40000 - 0x000007fefcd95000 	C:\Windows\system32\mswsock.dll
0x000007fefcd30000 - 0x000007fefcd37000 	C:\Windows\System32\wship6.dll
0x000000005c550000 - 0x000000005c561000 	C:\Program Files\Java\jdk1.8.0_151\jre\bin\nio.dll
0x000007fecd0a0000 - 0x000007fecd0fb000 	C:\Users\User\AppData\Local\Temp\lwjglUser\3.1.6-build-14\lwjgl.dll
0x000007fefd1b0000 - 0x000007fefd1b3000 	C:\Windows\system32\api-ms-win-core-synch-l1-2-0.DLL
0x000007feccc50000 - 0x000007feccca1000 	C:\Users\User\AppData\Local\Temp\lwjglUser\3.1.6-build-14\glfw.dll
0x000007fefb480000 - 0x000007fefb4d6000 	C:\Windows\system32\uxtheme.dll
0x000007fee3150000 - 0x000007fee318c000 	C:\Windows\system32\dinput8.dll
0x0000000002050000 - 0x000000000206e000 	C:\Windows\system32\xinput1_3.dll
0x000007feff280000 - 0x000007feff457000 	C:\Windows\system32\SETUPAPI.dll
0x000007fefd990000 - 0x000007fefd9c6000 	C:\Windows\system32\CFGMGR32.dll
0x000007fefe170000 - 0x000007fefe24a000 	C:\Windows\system32\OLEAUT32.dll
0x000007fefd880000 - 0x000007fefd89a000 	C:\Windows\system32\DEVOBJ.dll
0x000007fefad30000 - 0x000007fefad48000 	C:\Windows\system32\dwmapi.dll
0x000007fefae90000 - 0x000007fefae9b000 	C:\Windows\system32\HID.DLL
0x000007fefd950000 - 0x000007fefd98b000 	C:\Windows\system32\WINTRUST.dll
0x000007fefd9d0000 - 0x000007fefdb3d000 	C:\Windows\system32\CRYPT32.dll
0x000007fefd870000 - 0x000007fefd87f000 	C:\Windows\system32\MSASN1.dll
0x000007fec7840000 - 0x000007fec795d000 	C:\Windows\system32\opengl32.dll
0x000007fecf680000 - 0x000007fecf6ad000 	C:\Windows\system32\GLU32.dll
0x000007fec9240000 - 0x000007fec9331000 	C:\Windows\system32\DDRAW.dll
0x000007fee3920000 - 0x000007fee3928000 	C:\Windows\system32\DCIMAN32.dll
0x0000000068bd0000 - 0x000000006b1a0000 	C:\Windows\system32\nvoglv64.DLL
0x000007fefd160000 - 0x000007fefd171000 	C:\Windows\system32\WTSAPI32.dll
0x000007fefd180000 - 0x000007fefd1ad000 	C:\Windows\system32\ntmarta.dll
0x000007fefe0a0000 - 0x000007fefe0f2000 	C:\Windows\system32\WLDAP32.dll
0x000007feea590000 - 0x000007feea818000 	C:\Windows\system32\nvspcap64.dll
0x000007fefd3d0000 - 0x000007fefd40d000 	C:\Windows\system32\WINSTA.dll
0x000007fefd700000 - 0x000007fefd70f000 	C:\Windows\system32\CRYPTBASE.dll
0x000007fec75e0000 - 0x000007fec763f000 	C:\Users\User\AppData\Local\Temp\lwjglUser\3.1.6-build-14\lwjgl_opengl.dll
0x000007fec48b0000 - 0x000007fec49a0000 	C:\Users\User\AppData\Local\Temp\lwjglUser\3.1.6-build-14\OpenAL.dll
0x000007fefdf10000 - 0x000007fefdfa9000 	C:\Windows\system32\CLBCatQ.DLL
0x000007fefcfb0000 - 0x000007fefcffb000 	C:\Windows\System32\MMDevApi.dll
0x000007fefc060000 - 0x000007fefc18c000 	C:\Windows\System32\PROPSYS.dll
0x000007fef94d0000 - 0x000007fef951f000 	C:\Windows\system32\AUDIOSES.DLL
0x0000000051df0000 - 0x0000000051f88000 	C:\Program Files\Java\jdk1.8.0_151\jre\bin\awt.dll
0x000007fefcda0000 - 0x000007fefcdb8000 	C:\Windows\system32\CRYPTSP.dll
0x000007fefcaa0000 - 0x000007fefcae7000 	C:\Windows\system32\rsaenh.dll
0x000007fefd230000 - 0x000007fefd24e000 	C:\Windows\system32\USERENV.dll
0x000007fefb110000 - 0x000007fefb137000 	C:\Windows\system32\IPHLPAPI.DLL
0x000007fefb100000 - 0x000007fefb10b000 	C:\Windows\system32\WINNSI.DLL
0x000007fefaf00000 - 0x000007fefaf11000 	C:\Windows\system32\dhcpcsvc6.DLL
0x000007fefae70000 - 0x000007fefae88000 	C:\Windows\system32\dhcpcsvc.DLL
0x000007fec4830000 - 0x000007fec48ae000 	C:\Users\User\AppData\Local\Temp\lwjglUser\3.1.6-build-14\lwjgl_stb.dll
0x000000005c500000 - 0x000000005c547000 	C:\Program Files\Java\jdk1.8.0_151\jre\bin\fontmanager.dll
0x000007fef9f90000 - 0x000007fefa18f000 	C:\Windows\system32\d3d9.dll
0x000007fef9f80000 - 0x000007fef9f87000 	C:\Windows\system32\d3d8thk.dll
0x000007fecaf10000 - 0x000007fecc2c1000 	C:\Windows\system32\nvd3dumx.dll
0x000007fefc340000 - 0x000007fefc36c000 	C:\Windows\system32\powrprof.dll
0x000007fecf480000 - 0x000007fecf543000 	C:\Program Files (x86)\NVIDIA Corporation\3D Vision\nvSCPAPI64.dll
0x000007feff0b0000 - 0x000007feff0c9000 	C:\Windows\system32\imagehlp.dll
0x000007fefcf20000 - 0x000007fefcf70000 	C:\Windows\system32\ncrypt.dll
0x000007fefcef0000 - 0x000007fefcf12000 	C:\Windows\system32\bcrypt.dll
0x000007fefc9e0000 - 0x000007fefca2c000 	C:\Windows\system32\bcryptprimitives.dll
0x000007fefd210000 - 0x000007fefd22b000 	C:\Windows\system32\GPAPI.dll
0x000007fef9760000 - 0x000007fef9787000 	C:\Windows\system32\cryptnet.dll
0x000000005bd20000 - 0x000000005bd62000 	C:\Program Files\Java\jdk1.8.0_151\jre\bin\t2k.dll
0x00000000502e0000 - 0x0000000050382000 	C:\Program Files\Java\jdk1.8.0_151\jre\bin\mlib_image.dll
0x000007fef6af0000 - 0x000007fef6c15000 	C:\Windows\system32\dbghelp.dll

VM Arguments:
jvm_args: -Dfile.encoding=Cp1252 
java_command: game.Main
java_class_path (initial): C:\Program Files\Java\jdk1.8.0_151\jre\lib\resources.jar;C:\Program Files\Java\jdk1.8.0_151\jre\lib\rt.jar;C:\Program Files\Java\jdk1.8.0_151\jre\lib\jsse.jar;C:\Program Files\Java\jdk1.8.0_151\jre\lib\jce.jar;C:\Program Files\Java\jdk1.8.0_151\jre\lib\charsets.jar;C:\Program Files\Java\jdk1.8.0_151\jre\lib\jfr.jar;C:\Program Files\Java\jdk1.8.0_151\jre\lib\ext\access-bridge-64.jar;C:\Program Files\Java\jdk1.8.0_151\jre\lib\ext\cldrdata.jar;C:\Program Files\Java\jdk1.8.0_151\jre\lib\ext\dnsns.jar;C:\Program Files\Java\jdk1.8.0_151\jre\lib\ext\jaccess.jar;C:\Program Files\Java\jdk1.8.0_151\jre\lib\ext\jfxrt.jar;C:\Program Files\Java\jdk1.8.0_151\jre\lib\ext\localedata.jar;C:\Program Files\Java\jdk1.8.0_151\jre\lib\ext\nashorn.jar;C:\Program Files\Java\jdk1.8.0_151\jre\lib\ext\sunec.jar;C:\Program Files\Java\jdk1.8.0_151\jre\lib\ext\sunjce_provider.jar;C:\Program Files\Java\jdk1.8.0_151\jre\lib\ext\sunmscapi.jar;C:\Program Files\Java\jdk1.8.0_151\jre\lib\ext\sunpkcs11.jar;C:\Program Files\Java\jdk1.8.0_151\jre\lib\ext\zipfs.jar;C:\Users\User\Dropbox\Engine\bin;C:\Users\User\Dropbox\Engine\lib\glm_modified to serialaze\glm-1.0.1.jar;C:\Users\User\Dropbox\Engine\lib\jafama\jafama.jar;C:\Users\User\Dropbox\Engine\lib\jbox2d-library\target\jbox2d-library-2.3.1-SNAPSHOT.jar;C:\Users\User\Dropbox\Engine\lib\lwjgl\lwjgl.jar;C:\Users\User\Dropbox\Engine\lib\lwjgl\lwjgl-glfw.jar;C:\Users\User\Dropbox\Engine\lib\lwjgl\lwjgl-openal.jar;C:\Users\User\Dropbox\Engine\lib\lwjgl\lwjgl-opengl.jar;C:\Users\User\Dropbox\Engine\lib\lwjgl\lwjgl-glfw-natives-windows.jar;C:\Users\User\Dropbox\Engine\lib\lwjgl\lwjgl-openal-natives-windows.jar;C:\Users\User\Dropbox\Engine\lib\lwjgl\lwjgl-opengl-natives-windows.jar;C:\Users\User\Dropbox\Engine\lib\lwjgl\lwjgl-natives-windows.jar;C:\Users\User\Dropbox\Engine\lib\lwjgl\lwjgl-stb-natives-windows.jar;C:\Users\User\Dropbox\Engine\lib\lwjgl\lwjgl-stb.jar
Launcher Type: SUN_STANDARD

Environment Variables:
JAVA_HOME=C:\Program Files\Java\jdk1.8.0_151
PATH=C:/Program Files/Java/jre1.8.0_151/bin/server;C:/Program Files/Java/jre1.8.0_151/bin;C:/Program Files/Java/jre1.8.0_151/lib/amd64;;C:\ProgramData\Oracle\Java\javapath;C:\Windows\system32;C:\Windows;C:\Windows\System32\Wbem;C:\Windows\System32\WindowsPowerShell\v1.0\;C:\Program Files (x86)\NVIDIA Corporation\PhysX\Common;C:\Program Files\PuTTY\;C:\Program Files\Git\cmd;C:\Program Files\MiKTeX 2.9\miktex\bin\x64\;C:\Program Files\apache-maven-3.5.2\bin;C:\Program Files\nodejs\;C:\Program Files\CMake\bin;C:\Program Files\dotnet\;C:\Program Files\Microsoft SQL Server\130\Tools\Binn\;F:\VS2017\VC\Tools\MSVC\14.14.26428\bin\Hostx64\x64;C:\Program Files\Microsoft VS Code\bin;C:\Bitnami\wampstack-7.1.23-0\php;C:\ProgramData\ComposerSetup\bin;C:\Program Files\Java\jdk1.8.0_151\bin;C:\Users\User\AppData\Roaming\npm;C:\Program Files (x86)\Microsoft Visual Studio 14.0\VC\bin\cl.exe;C:\Program Files\Microsoft VS Code\bin;C:\Users\User\AppData\Roaming\Composer\vendor\bin;C:\Users\User\eclipse\java-oxygen\eclipse;
USERNAME=User
OS=Windows_NT
PROCESSOR_IDENTIFIER=Intel64 Family 6 Model 60 Stepping 3, GenuineIntel



---------------  S Y S T E M  ---------------

OS: Windows 7 , 64 bit Build 7601 (6.1.7601.23572)

CPU:total 8 (initial active 8) (4 cores per cpu, 2 threads per core) family 6 model 60 stepping 3, cmov, cx8, fxsr, mmx, sse, sse2, sse3, ssse3, sse4.1, sse4.2, popcnt, avx, avx2, aes, clmul, erms, rtm, lzcnt, ht, tsc, tscinvbit, bmi1, bmi2

Memory: 4k page, physical 16680660k(10607444k free), swap 33359460k(22354500k free)

vm_info: Java HotSpot(TM) 64-Bit Server VM (25.151-b12) for windows-amd64 JRE (1.8.0_151-b12), built on Sep  5 2017 19:33:46 by "java_re" with MS VC++ 10.0 (VS2010)

time: Sat Oct 27 21:34:31 2018
elapsed time: 2 seconds (0d 0h 0m 2s)

